"C:/Users/SLATE 15/Documents/GitHub/Hannah-Ashna.github.io/DevSoc-VR-Room/TemplateProject3/Content/FPWeapon/Materials/MaterialLayers/T_ML_FineRubber.uasset" 0
"C:/Users/SLATE 15/Documents/GitHub/Hannah-Ashna.github.io/DevSoc-VR-Room/TemplateProject3/Content/FPWeapon/Materials/MaterialLayers/T_ML_FineRubber.uexp" 1
"C:/Users/SLATE 15/Documents/GitHub/Hannah-Ashna.github.io/DevSoc-VR-Room/TemplateProject3/Content/FPWeapon/Materials/MaterialLayers/T_ML_FineRubber.ubulk" 2
"C:/Users/SLATE 15/Documents/GitHub/Hannah-Ashna.github.io/DevSoc-VR-Room/TemplateProject3/Content/VRTemplate/Materials/Functions/MF_LightmassReplace.uasset" 3
"C:/Users/SLATE 15/Documents/GitHub/Hannah-Ashna.github.io/DevSoc-VR-Room/TemplateProject3/Content/VRTemplate/Materials/Functions/MF_LightmassReplace.uexp" 4
"C:/Users/SLATE 15/Documents/GitHub/Hannah-Ashna.github.io/DevSoc-VR-Room/TemplateProject3/Content/Whiteboard/Markers/MarkerColours.uasset" 5
"C:/Users/SLATE 15/Documents/GitHub/Hannah-Ashna.github.io/DevSoc-VR-Room/TemplateProject3/Content/Whiteboard/Markers/MarkerColours.uexp" 6
"C:/Users/SLATE 15/Documents/GitHub/Hannah-Ashna.github.io/DevSoc-VR-Room/TemplateProject3/Content/Whiteboard/Markers/Geometry/MarkerRedMaterial.uasset" 7
"C:/Users/SLATE 15/Documents/GitHub/Hannah-Ashna.github.io/DevSoc-VR-Room/TemplateProject3/Content/Whiteboard/Markers/Geometry/MarkerRedMaterial.uexp" 8
"C:/Users/SLATE 15/Documents/GitHub/Hannah-Ashna.github.io/DevSoc-VR-Room/TemplateProject3/Content/Whiteboard/Markers/Geometry/MarkerBaseMaterial.uasset" 9
"C:/Users/SLATE 15/Documents/GitHub/Hannah-Ashna.github.io/DevSoc-VR-Room/TemplateProject3/Content/Whiteboard/Markers/Geometry/MarkerBaseMaterial.uexp" 10
"C:/Users/SLATE 15/Documents/GitHub/Hannah-Ashna.github.io/DevSoc-VR-Room/TemplateProject3/Content/Whiteboard/Markers/Geometry/Marker.uasset" 11
"C:/Users/SLATE 15/Documents/GitHub/Hannah-Ashna.github.io/DevSoc-VR-Room/TemplateProject3/Content/Whiteboard/Markers/Geometry/Marker.uexp" 12
"../../../Engine/Content/Functions/Engine_MaterialFunctions02/Utility/VectorLength.uasset" 13
"../../../Engine/Content/Functions/Engine_MaterialFunctions02/Utility/VectorLength.uexp" 14
"C:/Users/SLATE 15/Documents/GitHub/Hannah-Ashna.github.io/DevSoc-VR-Room/TemplateProject3/Content/Whiteboard/Markers/RedMarkerMaterial.uasset" 15
"C:/Users/SLATE 15/Documents/GitHub/Hannah-Ashna.github.io/DevSoc-VR-Room/TemplateProject3/Content/Whiteboard/Markers/RedMarkerMaterial.uexp" 16
"C:/Users/SLATE 15/Documents/GitHub/Hannah-Ashna.github.io/DevSoc-VR-Room/TemplateProject3/Content/Whiteboard/Markers/BaseMarkerMaterial.uasset" 17
"C:/Users/SLATE 15/Documents/GitHub/Hannah-Ashna.github.io/DevSoc-VR-Room/TemplateProject3/Content/Whiteboard/Markers/BaseMarkerMaterial.uexp" 18
"C:/Users/SLATE 15/Documents/GitHub/Hannah-Ashna.github.io/DevSoc-VR-Room/TemplateProject3/Content/Whiteboard/RTWhiteboard.uasset" 19
"C:/Users/SLATE 15/Documents/GitHub/Hannah-Ashna.github.io/DevSoc-VR-Room/TemplateProject3/Content/Whiteboard/RTWhiteboard.uexp" 20
"C:/Users/SLATE 15/Documents/GitHub/Hannah-Ashna.github.io/DevSoc-VR-Room/TemplateProject3/Content/Whiteboard/WhiteboardMaterial.uasset" 21
"C:/Users/SLATE 15/Documents/GitHub/Hannah-Ashna.github.io/DevSoc-VR-Room/TemplateProject3/Content/Whiteboard/WhiteboardMaterial.uexp" 22
"C:/Users/SLATE 15/Documents/GitHub/Hannah-Ashna.github.io/DevSoc-VR-Room/TemplateProject3/Content/Whiteboard/WhiteboardBorderMaterial.uasset" 23
"C:/Users/SLATE 15/Documents/GitHub/Hannah-Ashna.github.io/DevSoc-VR-Room/TemplateProject3/Content/Whiteboard/WhiteboardBorderMaterial.uexp" 24
"C:/Users/SLATE 15/Documents/GitHub/Hannah-Ashna.github.io/DevSoc-VR-Room/TemplateProject3/Content/Whiteboard/Whiteboard.uasset" 25
"C:/Users/SLATE 15/Documents/GitHub/Hannah-Ashna.github.io/DevSoc-VR-Room/TemplateProject3/Content/Whiteboard/Whiteboard.uexp" 26
"C:/Users/SLATE 15/Documents/GitHub/Hannah-Ashna.github.io/DevSoc-VR-Room/TemplateProject3/Content/Whiteboard/WhiteboardActor.uasset" 27
"C:/Users/SLATE 15/Documents/GitHub/Hannah-Ashna.github.io/DevSoc-VR-Room/TemplateProject3/Content/Whiteboard/WhiteboardActor.uexp" 28
"C:/Users/SLATE 15/Documents/GitHub/Hannah-Ashna.github.io/DevSoc-VR-Room/TemplateProject3/Content/VRTemplate/Blueprints/GrabType.uasset" 29
"C:/Users/SLATE 15/Documents/GitHub/Hannah-Ashna.github.io/DevSoc-VR-Room/TemplateProject3/Content/VRTemplate/Blueprints/GrabType.uexp" 30
"C:/Users/SLATE 15/Documents/GitHub/Hannah-Ashna.github.io/DevSoc-VR-Room/TemplateProject3/Content/VRTemplate/Haptics/GrabHapticEffect.uasset" 31
"C:/Users/SLATE 15/Documents/GitHub/Hannah-Ashna.github.io/DevSoc-VR-Room/TemplateProject3/Content/VRTemplate/Haptics/GrabHapticEffect.uexp" 32
"C:/Users/SLATE 15/Documents/GitHub/Hannah-Ashna.github.io/DevSoc-VR-Room/TemplateProject3/Content/VRTemplate/Blueprints/VRInteractionBPI.uasset" 33
"C:/Users/SLATE 15/Documents/GitHub/Hannah-Ashna.github.io/DevSoc-VR-Room/TemplateProject3/Content/VRTemplate/Blueprints/VRInteractionBPI.uexp" 34
"C:/Users/SLATE 15/Documents/GitHub/Hannah-Ashna.github.io/DevSoc-VR-Room/TemplateProject3/Content/VRTemplate/Blueprints/GrabComponent.uasset" 35
"C:/Users/SLATE 15/Documents/GitHub/Hannah-Ashna.github.io/DevSoc-VR-Room/TemplateProject3/Content/VRTemplate/Blueprints/GrabComponent.uexp" 36
"C:/Users/SLATE 15/Documents/GitHub/Hannah-Ashna.github.io/DevSoc-VR-Room/TemplateProject3/Content/Whiteboard/Markers/Actors/RedMarker.uasset" 37
"C:/Users/SLATE 15/Documents/GitHub/Hannah-Ashna.github.io/DevSoc-VR-Room/TemplateProject3/Content/Whiteboard/Markers/Actors/RedMarker.uexp" 38
"../../../Engine/Content/EngineMaterials/T_Default_Material_Grid_N.uasset" 39
"../../../Engine/Content/EngineMaterials/T_Default_Material_Grid_N.uexp" 40
"../../../Engine/Content/EngineMaterials/T_Default_Material_Grid_N.ubulk" 41
"../../../Engine/Content/EngineMaterials/T_Default_Material_Grid_M.uasset" 42
"../../../Engine/Content/EngineMaterials/T_Default_Material_Grid_M.uexp" 43
"../../../Engine/Content/EngineMaterials/T_Default_Material_Grid_M.ubulk" 44
"../../../Engine/Content/Functions/Engine_MaterialFunctions01/Opacity/CameraDepthFade.uasset" 45
"../../../Engine/Content/Functions/Engine_MaterialFunctions01/Opacity/CameraDepthFade.uexp" 46
"../../../Engine/Content/EngineMaterials/WorldGridMaterial.uasset" 47
"../../../Engine/Content/EngineMaterials/WorldGridMaterial.uexp" 48
"../../../Engine/Content/ArtTools/RenderToTexture/Meshes/S_1_Unit_Plane.uasset" 49
"../../../Engine/Content/ArtTools/RenderToTexture/Meshes/S_1_Unit_Plane.uexp" 50
"../../../Engine/Content/EngineMaterials/DefaultMaterial.uasset" 51
"../../../Engine/Content/EngineMaterials/DefaultMaterial.uexp" 52
"../../../Engine/Content/BasicShapes/Cone.uasset" 53
"../../../Engine/Content/BasicShapes/Cone.uexp" 54
"../../../Engine/Content/BasicShapes/Plane.uasset" 55
"../../../Engine/Content/BasicShapes/Plane.uexp" 56
"../../../Engine/Content/EditorLandscapeResources/DataLayer.uasset" 57
"../../../Engine/Content/EditorLandscapeResources/DataLayer.uexp" 58
"../../../Engine/Content/EditorLandscapeResources/DefaultAlphaTexture.uasset" 59
"../../../Engine/Content/EditorLandscapeResources/DefaultAlphaTexture.uexp" 60
"../../../Engine/Content/EditorMaterials/MAT_Groups_Toggle.uasset" 61
"../../../Engine/Content/EditorMaterials/MAT_Groups_Toggle.uexp" 62
"../../../Engine/Content/EditorMaterials/MAT_Groups_Visibility.uasset" 63
"../../../Engine/Content/EditorMaterials/MAT_Groups_Visibility.uexp" 64
"../../../Engine/Content/EditorMaterials/PreviewShadowIndicator.uasset" 65
"../../../Engine/Content/EditorMaterials/PreviewShadowIndicator.uexp" 66
"../../../Engine/Content/EditorMaterials/PreviewShadowIndicator.ubulk" 67
"../../../Engine/Content/EditorMaterials/PreviewShadowIndicatorMaterial.uasset" 68
"../../../Engine/Content/EditorMaterials/PreviewShadowIndicatorMaterial.uexp" 69
"../../../Engine/Content/EditorMaterials/MatineeGroups/MAT_ColorTrack.uasset" 70
"../../../Engine/Content/EditorMaterials/MatineeGroups/MAT_ColorTrack.uexp" 71
"../../../Engine/Content/EditorMaterials/MatineeGroups/MAT_Groups_Anim.uasset" 72
"../../../Engine/Content/EditorMaterials/MatineeGroups/MAT_Groups_Anim.uexp" 73
"../../../Engine/Content/EditorMaterials/MatineeGroups/MAT_Groups_AudioMaster.uasset" 74
"../../../Engine/Content/EditorMaterials/MatineeGroups/MAT_Groups_AudioMaster.uexp" 75
"../../../Engine/Content/EditorMaterials/MatineeGroups/MAT_Groups_Director.uasset" 76
"../../../Engine/Content/EditorMaterials/MatineeGroups/MAT_Groups_Director.uexp" 77
"../../../Engine/Content/EditorMaterials/MatineeGroups/MAT_Groups_Event.uasset" 78
"../../../Engine/Content/EditorMaterials/MatineeGroups/MAT_Groups_Event.uexp" 79
"../../../Engine/Content/EditorMaterials/MatineeGroups/MAT_Groups_Fade.uasset" 80
"../../../Engine/Content/EditorMaterials/MatineeGroups/MAT_Groups_Fade.uexp" 81
"../../../Engine/Content/EditorMaterials/MatineeGroups/MAT_Groups_Float.uasset" 82
"../../../Engine/Content/EditorMaterials/MatineeGroups/MAT_Groups_Float.uexp" 83
"../../../Engine/Content/EditorMaterials/MatineeGroups/MAT_Groups_Move.uasset" 84
"../../../Engine/Content/EditorMaterials/MatineeGroups/MAT_Groups_Move.uexp" 85
"../../../Engine/Content/EditorMaterials/MatineeGroups/MAT_Groups_Slomo.uasset" 86
"../../../Engine/Content/EditorMaterials/MatineeGroups/MAT_Groups_Slomo.uexp" 87
"../../../Engine/Content/EditorMaterials/MatineeGroups/MAT_Groups_Sound.uasset" 88
"../../../Engine/Content/EditorMaterials/MatineeGroups/MAT_Groups_Sound.uexp" 89
"../../../Engine/Content/EditorMaterials/MatineeGroups/MAT_Groups_Vector.uasset" 90
"../../../Engine/Content/EditorMaterials/MatineeGroups/MAT_Groups_Vector.uexp" 91
"../../../Engine/Content/EditorMaterials/ParticleSystems/PSysThumbnail_NoImage.uasset" 92
"../../../Engine/Content/EditorMaterials/ParticleSystems/PSysThumbnail_NoImage.uexp" 93
"../../../Engine/Content/EditorMaterials/ParticleSystems/PSysThumbnail_NoImage.ubulk" 94
"../../../Engine/Content/EditorMaterials/ParticleSystems/PSysThumbnail_OOD.uasset" 95
"../../../Engine/Content/EditorMaterials/ParticleSystems/PSysThumbnail_OOD.uexp" 96
"../../../Engine/Content/EditorMaterials/ParticleSystems/PSysThumbnail_OOD.ubulk" 97
"../../../Engine/Content/EditorMaterials/Camera/CineMat.uasset" 98
"../../../Engine/Content/EditorMaterials/Camera/CineMat.uexp" 99
"../../../Engine/Content/EditorMaterials/Camera/MI_CineMat_Rig.uasset" 100
"../../../Engine/Content/EditorMaterials/Camera/MI_CineMat_Rig.uexp" 101
"../../../Engine/Content/EditorMeshes/Camera/SM_CraneRig_Arm.uasset" 102
"../../../Engine/Content/EditorMeshes/Camera/SM_CraneRig_Arm.uexp" 103
"../../../Engine/Content/EditorMeshes/Camera/SM_CraneRig_Base.uasset" 104
"../../../Engine/Content/EditorMeshes/Camera/SM_CraneRig_Base.uexp" 105
"../../../Engine/Content/EditorMeshes/Camera/SM_CraneRig_Body.uasset" 106
"../../../Engine/Content/EditorMeshes/Camera/SM_CraneRig_Body.uexp" 107
"../../../Engine/Content/EditorMeshes/Camera/SM_CraneRig_Mount.uasset" 108
"../../../Engine/Content/EditorMeshes/Camera/SM_CraneRig_Mount.uexp" 109
"../../../Engine/Content/EditorMeshes/Camera/SM_RailRig_Mount.uasset" 110
"../../../Engine/Content/EditorMeshes/Camera/SM_RailRig_Mount.uexp" 111
"../../../Engine/Content/EditorMeshes/Camera/SM_RailRig_Track.uasset" 112
"../../../Engine/Content/EditorMeshes/Camera/SM_RailRig_Track.uexp" 113
"../../../Engine/Content/EditorResources/BSPVertex.uasset" 114
"../../../Engine/Content/EditorResources/BSPVertex.uexp" 115
"../../../Engine/Content/EditorResources/EmptyActor.uasset" 116
"../../../Engine/Content/EditorResources/EmptyActor.uexp" 117
"../../../Engine/Content/EditorResources/S_Actor.uasset" 118
"../../../Engine/Content/EditorResources/S_Actor.uexp" 119
"../../../Engine/Content/EditorResources/S_Actor.ubulk" 120
"../../../Engine/Content/EditorResources/S_Note.uasset" 121
"../../../Engine/Content/EditorResources/S_Note.uexp" 122
"../../../Engine/Content/EditorResources/S_Note.ubulk" 123
"../../../Engine/Content/EditorResources/S_Solver.uasset" 124
"../../../Engine/Content/EditorResources/S_Solver.uexp" 125
"../../../Engine/Content/EditorResources/S_Solver.ubulk" 126
"../../../Engine/Content/EditorResources/S_Terrain.uasset" 127
"../../../Engine/Content/EditorResources/S_Terrain.uexp" 128
"../../../Engine/Content/EditorResources/S_Terrain.ubulk" 129
"../../../Engine/Content/EditorResources/S_Trigger.uasset" 130
"../../../Engine/Content/EditorResources/S_Trigger.uexp" 131
"../../../Engine/Content/EditorResources/S_Trigger.ubulk" 132
"../../../Engine/Content/EditorResources/AudioIcons/S_AudioComponent_AutoActivate.uasset" 133
"../../../Engine/Content/EditorResources/AudioIcons/S_AudioComponent_AutoActivate.uexp" 134
"../../../Engine/Content/EditorResources/AudioIcons/S_AudioComponent_AutoActivate.ubulk" 135
"../../../Engine/Content/EditorResources/LightIcons/S_LightError.uasset" 136
"../../../Engine/Content/EditorResources/LightIcons/S_LightError.uexp" 137
"../../../Engine/Content/EditorResources/SequenceRecorder/Countdown.uasset" 138
"../../../Engine/Content/EditorResources/SequenceRecorder/Countdown.uexp" 139
"../../../Engine/Content/EditorResources/SequenceRecorder/RecordingIndicator.uasset" 140
"../../../Engine/Content/EditorResources/SequenceRecorder/RecordingIndicator.uexp" 141
"../../../Engine/Content/EngineDamageTypes/DmgTypeBP_Environmental.uasset" 142
"../../../Engine/Content/EngineDamageTypes/DmgTypeBP_Environmental.uexp" 143
"../../../Engine/Content/EngineDebugMaterials/DebugEditorMaterial.uasset" 144
"../../../Engine/Content/EngineDebugMaterials/DebugEditorMaterial.uexp" 145
"../../../Engine/Content/EngineDebugMaterials/DebugMeshMaterial.uasset" 146
"../../../Engine/Content/EngineDebugMaterials/DebugMeshMaterial.uexp" 147
"../../../Engine/Content/EngineDebugMaterials/M_SimpleUnlitTranslucent.uasset" 148
"../../../Engine/Content/EngineDebugMaterials/M_SimpleUnlitTranslucent.uexp" 149
"../../../Engine/Content/EngineDebugMaterials/VolumeToRender.uasset" 150
"../../../Engine/Content/EngineDebugMaterials/VolumeToRender.uexp" 151
"../../../Engine/Content/Functions/Engine_MaterialFunctions02/Utility/CameraDirectionVector.uasset" 152
"../../../Engine/Content/Functions/Engine_MaterialFunctions02/Utility/CameraDirectionVector.uexp" 153
"../../../Engine/Content/EngineDebugMaterials/M_VolumeRenderSphereTracePP.uasset" 154
"../../../Engine/Content/EngineDebugMaterials/M_VolumeRenderSphereTracePP.uexp" 155
"../../../Engine/Content/Functions/Engine_MaterialFunctions01/Shading/ConvertFromDiffSpec.uasset" 156
"../../../Engine/Content/Functions/Engine_MaterialFunctions01/Shading/ConvertFromDiffSpec.uexp" 157
"../../../Engine/Content/EngineDebugMaterials/VertexColorMaterial.uasset" 158
"../../../Engine/Content/EngineDebugMaterials/VertexColorMaterial.uexp" 159
"../../../Engine/Content/EngineDebugMaterials/WireframeMaterial.uasset" 160
"../../../Engine/Content/EngineDebugMaterials/WireframeMaterial.uexp" 161
"../../../Engine/Content/EngineFonts/Faces/RobotoRegular.uasset" 162
"../../../Engine/Content/EngineFonts/Faces/RobotoRegular.uexp" 163
"../../../Engine/Content/EngineFonts/Faces/RobotoRegular.ufont" 164
"../../../Engine/Content/EngineFonts/Faces/RobotoLight.uasset" 165
"../../../Engine/Content/EngineFonts/Faces/RobotoLight.uexp" 166
"../../../Engine/Content/EngineFonts/Faces/RobotoLight.ufont" 167
"../../../Engine/Content/EngineFonts/Faces/RobotoItalic.uasset" 168
"../../../Engine/Content/EngineFonts/Faces/RobotoItalic.uexp" 169
"../../../Engine/Content/EngineFonts/Faces/RobotoItalic.ufont" 170
"../../../Engine/Content/EngineFonts/Faces/RobotoBoldItalic.uasset" 171
"../../../Engine/Content/EngineFonts/Faces/RobotoBoldItalic.uexp" 172
"../../../Engine/Content/EngineFonts/Faces/RobotoBoldItalic.ufont" 173
"../../../Engine/Content/EngineFonts/Faces/RobotoBold.uasset" 174
"../../../Engine/Content/EngineFonts/Faces/RobotoBold.uexp" 175
"../../../Engine/Content/EngineFonts/Faces/RobotoBold.ufont" 176
"../../../Engine/Content/EngineFonts/Faces/DroidSansFallback.uasset" 177
"../../../Engine/Content/EngineFonts/Faces/DroidSansFallback.uexp" 178
"../../../Engine/Content/EngineFonts/Faces/DroidSansFallback.ufont" 179
"../../../Engine/Content/EngineFonts/Roboto.uasset" 180
"../../../Engine/Content/EngineFonts/Roboto.uexp" 181
"../../../Engine/Content/EngineMaterials/BaseFlattenNormalMap.uasset" 182
"../../../Engine/Content/EngineMaterials/BaseFlattenNormalMap.uexp" 183
"../../../Engine/Content/EngineMaterials/BaseFlattenGrayscaleMap.uasset" 184
"../../../Engine/Content/EngineMaterials/BaseFlattenGrayscaleMap.uexp" 185
"../../../Engine/Content/EngineMaterials/BaseFlattenEmissiveMap.uasset" 186
"../../../Engine/Content/EngineMaterials/BaseFlattenEmissiveMap.uexp" 187
"../../../Engine/Content/EngineMaterials/BaseFlattenDiffuseMap.uasset" 188
"../../../Engine/Content/EngineMaterials/BaseFlattenDiffuseMap.uexp" 189
"../../../Engine/Content/EngineMaterials/BaseFlattenMaterial.uasset" 190
"../../../Engine/Content/EngineMaterials/BaseFlattenMaterial.uexp" 191
"../../../Engine/Content/EngineMaterials/BlueNoise.uasset" 192
"../../../Engine/Content/EngineMaterials/BlueNoise.uexp" 193
"../../../Engine/Content/EngineMaterials/DefaultBloomKernel.uasset" 194
"../../../Engine/Content/EngineMaterials/DefaultBloomKernel.uexp" 195
"../../../Engine/Content/EngineMaterials/DefaultBokeh.uasset" 196
"../../../Engine/Content/EngineMaterials/DefaultBokeh.uexp" 197
"../../../Engine/Content/EngineMaterials/DefaultDiffuse.uasset" 198
"../../../Engine/Content/EngineMaterials/DefaultDiffuse.uexp" 199
"../../../Engine/Content/EngineMaterials/DefaultDiffuse.ubulk" 200
"../../../Engine/Content/EngineMaterials/DefaultDeferredDecalMaterial.uasset" 201
"../../../Engine/Content/EngineMaterials/DefaultDeferredDecalMaterial.uexp" 202
"../../../Engine/Content/EngineMaterials/DefaultLightFunctionMaterial.uasset" 203
"../../../Engine/Content/EngineMaterials/DefaultLightFunctionMaterial.uexp" 204
"../../../Engine/Content/EngineMaterials/DefaultPhysicalMaterial.uasset" 205
"../../../Engine/Content/EngineMaterials/DefaultPhysicalMaterial.uexp" 206
"../../../Engine/Content/Functions/Engine_MaterialFunctions02/Utility/BreakOutFloat2Components.uasset" 207
"../../../Engine/Content/Functions/Engine_MaterialFunctions02/Utility/BreakOutFloat2Components.uexp" 208
"../../../Engine/Content/EngineMaterials/DefaultPostProcessMaterial.uasset" 209
"../../../Engine/Content/EngineMaterials/DefaultPostProcessMaterial.uexp" 210
"../../../Engine/Content/EngineFonts/RobotoDistanceField.uasset" 211
"../../../Engine/Content/EngineFonts/RobotoDistanceField.uexp" 212
"../../../Engine/Content/EngineMaterials/DefaultTextMaterialOpaque.uasset" 213
"../../../Engine/Content/EngineMaterials/DefaultTextMaterialOpaque.uexp" 214
"../../../Engine/Content/EngineMaterials/DefaultWhiteGrid.uasset" 215
"../../../Engine/Content/EngineMaterials/DefaultWhiteGrid.uexp" 216
"../../../Engine/Content/EngineMaterials/DefaultWhiteGrid.ubulk" 217
"../../../Engine/Content/EngineMaterials/DefaultWhiteGrid_Low.uasset" 218
"../../../Engine/Content/EngineMaterials/DefaultWhiteGrid_Low.uexp" 219
"../../../Engine/Content/EngineMaterials/EmissiveMeshMaterial.uasset" 220
"../../../Engine/Content/EngineMaterials/EmissiveMeshMaterial.uexp" 221
"../../../Engine/Content/EngineMaterials/GizmoMaterial.uasset" 222
"../../../Engine/Content/EngineMaterials/GizmoMaterial.uexp" 223
"../../../Engine/Content/EngineMaterials/MiniFont.uasset" 224
"../../../Engine/Content/EngineMaterials/MiniFont.uexp" 225
"../../../Engine/Content/EngineMaterials/InvalidLightmapSettings.uasset" 226
"../../../Engine/Content/EngineMaterials/InvalidLightmapSettings.uexp" 227
"../../../Engine/Content/EngineMaterials/InvalidLightmapSettings.ubulk" 228
"../../../Engine/Content/EngineMaterials/M_InvalidLightmapSettings.uasset" 229
"../../../Engine/Content/EngineMaterials/M_InvalidLightmapSettings.uexp" 230
"../../../Engine/Content/Functions/Engine_MaterialFunctions02/WorldPositionOffset/CameraOffset.uasset" 231
"../../../Engine/Content/Functions/Engine_MaterialFunctions02/WorldPositionOffset/CameraOffset.uexp" 232
"../../../Engine/Content/EngineMaterials/PhAT_JointLimitMaterial.uasset" 233
"../../../Engine/Content/EngineMaterials/PhAT_JointLimitMaterial.uexp" 234
"../../../Engine/Content/EngineMaterials/DefaultCalibrationColor.uasset" 235
"../../../Engine/Content/EngineMaterials/DefaultCalibrationColor.uexp" 236
"../../../Engine/Content/EngineMaterials/PPM_DefaultCalibrationColor.uasset" 237
"../../../Engine/Content/EngineMaterials/PPM_DefaultCalibrationColor.uexp" 238
"../../../Engine/Content/EngineMaterials/DefaultCalibrationGrayscale.uasset" 239
"../../../Engine/Content/EngineMaterials/DefaultCalibrationGrayscale.uexp" 240
"../../../Engine/Content/EngineMaterials/PPM_DefaultCalibrationGrayscale.uasset" 241
"../../../Engine/Content/EngineMaterials/PPM_DefaultCalibrationGrayscale.uexp" 242
"../../../Engine/Content/EngineMaterials/PreintegratedSkinBRDF.uasset" 243
"../../../Engine/Content/EngineMaterials/PreintegratedSkinBRDF.uexp" 244
"../../../Engine/Content/EngineMaterials/RemoveSurfaceMaterial.uasset" 245
"../../../Engine/Content/EngineMaterials/RemoveSurfaceMaterial.uexp" 246
"../../../Engine/Content/EngineMaterials/WeightMapPlaceholderTexture.uasset" 247
"../../../Engine/Content/EngineMaterials/WeightMapPlaceholderTexture.uexp" 248
"../../../Engine/Content/EngineResources/WhiteSquareTexture.uasset" 249
"../../../Engine/Content/EngineResources/WhiteSquareTexture.uexp" 250
"../../../Engine/Content/EngineMaterials/Widget3DPassThrough.uasset" 251
"../../../Engine/Content/EngineMaterials/Widget3DPassThrough.uexp" 252
"../../../Engine/Content/EngineMaterials/Widget3DPassThrough_Masked.uasset" 253
"../../../Engine/Content/EngineMaterials/Widget3DPassThrough_Masked.uexp" 254
"../../../Engine/Content/EngineMaterials/Widget3DPassThrough_Opaque.uasset" 255
"../../../Engine/Content/EngineMaterials/Widget3DPassThrough_Opaque.uexp" 256
"../../../Engine/Content/EngineMaterials/Widget3DPassThrough_Masked_OneSided.uasset" 257
"../../../Engine/Content/EngineMaterials/Widget3DPassThrough_Masked_OneSided.uexp" 258
"../../../Engine/Content/EngineMaterials/Widget3DPassThrough_Opaque_OneSided.uasset" 259
"../../../Engine/Content/EngineMaterials/Widget3DPassThrough_Opaque_OneSided.uexp" 260
"../../../Engine/Content/EngineMaterials/Widget3DPassThrough_Translucent.uasset" 261
"../../../Engine/Content/EngineMaterials/Widget3DPassThrough_Translucent.uexp" 262
"../../../Engine/Content/EngineMaterials/Widget3DPassThrough_Translucent_OneSided.uasset" 263
"../../../Engine/Content/EngineMaterials/Widget3DPassThrough_Translucent_OneSided.uexp" 264
"../../../Engine/Content/EngineMeshes/Cylinder.uasset" 265
"../../../Engine/Content/EngineMeshes/Cylinder.uexp" 266
"../../../Engine/Content/EngineMeshes/Sphere.uasset" 267
"../../../Engine/Content/EngineMeshes/Sphere.uexp" 268
"../../../Engine/Content/EngineResources/DefaultTexture.uasset" 269
"../../../Engine/Content/EngineResources/DefaultTexture.uexp" 270
"../../../Engine/Content/EngineResources/DefaultTexture.ubulk" 271
"../../../Engine/Content/EngineResources/DefaultTextureCube.uasset" 272
"../../../Engine/Content/EngineResources/DefaultTextureCube.uexp" 273
"../../../Engine/Content/EngineResources/DefaultVolumeTexture2D.uasset" 274
"../../../Engine/Content/EngineResources/DefaultVolumeTexture2D.uexp" 275
"../../../Engine/Content/EngineResources/DefaultVolumeTexture.uasset" 276
"../../../Engine/Content/EngineResources/DefaultVolumeTexture.uexp" 277
"../../../Engine/Content/EngineResources/GradientTexture0.uasset" 278
"../../../Engine/Content/EngineResources/GradientTexture0.uexp" 279
"../../../Engine/Content/EngineSky/VolumetricClouds/T_NoiseShape64.uasset" 280
"../../../Engine/Content/EngineSky/VolumetricClouds/T_NoiseShape64.uexp" 281
"../../../Engine/Content/EngineSky/VolumetricClouds/T_NoiseShape64.ubulk" 282
"../../../Engine/Content/EngineSky/VolumetricClouds/T_VolumeNoiseShape64.uasset" 283
"../../../Engine/Content/EngineSky/VolumetricClouds/T_VolumeNoiseShape64.uexp" 284
"../../../Engine/Content/EngineSky/VolumetricClouds/T_NoiseErosion.uasset" 285
"../../../Engine/Content/EngineSky/VolumetricClouds/T_NoiseErosion.uexp" 286
"../../../Engine/Content/EngineSky/VolumetricClouds/T_NoiseErosion.ubulk" 287
"../../../Engine/Content/EngineSky/VolumetricClouds/T_VolumeNoiseErosion32.uasset" 288
"../../../Engine/Content/EngineSky/VolumetricClouds/T_VolumeNoiseErosion32.uexp" 289
"../../../Engine/Content/Functions/Engine_MaterialFunctions02/Utility/MakeFloat2.uasset" 290
"../../../Engine/Content/Functions/Engine_MaterialFunctions02/Utility/MakeFloat2.uexp" 291
"../../../Engine/Content/EngineSky/VolumetricClouds/CloudWeatherTexture.uasset" 292
"../../../Engine/Content/EngineSky/VolumetricClouds/CloudWeatherTexture.uexp" 293
"../../../Engine/Content/EngineSky/VolumetricClouds/CloudGradientTexture.uasset" 294
"../../../Engine/Content/EngineSky/VolumetricClouds/CloudGradientTexture.uexp" 295
"../../../Engine/Content/EngineSky/VolumetricClouds/m_SimpleVolumetricCloud.uasset" 296
"../../../Engine/Content/EngineSky/VolumetricClouds/m_SimpleVolumetricCloud.uexp" 297
"../../../Engine/Content/EngineSky/VolumetricClouds/m_SimpleVolumetricCloud_Inst.uasset" 298
"../../../Engine/Content/EngineSky/VolumetricClouds/m_SimpleVolumetricCloud_Inst.uexp" 299
"../../../Engine/Content/EngineSounds/Master.uasset" 300
"../../../Engine/Content/EngineSounds/Master.uexp" 301
"../../../Engine/Content/Functions/Engine_MaterialFunctions01/Shading/PowerToRoughness.uasset" 302
"../../../Engine/Content/Functions/Engine_MaterialFunctions01/Shading/PowerToRoughness.uexp" 303
"../../../Engine/Content/Maps/Templates/Thumbnails/Default.uasset" 304
"../../../Engine/Content/Maps/Templates/Thumbnails/Default.uexp" 305
"../../../Engine/Content/Maps/Templates/Thumbnails/TimeOfDay.uasset" 306
"../../../Engine/Content/Maps/Templates/Thumbnails/TimeOfDay.uexp" 307
"../../../Engine/Content/Maps/Templates/Thumbnails/VR-Basic.uasset" 308
"../../../Engine/Content/Maps/Templates/Thumbnails/VR-Basic.uexp" 309
"../../../Engine/Content/MobileResources/T_MobileControls_texture.uasset" 310
"../../../Engine/Content/MobileResources/T_MobileControls_texture.uexp" 311
"../../../Engine/Content/MobileResources/T_MobileMenu2.uasset" 312
"../../../Engine/Content/MobileResources/T_MobileMenu2.uexp" 313
"../../../Engine/Content/MobileResources/HUD/AnalogHat.uasset" 314
"../../../Engine/Content/MobileResources/HUD/AnalogHat.uexp" 315
"../../../Engine/Content/MobileResources/HUD/VirtualJoystick_Thumb.uasset" 316
"../../../Engine/Content/MobileResources/HUD/VirtualJoystick_Thumb.uexp" 317
"../../../Engine/Content/MobileResources/HUD/VirtualJoystick_Background.uasset" 318
"../../../Engine/Content/MobileResources/HUD/VirtualJoystick_Background.uexp" 319
"../../../Engine/Content/MobileResources/HUD/DefaultVirtualJoysticks.uasset" 320
"../../../Engine/Content/MobileResources/HUD/DefaultVirtualJoysticks.uexp" 321
"../../../Engine/Content/MobileResources/HUD/LeftVirtualJoystickOnly.uasset" 322
"../../../Engine/Content/MobileResources/HUD/LeftVirtualJoystickOnly.uexp" 323
"../../../Engine/Content/MobileResources/HUD/MobileHUDButton1_off.uasset" 324
"../../../Engine/Content/MobileResources/HUD/MobileHUDButton1_off.uexp" 325
"../../../Engine/Content/MobileResources/HUD/MobileHUDButton1_on.uasset" 326
"../../../Engine/Content/MobileResources/HUD/MobileHUDButton1_on.uexp" 327
"../../../Engine/Content/MobileResources/HUD/MobileHUDButton2_off.uasset" 328
"../../../Engine/Content/MobileResources/HUD/MobileHUDButton2_off.uexp" 329
"../../../Engine/Content/MobileResources/HUD/MobileHUDButton2_on.uasset" 330
"../../../Engine/Content/MobileResources/HUD/MobileHUDButton2_on.uexp" 331
"../../../Engine/Content/MobileResources/HUD/MobileHUDButton3.uasset" 332
"../../../Engine/Content/MobileResources/HUD/MobileHUDButton3.uexp" 333
"../../../Engine/Content/MobileResources/HUD/MobileHUDButtonFire.uasset" 334
"../../../Engine/Content/MobileResources/HUD/MobileHUDButtonFire.uexp" 335
"../../../Engine/Content/MobileResources/HUD/MobileHUDDirectionPad.uasset" 336
"../../../Engine/Content/MobileResources/HUD/MobileHUDDirectionPad.uexp" 337
"../../../Engine/Content/MobileResources/HUD/MobileHUDDirectionPad2.uasset" 338
"../../../Engine/Content/MobileResources/HUD/MobileHUDDirectionPad2.uexp" 339
"../../../Engine/Content/MobileResources/HUD/MobileHUDDirectionPad3.uasset" 340
"../../../Engine/Content/MobileResources/HUD/MobileHUDDirectionPad3.uexp" 341
"../../../Engine/Content/MobileResources/HUD/MobileHUDDirectionStick.uasset" 342
"../../../Engine/Content/MobileResources/HUD/MobileHUDDirectionStick.uexp" 343
"../../../Engine/Content/MobileResources/HUD/T_Castle_ThumbstickInner.uasset" 344
"../../../Engine/Content/MobileResources/HUD/T_Castle_ThumbstickInner.uexp" 345
"../../../Engine/Content/MobileResources/HUD/T_Castle_ThumbstickOutter.uasset" 346
"../../../Engine/Content/MobileResources/HUD/T_Castle_ThumbstickOutter.uexp" 347
"../../../Engine/Content/Tutorial/ContentIntroCurve.uasset" 348
"../../../Engine/Content/Tutorial/ContentIntroCurve.uexp" 349
"../../../Engine/Content/Tutorial/Basics/TutorialAssets/icon_tab_Levels_40x.uasset" 350
"../../../Engine/Content/Tutorial/Basics/TutorialAssets/icon_tab_Levels_40x.uexp" 351
"../../../Engine/Content/Tutorial/BlueprintTutorials/TutorialAssets/Blueprint_64x.uasset" 352
"../../../Engine/Content/Tutorial/BlueprintTutorials/TutorialAssets/Blueprint_64x.uexp" 353
"../../../Engine/Content/VREditor/TransformGizmo/TranslucentTransformGizmoMaterial.uasset" 354
"../../../Engine/Content/VREditor/TransformGizmo/TranslucentTransformGizmoMaterial.uexp" 355
"../../../Engine/Content/VREditor/LaserPointer/VR_LaserPower_01.uasset" 356
"../../../Engine/Content/VREditor/LaserPointer/VR_LaserPower_01.uexp" 357
"../../../Engine/Content/VREditor/LaserPointer/VR_LaserPower_01.ubulk" 358
"../../../Engine/Content/VREditor/TransformGizmo/TransformGizmoMaterial.uasset" 359
"../../../Engine/Content/VREditor/TransformGizmo/TransformGizmoMaterial.uexp" 360
"../../../Engine/Content/VREditor/TransformGizmo/BoundingBoxCorner.uasset" 361
"../../../Engine/Content/VREditor/TransformGizmo/BoundingBoxCorner.uexp" 362
"../../../Engine/Content/VREditor/TransformGizmo/BoundingBoxEdge.uasset" 363
"../../../Engine/Content/VREditor/TransformGizmo/BoundingBoxEdge.uexp" 364
"../../../Engine/Content/VREditor/TransformGizmo/PlaneTranslationHandle.uasset" 365
"../../../Engine/Content/VREditor/TransformGizmo/PlaneTranslationHandle.uexp" 366
"../../../Engine/Content/VREditor/TransformGizmo/Xray.uasset" 367
"../../../Engine/Content/VREditor/TransformGizmo/Xray.uexp" 368
"../../../Engine/Content/VREditor/TransformGizmo/Main.uasset" 369
"../../../Engine/Content/VREditor/TransformGizmo/Main.uexp" 370
"../../../Engine/Content/VREditor/TransformGizmo/SM_Sequencer_Key.uasset" 371
"../../../Engine/Content/VREditor/TransformGizmo/SM_Sequencer_Key.uexp" 372
"../../../Engine/Content/VREditor/TransformGizmo/SM_Sequencer_Node.uasset" 373
"../../../Engine/Content/VREditor/TransformGizmo/SM_Sequencer_Node.uexp" 374
"../../../Engine/Plugins/2D/Paper2D/Content/PlaceholderTextures/DummySpriteTexture.uasset" 375
"../../../Engine/Plugins/2D/Paper2D/Content/PlaceholderTextures/DummySpriteTexture.uexp" 376
"../../../Engine/Plugins/2D/Paper2D/Content/PlaceholderTextures/DummySpriteTexture.ubulk" 377
"../../../Engine/Plugins/2D/Paper2D/Content/DummySprite.uasset" 378
"../../../Engine/Plugins/2D/Paper2D/Content/DummySprite.uexp" 379
"../../../Engine/Plugins/2D/Paper2D/Content/DefaultPaperTerrainMaterial.uasset" 380
"../../../Engine/Plugins/2D/Paper2D/Content/DefaultPaperTerrainMaterial.uexp" 381
"../../../Engine/Plugins/2D/Paper2D/Content/DefaultSpriteMaterial.uasset" 382
"../../../Engine/Plugins/2D/Paper2D/Content/DefaultSpriteMaterial.uexp" 383
"../../../Engine/Plugins/2D/Paper2D/Content/MaskedUnlitSpriteMaterial.uasset" 384
"../../../Engine/Plugins/2D/Paper2D/Content/MaskedUnlitSpriteMaterial.uexp" 385
"../../../Engine/Plugins/2D/Paper2D/Content/OpaqueUnlitSpriteMaterial.uasset" 386
"../../../Engine/Plugins/2D/Paper2D/Content/OpaqueUnlitSpriteMaterial.uexp" 387
"../../../Engine/Content/Functions/Engine_MaterialFunctions02/WorldPositionOffset/ObjectScale.uasset" 388
"../../../Engine/Content/Functions/Engine_MaterialFunctions02/WorldPositionOffset/ObjectScale.uexp" 389
"../../../Engine/Content/Functions/Engine_MaterialFunctions02/Utility/BreakOutFloat3Components.uasset" 390
"../../../Engine/Content/Functions/Engine_MaterialFunctions02/Utility/BreakOutFloat3Components.uexp" 391
"../../../Engine/Content/Functions/Engine_MaterialFunctions02/ObjectLocalBounds.uasset" 392
"../../../Engine/Content/Functions/Engine_MaterialFunctions02/ObjectLocalBounds.uexp" 393
"../../../Engine/Plugins/Editor/SpeedTreeImporter/Content/SpeedTree9/UnpackInteger3.uasset" 394
"../../../Engine/Plugins/Editor/SpeedTreeImporter/Content/SpeedTree9/UnpackInteger3.uexp" 395
"../../../Engine/Plugins/Editor/SpeedTreeImporter/Content/SpeedTree9/UnpackDirection.uasset" 396
"../../../Engine/Plugins/Editor/SpeedTreeImporter/Content/SpeedTree9/UnpackDirection.uexp" 397
"../../../Engine/Plugins/Editor/SpeedTreeImporter/Content/SpeedTree9/game_wind_noise.uasset" 398
"../../../Engine/Plugins/Editor/SpeedTreeImporter/Content/SpeedTree9/game_wind_noise.uexp" 399
"../../../Engine/Plugins/Editor/SpeedTreeImporter/Content/SpeedTree9/game_wind_noise.ubulk" 400
"../../../Engine/Content/Functions/Engine_MaterialFunctions02/SafeNormalize.uasset" 401
"../../../Engine/Content/Functions/Engine_MaterialFunctions02/SafeNormalize.uexp" 402
"../../../Engine/Plugins/Editor/SpeedTreeImporter/Content/SpeedTree9/SpeedTreeWindMotion.uasset" 403
"../../../Engine/Plugins/Editor/SpeedTreeImporter/Content/SpeedTree9/SpeedTreeWindMotion.uexp" 404
"../../../Engine/Plugins/Editor/SpeedTreeImporter/Content/SpeedTree9/SpeedTreeBranchMotion.uasset" 405
"../../../Engine/Plugins/Editor/SpeedTreeImporter/Content/SpeedTree9/SpeedTreeBranchMotion.uexp" 406
"../../../Engine/Content/Functions/Engine_MaterialFunctions02/UVs/BoundingBoxBased_0-1_UVW.uasset" 407
"../../../Engine/Content/Functions/Engine_MaterialFunctions02/UVs/BoundingBoxBased_0-1_UVW.uexp" 408
"../../../Engine/Plugins/Editor/SpeedTreeImporter/Content/SpeedTree9/SpeedTreeWind.uasset" 409
"../../../Engine/Plugins/Editor/SpeedTreeImporter/Content/SpeedTree9/SpeedTreeWind.uexp" 410
"../../../Engine/Plugins/Editor/SpeedTreeImporter/Content/SpeedTree9/SpeedTreeBillboard.uasset" 411
"../../../Engine/Plugins/Editor/SpeedTreeImporter/Content/SpeedTree9/SpeedTreeBillboard.uexp" 412
"../../../Engine/Plugins/Editor/SpeedTreeImporter/Content/SpeedTree9/EmptyNormal.uasset" 413
"../../../Engine/Plugins/Editor/SpeedTreeImporter/Content/SpeedTree9/EmptyNormal.uexp" 414
"../../../Engine/Plugins/Editor/SpeedTreeImporter/Content/SpeedTree9/Empty.uasset" 415
"../../../Engine/Plugins/Editor/SpeedTreeImporter/Content/SpeedTree9/Empty.uexp" 416
"../../../Engine/Plugins/Editor/SpeedTreeImporter/Content/SpeedTree9/SpeedTreeBillboardMaster.uasset" 417
"../../../Engine/Plugins/Editor/SpeedTreeImporter/Content/SpeedTree9/SpeedTreeBillboardMaster.uexp" 418
"../../../Engine/Plugins/Editor/SpeedTreeImporter/Content/SpeedTree9/SpeedTreeCameraFacing.uasset" 419
"../../../Engine/Plugins/Editor/SpeedTreeImporter/Content/SpeedTree9/SpeedTreeCameraFacing.uexp" 420
"../../../Engine/Plugins/Editor/SpeedTreeImporter/Content/SpeedTree9/SpeedTreeMaster.uasset" 421
"../../../Engine/Plugins/Editor/SpeedTreeImporter/Content/SpeedTree9/SpeedTreeMaster.uexp" 422
"../../../Engine/Content/ArtTools/RenderToTexture/Materials/Debug/M_Emissive_Color.uasset" 423
"../../../Engine/Content/ArtTools/RenderToTexture/Materials/Debug/M_Emissive_Color.uexp" 424
"../../../Engine/Content/BasicShapes/Cylinder.uasset" 425
"../../../Engine/Content/BasicShapes/Cylinder.uexp" 426
"../../../Engine/Plugins/Runtime/OpenXR/Content/Devices/GoogleDaydream/MRTexture.uasset" 427
"../../../Engine/Plugins/Runtime/OpenXR/Content/Devices/GoogleDaydream/MRTexture.uexp" 428
"../../../Engine/Plugins/Runtime/OpenXR/Content/Devices/GoogleDaydream/MRTexture.ubulk" 429
"../../../Engine/Plugins/Runtime/OpenXR/Content/Devices/GoogleDaydream/BaseTexture.uasset" 430
"../../../Engine/Plugins/Runtime/OpenXR/Content/Devices/GoogleDaydream/BaseTexture.uexp" 431
"../../../Engine/Plugins/Runtime/OpenXR/Content/Devices/GoogleDaydream/BaseTexture.ubulk" 432
"../../../Engine/Content/EngineResources/Black.uasset" 433
"../../../Engine/Content/EngineResources/Black.uexp" 434
"../../../Engine/Plugins/Runtime/OpenXR/Content/Devices/M_XRController.uasset" 435
"../../../Engine/Plugins/Runtime/OpenXR/Content/Devices/M_XRController.uexp" 436
"../../../Engine/Plugins/Runtime/OpenXR/Content/Devices/GoogleDaydream/MI_GoogleDaydream.uasset" 437
"../../../Engine/Plugins/Runtime/OpenXR/Content/Devices/GoogleDaydream/MI_GoogleDaydream.uexp" 438
"../../../Engine/Plugins/Runtime/OpenXR/Content/Devices/GoogleDaydream/GoogleDaydreamController.uasset" 439
"../../../Engine/Plugins/Runtime/OpenXR/Content/Devices/GoogleDaydream/GoogleDaydreamController.uexp" 440
"../../../Engine/Plugins/Runtime/OpenXR/Content/Devices/HTCVive/BaseTexture.uasset" 441
"../../../Engine/Plugins/Runtime/OpenXR/Content/Devices/HTCVive/BaseTexture.uexp" 442
"../../../Engine/Plugins/Runtime/OpenXR/Content/Devices/HTCVive/BaseTexture.ubulk" 443
"../../../Engine/Plugins/Runtime/OpenXR/Content/Devices/HTCVive/MI_HTCVive.uasset" 444
"../../../Engine/Plugins/Runtime/OpenXR/Content/Devices/HTCVive/MI_HTCVive.uexp" 445
"../../../Engine/Plugins/Runtime/OpenXR/Content/Devices/HTCVive/HTCViveController.uasset" 446
"../../../Engine/Plugins/Runtime/OpenXR/Content/Devices/HTCVive/HTCViveController.uexp" 447
"../../../Engine/Plugins/Runtime/OpenXR/Content/Devices/MicrosoftMixedReality/NormalTexture.uasset" 448
"../../../Engine/Plugins/Runtime/OpenXR/Content/Devices/MicrosoftMixedReality/NormalTexture.uexp" 449
"../../../Engine/Plugins/Runtime/OpenXR/Content/Devices/MicrosoftMixedReality/NormalTexture.ubulk" 450
"../../../Engine/Plugins/Runtime/OpenXR/Content/Devices/MicrosoftMixedReality/MRTexture.uasset" 451
"../../../Engine/Plugins/Runtime/OpenXR/Content/Devices/MicrosoftMixedReality/MRTexture.uexp" 452
"../../../Engine/Plugins/Runtime/OpenXR/Content/Devices/MicrosoftMixedReality/MRTexture.ubulk" 453
"../../../Engine/Plugins/Runtime/OpenXR/Content/Devices/MicrosoftMixedReality/EmissiveTexture.uasset" 454
"../../../Engine/Plugins/Runtime/OpenXR/Content/Devices/MicrosoftMixedReality/EmissiveTexture.uexp" 455
"../../../Engine/Plugins/Runtime/OpenXR/Content/Devices/MicrosoftMixedReality/EmissiveTexture.ubulk" 456
"../../../Engine/Plugins/Runtime/OpenXR/Content/Devices/MicrosoftMixedReality/BaseTexture.uasset" 457
"../../../Engine/Plugins/Runtime/OpenXR/Content/Devices/MicrosoftMixedReality/BaseTexture.uexp" 458
"../../../Engine/Plugins/Runtime/OpenXR/Content/Devices/MicrosoftMixedReality/BaseTexture.ubulk" 459
"../../../Engine/Plugins/Runtime/OpenXR/Content/Devices/MicrosoftMixedReality/MI_MicrosoftMixedReality.uasset" 460
"../../../Engine/Plugins/Runtime/OpenXR/Content/Devices/MicrosoftMixedReality/MI_MicrosoftMixedReality.uexp" 461
"../../../Engine/Plugins/Runtime/OpenXR/Content/Devices/MicrosoftMixedReality/Left/left_MicrosoftMixedRealityController.uasset" 462
"../../../Engine/Plugins/Runtime/OpenXR/Content/Devices/MicrosoftMixedReality/Left/left_MicrosoftMixedRealityController.uexp" 463
"../../../Engine/Plugins/Runtime/OpenXR/Content/Devices/MicrosoftMixedReality/Right/right_MicrosoftMixedRealityController.uasset" 464
"../../../Engine/Plugins/Runtime/OpenXR/Content/Devices/MicrosoftMixedReality/Right/right_MicrosoftMixedRealityController.uexp" 465
"../../../Engine/Plugins/Runtime/OpenXR/Content/Devices/OculusGo/BaseTexture.uasset" 466
"../../../Engine/Plugins/Runtime/OpenXR/Content/Devices/OculusGo/BaseTexture.uexp" 467
"../../../Engine/Plugins/Runtime/OpenXR/Content/Devices/OculusGo/BaseTexture.ubulk" 468
"../../../Engine/Plugins/Runtime/OpenXR/Content/Devices/OculusGo/MI_OculusGo.uasset" 469
"../../../Engine/Plugins/Runtime/OpenXR/Content/Devices/OculusGo/MI_OculusGo.uexp" 470
"../../../Engine/Plugins/Runtime/OpenXR/Content/Devices/OculusGo/OculusGoController.uasset" 471
"../../../Engine/Plugins/Runtime/OpenXR/Content/Devices/OculusGo/OculusGoController.uexp" 472
"../../../Engine/Plugins/Runtime/OpenXR/Content/Devices/OculusTouch/MRTexture.uasset" 473
"../../../Engine/Plugins/Runtime/OpenXR/Content/Devices/OculusTouch/MRTexture.uexp" 474
"../../../Engine/Plugins/Runtime/OpenXR/Content/Devices/OculusTouch/MRTexture.ubulk" 475
"../../../Engine/Plugins/Runtime/OpenXR/Content/Devices/OculusTouch/BaseTexture.uasset" 476
"../../../Engine/Plugins/Runtime/OpenXR/Content/Devices/OculusTouch/BaseTexture.uexp" 477
"../../../Engine/Plugins/Runtime/OpenXR/Content/Devices/OculusTouch/BaseTexture.ubulk" 478
"../../../Engine/Plugins/Runtime/OpenXR/Content/Devices/OculusTouch/MI_OculusTouch.uasset" 479
"../../../Engine/Plugins/Runtime/OpenXR/Content/Devices/OculusTouch/MI_OculusTouch.uexp" 480
"../../../Engine/Plugins/Runtime/OpenXR/Content/Devices/OculusTouch/Left/left_OculusTouchController.uasset" 481
"../../../Engine/Plugins/Runtime/OpenXR/Content/Devices/OculusTouch/Left/left_OculusTouchController.uexp" 482
"../../../Engine/Plugins/Runtime/OpenXR/Content/Devices/OculusTouch/Right/right_OculusTouchController.uasset" 483
"../../../Engine/Plugins/Runtime/OpenXR/Content/Devices/OculusTouch/Right/right_OculusTouchController.uexp" 484
"../../../Engine/Plugins/Runtime/OpenXR/Content/Devices/OculusTouch_v3/MRTexture.uasset" 485
"../../../Engine/Plugins/Runtime/OpenXR/Content/Devices/OculusTouch_v3/MRTexture.uexp" 486
"../../../Engine/Plugins/Runtime/OpenXR/Content/Devices/OculusTouch_v3/MRTexture.ubulk" 487
"../../../Engine/Plugins/Runtime/OpenXR/Content/Devices/OculusTouch_v3/BaseTexture.uasset" 488
"../../../Engine/Plugins/Runtime/OpenXR/Content/Devices/OculusTouch_v3/BaseTexture.uexp" 489
"../../../Engine/Plugins/Runtime/OpenXR/Content/Devices/OculusTouch_v3/BaseTexture.ubulk" 490
"../../../Engine/Plugins/Runtime/OpenXR/Content/Devices/OculusTouch_v3/MI_OculusTouch_v3.uasset" 491
"../../../Engine/Plugins/Runtime/OpenXR/Content/Devices/OculusTouch_v3/MI_OculusTouch_v3.uexp" 492
"../../../Engine/Plugins/Runtime/OpenXR/Content/Devices/OculusTouch_v3/Left/left_OculusTouch_v3Controller.uasset" 493
"../../../Engine/Plugins/Runtime/OpenXR/Content/Devices/OculusTouch_v3/Left/left_OculusTouch_v3Controller.uexp" 494
"../../../Engine/Plugins/Runtime/OpenXR/Content/Devices/OculusTouch_v3/Right/right_OculusTouch_v3Controller.uasset" 495
"../../../Engine/Plugins/Runtime/OpenXR/Content/Devices/OculusTouch_v3/Right/right_OculusTouch_v3Controller.uexp" 496
"../../../Engine/Plugins/Runtime/OpenXR/Content/Devices/ValveIndex/MRTexture.uasset" 497
"../../../Engine/Plugins/Runtime/OpenXR/Content/Devices/ValveIndex/MRTexture.uexp" 498
"../../../Engine/Plugins/Runtime/OpenXR/Content/Devices/ValveIndex/MRTexture.ubulk" 499
"../../../Engine/Plugins/Runtime/OpenXR/Content/Devices/ValveIndex/BaseTexture.uasset" 500
"../../../Engine/Plugins/Runtime/OpenXR/Content/Devices/ValveIndex/BaseTexture.uexp" 501
"../../../Engine/Plugins/Runtime/OpenXR/Content/Devices/ValveIndex/BaseTexture.ubulk" 502
"../../../Engine/Plugins/Runtime/OpenXR/Content/Devices/ValveIndex/Left/MI_left_ValveIndex.uasset" 503
"../../../Engine/Plugins/Runtime/OpenXR/Content/Devices/ValveIndex/Left/MI_left_ValveIndex.uexp" 504
"../../../Engine/Plugins/Runtime/OpenXR/Content/Devices/ValveIndex/Left/left_ValveIndexController.uasset" 505
"../../../Engine/Plugins/Runtime/OpenXR/Content/Devices/ValveIndex/Left/left_ValveIndexController.uexp" 506
"../../../Engine/Plugins/Runtime/OpenXR/Content/Devices/ValveIndex/Right/MI_right_ValveIndex.uasset" 507
"../../../Engine/Plugins/Runtime/OpenXR/Content/Devices/ValveIndex/Right/MI_right_ValveIndex.uexp" 508
"../../../Engine/Plugins/Runtime/OpenXR/Content/Devices/ValveIndex/Right/right_ValveIndexController.uasset" 509
"../../../Engine/Plugins/Runtime/OpenXR/Content/Devices/ValveIndex/Right/right_ValveIndexController.uexp" 510
"../../../Engine/Content/Functions/Engine_MaterialFunctions02/Utility/BreakOutFloat4Components.uasset" 511
"../../../Engine/Content/Functions/Engine_MaterialFunctions02/Utility/BreakOutFloat4Components.uexp" 512
"../../../Engine/Content/Functions/Engine_MaterialFunctions02/Utility/MakeFloat3.uasset" 513
"../../../Engine/Content/Functions/Engine_MaterialFunctions02/Utility/MakeFloat3.uexp" 514
"../../../Engine/Plugins/Runtime/Oculus/OculusVR/Content/Materials/OculusMR_ChromaKey.uasset" 515
"../../../Engine/Plugins/Runtime/Oculus/OculusVR/Content/Materials/OculusMR_ChromaKey.uexp" 516
"../../../Engine/Plugins/Runtime/Oculus/OculusVR/Content/Materials/OculusMR_OpaqueColoredMaterial.uasset" 517
"../../../Engine/Plugins/Runtime/Oculus/OculusVR/Content/Materials/OculusMR_OpaqueColoredMaterial.uexp" 518
"../../../Engine/Plugins/Runtime/Oculus/OculusVR/Content/Materials/PokeAHoleMaterial.uasset" 519
"../../../Engine/Plugins/Runtime/Oculus/OculusVR/Content/Materials/PokeAHoleMaterial.uexp" 520
"../../../Engine/Plugins/Runtime/Oculus/OculusVR/Content/Textures/touchController_controlmap.uasset" 521
"../../../Engine/Plugins/Runtime/Oculus/OculusVR/Content/Textures/touchController_controlmap.uexp" 522
"../../../Engine/Plugins/Runtime/Oculus/OculusVR/Content/Textures/touchController_controlmap.ubulk" 523
"../../../Engine/Plugins/Runtime/Oculus/OculusVR/Content/Textures/touchController_albedo.uasset" 524
"../../../Engine/Plugins/Runtime/Oculus/OculusVR/Content/Textures/touchController_albedo.uexp" 525
"../../../Engine/Plugins/Runtime/Oculus/OculusVR/Content/Textures/touchController_albedo.ubulk" 526
"../../../Engine/Plugins/Runtime/Oculus/OculusVR/Content/Materials/touchController_mat.uasset" 527
"../../../Engine/Plugins/Runtime/Oculus/OculusVR/Content/Materials/touchController_mat.uexp" 528
"../../../Engine/Plugins/Runtime/Oculus/OculusVR/Content/Meshes/LeftTouchController.uasset" 529
"../../../Engine/Plugins/Runtime/Oculus/OculusVR/Content/Meshes/LeftTouchController.uexp" 530
"../../../Engine/Plugins/Runtime/Oculus/OculusVR/Content/Textures/TouchForQuestRiftSController_albedo.uasset" 531
"../../../Engine/Plugins/Runtime/Oculus/OculusVR/Content/Textures/TouchForQuestRiftSController_albedo.uexp" 532
"../../../Engine/Plugins/Runtime/Oculus/OculusVR/Content/Textures/TouchForQuestRiftSController_albedo.ubulk" 533
"../../../Engine/Plugins/Runtime/Oculus/OculusVR/Content/Materials/TouchForQuestRiftSControllerMaterial.uasset" 534
"../../../Engine/Plugins/Runtime/Oculus/OculusVR/Content/Materials/TouchForQuestRiftSControllerMaterial.uexp" 535
"../../../Engine/Plugins/Runtime/Oculus/OculusVR/Content/Meshes/LeftTouchForQuestRiftSController.uasset" 536
"../../../Engine/Plugins/Runtime/Oculus/OculusVR/Content/Meshes/LeftTouchForQuestRiftSController.uexp" 537
"../../../Engine/Plugins/Runtime/Oculus/OculusVR/Content/Meshes/RiftHMD.uasset" 538
"../../../Engine/Plugins/Runtime/Oculus/OculusVR/Content/Meshes/RiftHMD.uexp" 539
"../../../Engine/Plugins/Runtime/Oculus/OculusVR/Content/Meshes/RightTouchController.uasset" 540
"../../../Engine/Plugins/Runtime/Oculus/OculusVR/Content/Meshes/RightTouchController.uexp" 541
"../../../Engine/Plugins/Runtime/Oculus/OculusVR/Content/Meshes/RightTouchForQuestRiftSController.uasset" 542
"../../../Engine/Plugins/Runtime/Oculus/OculusVR/Content/Meshes/RightTouchForQuestRiftSController.uexp" 543
"C:/Users/SLATE 15/Documents/GitHub/Hannah-Ashna.github.io/DevSoc-VR-Room/TemplateProject3/Content/RoomAssets/DeskSetup/MonitorMaterialScreen.uasset" 544
"C:/Users/SLATE 15/Documents/GitHub/Hannah-Ashna.github.io/DevSoc-VR-Room/TemplateProject3/Content/RoomAssets/DeskSetup/MonitorMaterialScreen.uexp" 545
"C:/Users/SLATE 15/Documents/GitHub/Hannah-Ashna.github.io/DevSoc-VR-Room/TemplateProject3/Content/RoomAssets/DeskSetup/MonitorMaterialOuter.uasset" 546
"C:/Users/SLATE 15/Documents/GitHub/Hannah-Ashna.github.io/DevSoc-VR-Room/TemplateProject3/Content/RoomAssets/DeskSetup/MonitorMaterialOuter.uexp" 547
"C:/Users/SLATE 15/Documents/GitHub/Hannah-Ashna.github.io/DevSoc-VR-Room/TemplateProject3/Content/RoomAssets/DeskSetup/Monitor.uasset" 548
"C:/Users/SLATE 15/Documents/GitHub/Hannah-Ashna.github.io/DevSoc-VR-Room/TemplateProject3/Content/RoomAssets/DeskSetup/Monitor.uexp" 549
"C:/Users/SLATE 15/Documents/GitHub/Hannah-Ashna.github.io/DevSoc-VR-Room/TemplateProject3/Content/RoomAssets/DeskSetup/DeskMaterialWood.uasset" 550
"C:/Users/SLATE 15/Documents/GitHub/Hannah-Ashna.github.io/DevSoc-VR-Room/TemplateProject3/Content/RoomAssets/DeskSetup/DeskMaterialWood.uexp" 551
"C:/Users/SLATE 15/Documents/GitHub/Hannah-Ashna.github.io/DevSoc-VR-Room/TemplateProject3/Content/RoomAssets/DeskSetup/DeskMaterialMetal.uasset" 552
"C:/Users/SLATE 15/Documents/GitHub/Hannah-Ashna.github.io/DevSoc-VR-Room/TemplateProject3/Content/RoomAssets/DeskSetup/DeskMaterialMetal.uexp" 553
"C:/Users/SLATE 15/Documents/GitHub/Hannah-Ashna.github.io/DevSoc-VR-Room/TemplateProject3/Content/RoomAssets/DeskSetup/Desk.uasset" 554
"C:/Users/SLATE 15/Documents/GitHub/Hannah-Ashna.github.io/DevSoc-VR-Room/TemplateProject3/Content/RoomAssets/DeskSetup/Desk.uexp" 555
"C:/Users/SLATE 15/Documents/GitHub/Hannah-Ashna.github.io/DevSoc-VR-Room/TemplateProject3/Content/RoomAssets/DeskSetup/ChairMaterialPlastic.uasset" 556
"C:/Users/SLATE 15/Documents/GitHub/Hannah-Ashna.github.io/DevSoc-VR-Room/TemplateProject3/Content/RoomAssets/DeskSetup/ChairMaterialPlastic.uexp" 557
"C:/Users/SLATE 15/Documents/GitHub/Hannah-Ashna.github.io/DevSoc-VR-Room/TemplateProject3/Content/RoomAssets/DeskSetup/ChairMaterialMetal.uasset" 558
"C:/Users/SLATE 15/Documents/GitHub/Hannah-Ashna.github.io/DevSoc-VR-Room/TemplateProject3/Content/RoomAssets/DeskSetup/ChairMaterialMetal.uexp" 559
"C:/Users/SLATE 15/Documents/GitHub/Hannah-Ashna.github.io/DevSoc-VR-Room/TemplateProject3/Content/RoomAssets/DeskSetup/ChairMaterialCushion.uasset" 560
"C:/Users/SLATE 15/Documents/GitHub/Hannah-Ashna.github.io/DevSoc-VR-Room/TemplateProject3/Content/RoomAssets/DeskSetup/ChairMaterialCushion.uexp" 561
"C:/Users/SLATE 15/Documents/GitHub/Hannah-Ashna.github.io/DevSoc-VR-Room/TemplateProject3/Content/RoomAssets/DeskSetup/Chair.uasset" 562
"C:/Users/SLATE 15/Documents/GitHub/Hannah-Ashna.github.io/DevSoc-VR-Room/TemplateProject3/Content/RoomAssets/DeskSetup/Chair.uexp" 563
"C:/Users/SLATE 15/Documents/GitHub/Hannah-Ashna.github.io/DevSoc-VR-Room/TemplateProject3/Content/Geometry/Meshes/CubeMaterial.uasset" 564
"C:/Users/SLATE 15/Documents/GitHub/Hannah-Ashna.github.io/DevSoc-VR-Room/TemplateProject3/Content/Geometry/Meshes/CubeMaterial.uexp" 565
"C:/Users/SLATE 15/Documents/GitHub/Hannah-Ashna.github.io/DevSoc-VR-Room/TemplateProject3/Content/Geometry/Meshes/TemplateFloor.uasset" 566
"C:/Users/SLATE 15/Documents/GitHub/Hannah-Ashna.github.io/DevSoc-VR-Room/TemplateProject3/Content/Geometry/Meshes/TemplateFloor.uexp" 567
"../../../Engine/Content/BasicShapes/Cube.uasset" 568
"../../../Engine/Content/BasicShapes/Cube.uexp" 569
"../../../Engine/Content/MapTemplates/Materials/BasicAsset01.uasset" 570
"../../../Engine/Content/MapTemplates/Materials/BasicAsset01.uexp" 571
"../../../Engine/Content/BasicShapes/BasicShapeMaterial.uasset" 572
"../../../Engine/Content/BasicShapes/BasicShapeMaterial.uexp" 573
"C:/Users/SLATE 15/Documents/GitHub/Hannah-Ashna.github.io/DevSoc-VR-Room/TemplateProject3/Content/Maps/BaseLevel_BuiltData.uasset" 574
"C:/Users/SLATE 15/Documents/GitHub/Hannah-Ashna.github.io/DevSoc-VR-Room/TemplateProject3/Content/Maps/BaseLevel_BuiltData.uexp" 575
"C:/Users/SLATE 15/Documents/GitHub/Hannah-Ashna.github.io/DevSoc-VR-Room/TemplateProject3/Content/Maps/BaseLevel_BuiltData.ubulk" 576
"C:/Users/SLATE 15/Documents/GitHub/Hannah-Ashna.github.io/DevSoc-VR-Room/TemplateProject3/Content/Whiteboard/Markers/Geometry/MarkerGreenMaterial.uasset" 577
"C:/Users/SLATE 15/Documents/GitHub/Hannah-Ashna.github.io/DevSoc-VR-Room/TemplateProject3/Content/Whiteboard/Markers/Geometry/MarkerGreenMaterial.uexp" 578
"C:/Users/SLATE 15/Documents/GitHub/Hannah-Ashna.github.io/DevSoc-VR-Room/TemplateProject3/Content/Whiteboard/Markers/GreenMarkerMaterial.uasset" 579
"C:/Users/SLATE 15/Documents/GitHub/Hannah-Ashna.github.io/DevSoc-VR-Room/TemplateProject3/Content/Whiteboard/Markers/GreenMarkerMaterial.uexp" 580
"C:/Users/SLATE 15/Documents/GitHub/Hannah-Ashna.github.io/DevSoc-VR-Room/TemplateProject3/Content/Whiteboard/Markers/Actors/GreenMarker.uasset" 581
"C:/Users/SLATE 15/Documents/GitHub/Hannah-Ashna.github.io/DevSoc-VR-Room/TemplateProject3/Content/Whiteboard/Markers/Actors/GreenMarker.uexp" 582
"C:/Users/SLATE 15/Documents/GitHub/Hannah-Ashna.github.io/DevSoc-VR-Room/TemplateProject3/Content/Whiteboard/Markers/Geometry/MarkerBlueMaterial.uasset" 583
"C:/Users/SLATE 15/Documents/GitHub/Hannah-Ashna.github.io/DevSoc-VR-Room/TemplateProject3/Content/Whiteboard/Markers/Geometry/MarkerBlueMaterial.uexp" 584
"C:/Users/SLATE 15/Documents/GitHub/Hannah-Ashna.github.io/DevSoc-VR-Room/TemplateProject3/Content/Whiteboard/Markers/BlueMarkerMaterial.uasset" 585
"C:/Users/SLATE 15/Documents/GitHub/Hannah-Ashna.github.io/DevSoc-VR-Room/TemplateProject3/Content/Whiteboard/Markers/BlueMarkerMaterial.uexp" 586
"C:/Users/SLATE 15/Documents/GitHub/Hannah-Ashna.github.io/DevSoc-VR-Room/TemplateProject3/Content/Whiteboard/Markers/Actors/BlueMarker.uasset" 587
"C:/Users/SLATE 15/Documents/GitHub/Hannah-Ashna.github.io/DevSoc-VR-Room/TemplateProject3/Content/Whiteboard/Markers/Actors/BlueMarker.uexp" 588
"C:/Users/SLATE 15/Documents/GitHub/Hannah-Ashna.github.io/DevSoc-VR-Room/TemplateProject3/Content/Whiteboard/Markers/Geometry/MarkerBlackMaterial.uasset" 589
"C:/Users/SLATE 15/Documents/GitHub/Hannah-Ashna.github.io/DevSoc-VR-Room/TemplateProject3/Content/Whiteboard/Markers/Geometry/MarkerBlackMaterial.uexp" 590
"C:/Users/SLATE 15/Documents/GitHub/Hannah-Ashna.github.io/DevSoc-VR-Room/TemplateProject3/Content/Whiteboard/Markers/BlackMarkerMaterial.uasset" 591
"C:/Users/SLATE 15/Documents/GitHub/Hannah-Ashna.github.io/DevSoc-VR-Room/TemplateProject3/Content/Whiteboard/Markers/BlackMarkerMaterial.uexp" 592
"C:/Users/SLATE 15/Documents/GitHub/Hannah-Ashna.github.io/DevSoc-VR-Room/TemplateProject3/Content/Whiteboard/Markers/Actors/BlackMarker.uasset" 593
"C:/Users/SLATE 15/Documents/GitHub/Hannah-Ashna.github.io/DevSoc-VR-Room/TemplateProject3/Content/Whiteboard/Markers/Actors/BlackMarker.uexp" 594
"../../../Engine/Plugins/Runtime/OpenXR/Content/Devices/OculusTouch_v2/MRTexture.uasset" 595
"../../../Engine/Plugins/Runtime/OpenXR/Content/Devices/OculusTouch_v2/MRTexture.uexp" 596
"../../../Engine/Plugins/Runtime/OpenXR/Content/Devices/OculusTouch_v2/MRTexture.ubulk" 597
"../../../Engine/Plugins/Runtime/OpenXR/Content/Devices/OculusTouch_v2/BaseTexture.uasset" 598
"../../../Engine/Plugins/Runtime/OpenXR/Content/Devices/OculusTouch_v2/BaseTexture.uexp" 599
"../../../Engine/Plugins/Runtime/OpenXR/Content/Devices/OculusTouch_v2/BaseTexture.ubulk" 600
"../../../Engine/Plugins/Runtime/OpenXR/Content/Devices/OculusTouch_v2/MI_OculusTouch_v2.uasset" 601
"../../../Engine/Plugins/Runtime/OpenXR/Content/Devices/OculusTouch_v2/MI_OculusTouch_v2.uexp" 602
"../../../Engine/Plugins/Runtime/OpenXR/Content/Devices/OculusTouch_v2/Right/right_OculusTouch_v2Controller.uasset" 603
"../../../Engine/Plugins/Runtime/OpenXR/Content/Devices/OculusTouch_v2/Right/right_OculusTouch_v2Controller.uexp" 604
"../../../Engine/Plugins/Runtime/OpenXR/Content/Devices/OculusTouch_v2/Left/left_OculusTouch_v2Controller.uasset" 605
"../../../Engine/Plugins/Runtime/OpenXR/Content/Devices/OculusTouch_v2/Left/left_OculusTouch_v2Controller.uexp" 606
"../../../Engine/Plugins/FX/Niagara/Content/Modules/Update/Color/Color.uasset" 607
"../../../Engine/Plugins/FX/Niagara/Content/Modules/Update/Color/Color.uexp" 608
"../../../Engine/Plugins/FX/Niagara/Content/Enums/ENiagaraRandomnessMode.uasset" 609
"../../../Engine/Plugins/FX/Niagara/Content/Enums/ENiagaraRandomnessMode.uexp" 610
"../../../Engine/Plugins/FX/Niagara/Content/Functions/GetRandomInfo.uasset" 611
"../../../Engine/Plugins/FX/Niagara/Content/Functions/GetRandomInfo.uexp" 612
"../../../Engine/Plugins/FX/Niagara/Content/Functions/RandomRangeFloat.uasset" 613
"../../../Engine/Plugins/FX/Niagara/Content/Functions/RandomRangeFloat.uexp" 614
"../../../Engine/Plugins/FX/Niagara/Content/Functions/Localspace/SimulationPosition.uasset" 615
"../../../Engine/Plugins/FX/Niagara/Content/Functions/Localspace/SimulationPosition.uexp" 616
"../../../Engine/Plugins/FX/Niagara/Content/Modules/Spawn/Initialization/InitializeParticle.uasset" 617
"../../../Engine/Plugins/FX/Niagara/Content/Modules/Spawn/Initialization/InitializeParticle.uexp" 618
"../../../Engine/Plugins/FX/Niagara/Content/Functions/DirectionAndLengthSafe.uasset" 619
"../../../Engine/Plugins/FX/Niagara/Content/Functions/DirectionAndLengthSafe.uexp" 620
"../../../Engine/Plugins/FX/Niagara/Content/Modules/Solvers/SolveForcesAndVelocity.uasset" 621
"../../../Engine/Plugins/FX/Niagara/Content/Modules/Solvers/SolveForcesAndVelocity.uexp" 622
"../../../Engine/Plugins/FX/Niagara/Content/DynamicInputs/ValueFromCurve/FloatFromCurve.uasset" 623
"../../../Engine/Plugins/FX/Niagara/Content/DynamicInputs/ValueFromCurve/FloatFromCurve.uexp" 624
"../../../Engine/Plugins/FX/Niagara/Content/DynamicInputs/ValueFromCurve/ColorFromCurve.uasset" 625
"../../../Engine/Plugins/FX/Niagara/Content/DynamicInputs/ValueFromCurve/ColorFromCurve.uexp" 626
"../../../Engine/Plugins/FX/Niagara/Content/Enums/ENiagaraSystemInactiveMode.uasset" 627
"../../../Engine/Plugins/FX/Niagara/Content/Enums/ENiagaraSystemInactiveMode.uexp" 628
"../../../Engine/Plugins/FX/Niagara/Content/Enums/ENiagaraInactiveMode.uasset" 629
"../../../Engine/Plugins/FX/Niagara/Content/Enums/ENiagaraInactiveMode.uexp" 630
"../../../Engine/Plugins/FX/Niagara/Content/Enums/ENiagaraEmitterScalabilityMode_Limited.uasset" 631
"../../../Engine/Plugins/FX/Niagara/Content/Enums/ENiagaraEmitterScalabilityMode_Limited.uexp" 632
"../../../Engine/Plugins/FX/Niagara/Content/Enums/ENiagara_InfiniteLoopDuration.uasset" 633
"../../../Engine/Plugins/FX/Niagara/Content/Enums/ENiagara_InfiniteLoopDuration.uexp" 634
"../../../Engine/Plugins/FX/Niagara/Content/Enums/ENiagara_EmitterStateOptions.uasset" 635
"../../../Engine/Plugins/FX/Niagara/Content/Enums/ENiagara_EmitterStateOptions.uexp" 636
"../../../Engine/Plugins/FX/Niagara/Content/Modules/Update/Lifetime/ParticleState.uasset" 637
"../../../Engine/Plugins/FX/Niagara/Content/Modules/Update/Lifetime/ParticleState.uexp" 638
"../../../Engine/Plugins/FX/Niagara/Content/Functions/System/SystemChangeState.uasset" 639
"../../../Engine/Plugins/FX/Niagara/Content/Functions/System/SystemChangeState.uexp" 640
"../../../Engine/Plugins/FX/Niagara/Content/Modules/System/SystemState.uasset" 641
"../../../Engine/Plugins/FX/Niagara/Content/Modules/System/SystemState.uexp" 642
"../../../Engine/Plugins/FX/Niagara/Content/Enums/ENiagaraRandomnessEvaluation.uasset" 643
"../../../Engine/Plugins/FX/Niagara/Content/Enums/ENiagaraRandomnessEvaluation.uexp" 644
"../../../Engine/Plugins/FX/Niagara/Content/Functions/V2/CalculateRandomRangeFloat.uasset" 645
"../../../Engine/Plugins/FX/Niagara/Content/Functions/V2/CalculateRandomRangeFloat.uexp" 646
"../../../Engine/Plugins/FX/Niagara/Content/Modules/Emitter/SpawnBurst_Instantaneous.uasset" 647
"../../../Engine/Plugins/FX/Niagara/Content/Modules/Emitter/SpawnBurst_Instantaneous.uexp" 648
"../../../Engine/Plugins/FX/Niagara/Content/Enums/ENiagaraExecutionStateManagement.uasset" 649
"../../../Engine/Plugins/FX/Niagara/Content/Enums/ENiagaraExecutionStateManagement.uexp" 650
"../../../Engine/Plugins/FX/Niagara/Content/Functions/Emitter/EmitterChangeState.uasset" 651
"../../../Engine/Plugins/FX/Niagara/Content/Functions/Emitter/EmitterChangeState.uexp" 652
"../../../Engine/Plugins/FX/Niagara/Content/Enums/ENiagaraEmitterLifeCycleMode.uasset" 653
"../../../Engine/Plugins/FX/Niagara/Content/Enums/ENiagaraEmitterLifeCycleMode.uexp" 654
"../../../Engine/Plugins/FX/Niagara/Content/Modules/Emitter/EmitterState.uasset" 655
"../../../Engine/Plugins/FX/Niagara/Content/Modules/Emitter/EmitterState.uexp" 656
"../../../Engine/Plugins/FX/Niagara/Content/Functions/Spline/FindPositionOnBezierSpline.uasset" 657
"../../../Engine/Plugins/FX/Niagara/Content/Functions/Spline/FindPositionOnBezierSpline.uexp" 658
"../../../Engine/Plugins/FX/Niagara/Content/Functions/NormalizedExecutionIndex.uasset" 659
"../../../Engine/Plugins/FX/Niagara/Content/Functions/NormalizedExecutionIndex.uexp" 660
"../../../Engine/Plugins/FX/Niagara/Content/Modules/Beams/SpawnBeam.uasset" 661
"../../../Engine/Plugins/FX/Niagara/Content/Modules/Beams/SpawnBeam.uexp" 662
"../../../Engine/Plugins/FX/Niagara/Content/Modules/Beams/BeamWidth.uasset" 663
"../../../Engine/Plugins/FX/Niagara/Content/Modules/Beams/BeamWidth.uexp" 664
"../../../Engine/Plugins/FX/Niagara/Content/Functions/Localspace/TransformBase.uasset" 665
"../../../Engine/Plugins/FX/Niagara/Content/Functions/Localspace/TransformBase.uexp" 666
"../../../Engine/Plugins/FX/Niagara/Content/Functions/Localspace/TransformVector.uasset" 667
"../../../Engine/Plugins/FX/Niagara/Content/Functions/Localspace/TransformVector.uexp" 668
"../../../Engine/Plugins/FX/Niagara/Content/Functions/Localspace/TransformPosition.uasset" 669
"../../../Engine/Plugins/FX/Niagara/Content/Functions/Localspace/TransformPosition.uexp" 670
"../../../Engine/Plugins/FX/Niagara/Content/DynamicInputs/Multiply/Multiply_VectorByFloat.uasset" 671
"../../../Engine/Plugins/FX/Niagara/Content/DynamicInputs/Multiply/Multiply_VectorByFloat.uexp" 672
"../../../Engine/Plugins/FX/Niagara/Content/DynamicInputs/Helpers/SimulationPosition.uasset" 673
"../../../Engine/Plugins/FX/Niagara/Content/DynamicInputs/Helpers/SimulationPosition.uexp" 674
"../../../Engine/Plugins/FX/Niagara/Content/Modules/Beams/BeamEmitterSetup.uasset" 675
"../../../Engine/Plugins/FX/Niagara/Content/Modules/Beams/BeamEmitterSetup.uexp" 676
"C:/Users/SLATE 15/Documents/GitHub/Hannah-Ashna.github.io/DevSoc-VR-Room/TemplateProject3/Content/VRTemplate/VFX/NPC_VRTemplate.uasset" 677
"C:/Users/SLATE 15/Documents/GitHub/Hannah-Ashna.github.io/DevSoc-VR-Room/TemplateProject3/Content/VRTemplate/VFX/NPC_VRTemplate.uexp" 678
"C:/Users/SLATE 15/Documents/GitHub/Hannah-Ashna.github.io/DevSoc-VR-Room/TemplateProject3/Content/VRTemplate/Materials/DefaultRibbonMaterial_NoGradient.uasset" 679
"C:/Users/SLATE 15/Documents/GitHub/Hannah-Ashna.github.io/DevSoc-VR-Room/TemplateProject3/Content/VRTemplate/Materials/DefaultRibbonMaterial_NoGradient.uexp" 680
"C:/Users/SLATE 15/Documents/GitHub/Hannah-Ashna.github.io/DevSoc-VR-Room/TemplateProject3/Content/VRTemplate/VFX/NS_TeleportTrace.uasset" 681
"C:/Users/SLATE 15/Documents/GitHub/Hannah-Ashna.github.io/DevSoc-VR-Room/TemplateProject3/Content/VRTemplate/VFX/NS_TeleportTrace.uexp" 682
"../../../Engine/Plugins/FX/Niagara/Content/Enums/ENiagaraTorusMode.uasset" 683
"../../../Engine/Plugins/FX/Niagara/Content/Enums/ENiagaraTorusMode.uexp" 684
"../../../Engine/Plugins/FX/Niagara/Content/Functions/Rotation/MultiplyVectorWithQuaternion.uasset" 685
"../../../Engine/Plugins/FX/Niagara/Content/Functions/Rotation/MultiplyVectorWithQuaternion.uexp" 686
"../../../Engine/Plugins/FX/Niagara/Content/Functions/Rotation/FindQuatBetween.uasset" 687
"../../../Engine/Plugins/FX/Niagara/Content/Functions/Rotation/FindQuatBetween.uexp" 688
"../../../Engine/Plugins/FX/Niagara/Content/Functions/RandomRange.uasset" 689
"../../../Engine/Plugins/FX/Niagara/Content/Functions/RandomRange.uexp" 690
"../../../Engine/Plugins/FX/Niagara/Content/Functions/PolarToCartesianCoordinates.uasset" 691
"../../../Engine/Plugins/FX/Niagara/Content/Functions/PolarToCartesianCoordinates.uexp" 692
"../../../Engine/Plugins/FX/Niagara/Content/Functions/ParametricTorusKnot.uasset" 693
"../../../Engine/Plugins/FX/Niagara/Content/Functions/ParametricTorusKnot.uexp" 694
"../../../Engine/Plugins/FX/Niagara/Content/Functions/ParametricTorus.uasset" 695
"../../../Engine/Plugins/FX/Niagara/Content/Functions/ParametricTorus.uexp" 696
"../../../Engine/Plugins/FX/Niagara/Content/Functions/Rotation/AxisAngleToQuaternion.uasset" 697
"../../../Engine/Plugins/FX/Niagara/Content/Functions/Rotation/AxisAngleToQuaternion.uexp" 698
"../../../Engine/Plugins/FX/Niagara/Content/Functions/Rotation/MultiplyQuaternion.uasset" 699
"../../../Engine/Plugins/FX/Niagara/Content/Functions/Rotation/MultiplyQuaternion.uexp" 700
"../../../Engine/Plugins/FX/Niagara/Content/Enums/ENiagaraTorusDistributionMode.uasset" 701
"../../../Engine/Plugins/FX/Niagara/Content/Enums/ENiagaraTorusDistributionMode.uexp" 702
"../../../Engine/Plugins/FX/Niagara/Content/Modules/Spawn/Location/TorusLocation.uasset" 703
"../../../Engine/Plugins/FX/Niagara/Content/Modules/Spawn/Location/TorusLocation.uexp" 704
"../../../Engine/Plugins/FX/Niagara/Content/Functions/V2/CalculateRandomRange.uasset" 705
"../../../Engine/Plugins/FX/Niagara/Content/Functions/V2/CalculateRandomRange.uexp" 706
"../../../Engine/Plugins/FX/Niagara/Content/Functions/LinearColor/HueShiftLinearColor.uasset" 707
"../../../Engine/Plugins/FX/Niagara/Content/Functions/LinearColor/HueShiftLinearColor.uexp" 708
"../../../Engine/Plugins/FX/Niagara/Content/Enums/Ribbons/ENiagara_UnsetDirectSet.uasset" 709
"../../../Engine/Plugins/FX/Niagara/Content/Enums/Ribbons/ENiagara_UnsetDirectSet.uexp" 710
"../../../Engine/Plugins/FX/Niagara/Content/Enums/ENiagaraChannelCorrelation.uasset" 711
"../../../Engine/Plugins/FX/Niagara/Content/Enums/ENiagaraChannelCorrelation.uexp" 712
"../../../Engine/Plugins/FX/Niagara/Content/Enums/ENiagara_PositionInitializationMode.uasset" 713
"../../../Engine/Plugins/FX/Niagara/Content/Enums/ENiagara_PositionInitializationMode.uexp" 714
"../../../Engine/Plugins/FX/Niagara/Content/Enums/ENiagara_MassInitializationMode.uasset" 715
"../../../Engine/Plugins/FX/Niagara/Content/Enums/ENiagara_MassInitializationMode.uexp" 716
"../../../Engine/Plugins/FX/Niagara/Content/Enums/ENiagara_LifetimeMode.uasset" 717
"../../../Engine/Plugins/FX/Niagara/Content/Enums/ENiagara_LifetimeMode.uexp" 718
"../../../Engine/Plugins/FX/Niagara/Content/Enums/ENiagara_ColorInitializationMode.uasset" 719
"../../../Engine/Plugins/FX/Niagara/Content/Enums/ENiagara_ColorInitializationMode.uexp" 720
"../../../Engine/Plugins/FX/Niagara/Content/Modules/Spawn/Initialization/InitializeRibbon.uasset" 721
"../../../Engine/Plugins/FX/Niagara/Content/Modules/Spawn/Initialization/InitializeRibbon.uexp" 722
"../../../Engine/Plugins/FX/Niagara/Content/DynamicInputs/Execution/ReturnNormalizedExecIndex.uasset" 723
"../../../Engine/Plugins/FX/Niagara/Content/DynamicInputs/Execution/ReturnNormalizedExecIndex.uexp" 724
"../../../Engine/Plugins/FX/Niagara/Content/Enums/Ribbons/ENiagara_UnsetDirectSetRandom.uasset" 725
"../../../Engine/Plugins/FX/Niagara/Content/Enums/Ribbons/ENiagara_UnsetDirectSetRandom.uexp" 726
"../../../Engine/Plugins/FX/Niagara/Content/Enums/ENiagara_UVFlippingMode.uasset" 727
"../../../Engine/Plugins/FX/Niagara/Content/Enums/ENiagara_UVFlippingMode.uexp" 728
"../../../Engine/Plugins/FX/Niagara/Content/Enums/ENiagara_SpriteRotationMode.uasset" 729
"../../../Engine/Plugins/FX/Niagara/Content/Enums/ENiagara_SpriteRotationMode.uexp" 730
"../../../Engine/Plugins/FX/Niagara/Content/Enums/ENiagara_SizeScaleMode.uasset" 731
"../../../Engine/Plugins/FX/Niagara/Content/Enums/ENiagara_SizeScaleMode.uexp" 732
"../../../Engine/Plugins/FX/Niagara/Content/Functions/V2/CalculateRandomRangeInteger.uasset" 733
"../../../Engine/Plugins/FX/Niagara/Content/Functions/V2/CalculateRandomRangeInteger.uexp" 734
"../../../Engine/Plugins/FX/Niagara/Content/Functions/V2/CalculateRandomBool.uasset" 735
"../../../Engine/Plugins/FX/Niagara/Content/Functions/V2/CalculateRandomBool.uexp" 736
"../../../Engine/Plugins/FX/Niagara/Content/Modules/Spawn/Initialization/V2/InitializeParticle.uasset" 737
"../../../Engine/Plugins/FX/Niagara/Content/Modules/Spawn/Initialization/V2/InitializeParticle.uexp" 738
"../../../Engine/Content/EngineMaterials/Good64x64TilingNoiseHighFreq.uasset" 739
"../../../Engine/Content/EngineMaterials/Good64x64TilingNoiseHighFreq.uexp" 740
"../../../Engine/Content/Functions/Engine_MaterialFunctions02/Utility/DepthFromWorldPosition.uasset" 741
"../../../Engine/Content/Functions/Engine_MaterialFunctions02/Utility/DepthFromWorldPosition.uexp" 742
"C:/Users/SLATE 15/Documents/GitHub/Hannah-Ashna.github.io/DevSoc-VR-Room/TemplateProject3/Content/VRTemplate/Materials/Functions/MF_OccludedPixels.uasset" 743
"C:/Users/SLATE 15/Documents/GitHub/Hannah-Ashna.github.io/DevSoc-VR-Room/TemplateProject3/Content/VRTemplate/Materials/Functions/MF_OccludedPixels.uexp" 744
"C:/Users/SLATE 15/Documents/GitHub/Hannah-Ashna.github.io/DevSoc-VR-Room/TemplateProject3/Content/VRTemplate/Materials/M_TeleportNoise.uasset" 745
"C:/Users/SLATE 15/Documents/GitHub/Hannah-Ashna.github.io/DevSoc-VR-Room/TemplateProject3/Content/VRTemplate/Materials/M_TeleportNoise.uexp" 746
"C:/Users/SLATE 15/Documents/GitHub/Hannah-Ashna.github.io/DevSoc-VR-Room/TemplateProject3/Content/VRTemplate/Materials/M_TeleportCylinder.uasset" 747
"C:/Users/SLATE 15/Documents/GitHub/Hannah-Ashna.github.io/DevSoc-VR-Room/TemplateProject3/Content/VRTemplate/Materials/M_TeleportCylinder.uexp" 748
"C:/Users/SLATE 15/Documents/GitHub/Hannah-Ashna.github.io/DevSoc-VR-Room/TemplateProject3/Content/VRTemplate/VFX/NS_TeleportRing.uasset" 749
"C:/Users/SLATE 15/Documents/GitHub/Hannah-Ashna.github.io/DevSoc-VR-Room/TemplateProject3/Content/VRTemplate/VFX/NS_TeleportRing.uexp" 750
"../../../Engine/Plugins/FX/Niagara/Content/Enums/ENiagaraArraySamplingMode.uasset" 751
"../../../Engine/Plugins/FX/Niagara/Content/Enums/ENiagaraArraySamplingMode.uexp" 752
"../../../Engine/Plugins/FX/Niagara/Content/Enums/ENiagara_WrapClamp.uasset" 753
"../../../Engine/Plugins/FX/Niagara/Content/Enums/ENiagara_WrapClamp.uexp" 754
"../../../Engine/Plugins/FX/Niagara/Content/DynamicInputs/Multiply/Multiply_Vector.uasset" 755
"../../../Engine/Plugins/FX/Niagara/Content/DynamicInputs/Multiply/Multiply_Vector.uexp" 756
"../../../Engine/Plugins/FX/Niagara/Content/DynamicInputs/Execution/ReturnExecIndex.uasset" 757
"../../../Engine/Plugins/FX/Niagara/Content/DynamicInputs/Execution/ReturnExecIndex.uexp" 758
"../../../Engine/Plugins/FX/Niagara/Content/DynamicInputs/Arrays/SelectVectorFromArray.uasset" 759
"../../../Engine/Plugins/FX/Niagara/Content/DynamicInputs/Arrays/SelectVectorFromArray.uexp" 760
"C:/Users/SLATE 15/Documents/GitHub/Hannah-Ashna.github.io/DevSoc-VR-Room/TemplateProject3/Content/VRTemplate/VFX/NS_PlayAreaBounds.uasset" 761
"C:/Users/SLATE 15/Documents/GitHub/Hannah-Ashna.github.io/DevSoc-VR-Room/TemplateProject3/Content/VRTemplate/VFX/NS_PlayAreaBounds.uexp" 762
"C:/Users/SLATE 15/Documents/GitHub/Hannah-Ashna.github.io/DevSoc-VR-Room/TemplateProject3/Content/VRTemplate/Blueprints/VRTeleportVisualizer.uasset" 763
"C:/Users/SLATE 15/Documents/GitHub/Hannah-Ashna.github.io/DevSoc-VR-Room/TemplateProject3/Content/VRTemplate/Blueprints/VRTeleportVisualizer.uexp" 764
"C:/Users/SLATE 15/Documents/GitHub/Hannah-Ashna.github.io/DevSoc-VR-Room/TemplateProject3/Content/VRTemplate/Materials/M_Projectile.uasset" 765
"C:/Users/SLATE 15/Documents/GitHub/Hannah-Ashna.github.io/DevSoc-VR-Room/TemplateProject3/Content/VRTemplate/Materials/M_Projectile.uexp" 766
"C:/Users/SLATE 15/Documents/GitHub/Hannah-Ashna.github.io/DevSoc-VR-Room/TemplateProject3/Content/VRTemplate/Materials/MI_Projectile.uasset" 767
"C:/Users/SLATE 15/Documents/GitHub/Hannah-Ashna.github.io/DevSoc-VR-Room/TemplateProject3/Content/VRTemplate/Materials/MI_Projectile.uexp" 768
"../../../Engine/Content/BasicShapes/Sphere.uasset" 769
"../../../Engine/Content/BasicShapes/Sphere.uexp" 770
"C:/Users/SLATE 15/Documents/GitHub/Hannah-Ashna.github.io/DevSoc-VR-Room/TemplateProject3/Content/VRTemplate/Blueprints/Projectile.uasset" 771
"C:/Users/SLATE 15/Documents/GitHub/Hannah-Ashna.github.io/DevSoc-VR-Room/TemplateProject3/Content/VRTemplate/Blueprints/Projectile.uexp" 772
"../../../Engine/Content/EditorBlueprintResources/StandardMacros.uasset" 773
"../../../Engine/Content/EditorBlueprintResources/StandardMacros.uexp" 774
"C:/Users/SLATE 15/Documents/GitHub/Hannah-Ashna.github.io/DevSoc-VR-Room/TemplateProject3/Content/VRTemplate/Blueprints/WidgetMenu.uasset" 775
"C:/Users/SLATE 15/Documents/GitHub/Hannah-Ashna.github.io/DevSoc-VR-Room/TemplateProject3/Content/VRTemplate/Blueprints/WidgetMenu.uexp" 776
"C:/Users/SLATE 15/Documents/GitHub/Hannah-Ashna.github.io/DevSoc-VR-Room/TemplateProject3/Content/VRTemplate/VFX/NS_MenuLaser.uasset" 777
"C:/Users/SLATE 15/Documents/GitHub/Hannah-Ashna.github.io/DevSoc-VR-Room/TemplateProject3/Content/VRTemplate/VFX/NS_MenuLaser.uexp" 778
"C:/Users/SLATE 15/Documents/GitHub/Hannah-Ashna.github.io/DevSoc-VR-Room/TemplateProject3/Content/VRTemplate/Materials/M_VRCursor.uasset" 779
"C:/Users/SLATE 15/Documents/GitHub/Hannah-Ashna.github.io/DevSoc-VR-Room/TemplateProject3/Content/VRTemplate/Materials/M_VRCursor.uexp" 780
"C:/Users/SLATE 15/Documents/GitHub/Hannah-Ashna.github.io/DevSoc-VR-Room/TemplateProject3/Content/VRTemplate/Blueprints/Menu.uasset" 781
"C:/Users/SLATE 15/Documents/GitHub/Hannah-Ashna.github.io/DevSoc-VR-Room/TemplateProject3/Content/VRTemplate/Blueprints/Menu.uexp" 782
"C:/Users/SLATE 15/Documents/GitHub/Hannah-Ashna.github.io/DevSoc-VR-Room/TemplateProject3/Content/VRTemplate/Blueprints/VRPawn.uasset" 783
"C:/Users/SLATE 15/Documents/GitHub/Hannah-Ashna.github.io/DevSoc-VR-Room/TemplateProject3/Content/VRTemplate/Blueprints/VRPawn.uexp" 784
"C:/Users/SLATE 15/Documents/GitHub/Hannah-Ashna.github.io/DevSoc-VR-Room/TemplateProject3/Content/VRTemplate/Blueprints/VRGameMode.uasset" 785
"C:/Users/SLATE 15/Documents/GitHub/Hannah-Ashna.github.io/DevSoc-VR-Room/TemplateProject3/Content/VRTemplate/Blueprints/VRGameMode.uexp" 786
"C:/Users/SLATE 15/Documents/GitHub/Hannah-Ashna.github.io/DevSoc-VR-Room/TemplateProject3/Content/Maps/BaseLevel.uexp" 787
"C:/Users/SLATE 15/Documents/GitHub/Hannah-Ashna.github.io/DevSoc-VR-Room/TemplateProject3/Content/Maps/BaseLevel.umap" 788
"../../../Engine/Content/VREditor/BasicMeshes/T_CleanFloorGrunge_01_D.uasset" 789
"../../../Engine/Content/VREditor/BasicMeshes/T_CleanFloorGrunge_01_D.uexp" 790
"../../../Engine/Content/VREditor/BasicMeshes/T_CleanFloorGrunge_01_D.ubulk" 791
"../../../Engine/Content/VREditor/BasicMeshes/M_Floor_01.uasset" 792
"../../../Engine/Content/VREditor/BasicMeshes/M_Floor_01.uexp" 793
"../../../Engine/Content/VREditor/BasicMeshes/MI_Ball_01.uasset" 794
"../../../Engine/Content/VREditor/BasicMeshes/MI_Ball_01.uexp" 795
"../../../Engine/Content/VREditor/BasicMeshes/SM_Ball_01.uasset" 796
"../../../Engine/Content/VREditor/BasicMeshes/SM_Ball_01.uexp" 797
"../../../Engine/Content/EngineSky/T_Sky_Stars.uasset" 798
"../../../Engine/Content/EngineSky/T_Sky_Stars.uexp" 799
"../../../Engine/Content/EngineSky/T_Sky_Stars.ubulk" 800
"../../../Engine/Content/EngineSky/T_Sky_Clouds_M.uasset" 801
"../../../Engine/Content/EngineSky/T_Sky_Clouds_M.uexp" 802
"../../../Engine/Content/EngineSky/T_Sky_Clouds_M.ubulk" 803
"../../../Engine/Content/EngineSky/T_Sky_Blue.uasset" 804
"../../../Engine/Content/EngineSky/T_Sky_Blue.uexp" 805
"../../../Engine/Content/EngineSky/T_Sky_Blue.ubulk" 806
"C:/Users/SLATE 15/Documents/GitHub/Hannah-Ashna.github.io/DevSoc-VR-Room/TemplateProject3/Content/VRTemplate/Textures/T_Grid.uasset" 807
"C:/Users/SLATE 15/Documents/GitHub/Hannah-Ashna.github.io/DevSoc-VR-Room/TemplateProject3/Content/VRTemplate/Textures/T_Grid.uexp" 808
"C:/Users/SLATE 15/Documents/GitHub/Hannah-Ashna.github.io/DevSoc-VR-Room/TemplateProject3/Content/VRTemplate/Textures/T_Grid.ubulk" 809
"../../../Engine/Content/Functions/Engine_MaterialFunctions02/Utility/AppendMany.uasset" 810
"../../../Engine/Content/Functions/Engine_MaterialFunctions02/Utility/AppendMany.uexp" 811
"../../../Engine/Content/Functions/Engine_MaterialFunctions01/Gradient/LinearGradient.uasset" 812
"../../../Engine/Content/Functions/Engine_MaterialFunctions01/Gradient/LinearGradient.uexp" 813
"../../../Engine/Content/Functions/Engine_MaterialFunctions01/ImageAdjustment/CheapContrast.uasset" 814
"../../../Engine/Content/Functions/Engine_MaterialFunctions01/ImageAdjustment/CheapContrast.uexp" 815
"../../../Engine/Content/Functions/Engine_MaterialFunctions01/Texturing/WorldAlignedTexture.uasset" 816
"../../../Engine/Content/Functions/Engine_MaterialFunctions01/Texturing/WorldAlignedTexture.uexp" 817
"C:/Users/SLATE 15/Documents/GitHub/Hannah-Ashna.github.io/DevSoc-VR-Room/TemplateProject3/Content/VRTemplate/Materials/M_GridRotation.uasset" 818
"C:/Users/SLATE 15/Documents/GitHub/Hannah-Ashna.github.io/DevSoc-VR-Room/TemplateProject3/Content/VRTemplate/Materials/M_GridRotation.uexp" 819
"C:/Users/SLATE 15/Documents/GitHub/Hannah-Ashna.github.io/DevSoc-VR-Room/TemplateProject3/Content/VRTemplate/Materials/MI_Grid_Default.uasset" 820
"C:/Users/SLATE 15/Documents/GitHub/Hannah-Ashna.github.io/DevSoc-VR-Room/TemplateProject3/Content/VRTemplate/Materials/MI_Grid_Default.uexp" 821
"C:/Users/SLATE 15/Documents/GitHub/Hannah-Ashna.github.io/DevSoc-VR-Room/TemplateProject3/Content/VRTemplate/Materials/MI_Grid_Accent.uasset" 822
"C:/Users/SLATE 15/Documents/GitHub/Hannah-Ashna.github.io/DevSoc-VR-Room/TemplateProject3/Content/VRTemplate/Materials/MI_Grid_Accent.uexp" 823
"../../../Engine/Content/EngineSky/M_Sky_Panning_Clouds2.uasset" 824
"../../../Engine/Content/EngineSky/M_Sky_Panning_Clouds2.uexp" 825
"C:/Users/SLATE 15/Documents/GitHub/Hannah-Ashna.github.io/DevSoc-VR-Room/TemplateProject3/Content/VRTemplate/Maps/VRTemplateMap_BuiltData.uasset" 826
"C:/Users/SLATE 15/Documents/GitHub/Hannah-Ashna.github.io/DevSoc-VR-Room/TemplateProject3/Content/VRTemplate/Maps/VRTemplateMap_BuiltData.uexp" 827
"C:/Users/SLATE 15/Documents/GitHub/Hannah-Ashna.github.io/DevSoc-VR-Room/TemplateProject3/Content/VRTemplate/Maps/VRTemplateMap_BuiltData.ubulk" 828
"../../../Engine/Content/EngineSky/SM_SkySphere.uasset" 829
"../../../Engine/Content/EngineSky/SM_SkySphere.uexp" 830
"../../../Engine/Content/EngineSky/C_Sky_Zenith_Color.uasset" 831
"../../../Engine/Content/EngineSky/C_Sky_Zenith_Color.uexp" 832
"../../../Engine/Content/EngineSky/C_Sky_Horizon_Color.uasset" 833
"../../../Engine/Content/EngineSky/C_Sky_Horizon_Color.uexp" 834
"../../../Engine/Content/EngineSky/C_Sky_Cloud_Color.uasset" 835
"../../../Engine/Content/EngineSky/C_Sky_Cloud_Color.uexp" 836
"../../../Engine/Content/EngineSky/BP_Sky_Sphere.uasset" 837
"../../../Engine/Content/EngineSky/BP_Sky_Sphere.uexp" 838
"C:/Users/SLATE 15/Documents/GitHub/Hannah-Ashna.github.io/DevSoc-VR-Room/TemplateProject3/Content/VRTemplate/Haptics/PistolFireHapticEffect.uasset" 839
"C:/Users/SLATE 15/Documents/GitHub/Hannah-Ashna.github.io/DevSoc-VR-Room/TemplateProject3/Content/VRTemplate/Haptics/PistolFireHapticEffect.uexp" 840
"C:/Users/SLATE 15/Documents/GitHub/Hannah-Ashna.github.io/DevSoc-VR-Room/TemplateProject3/Content/FPWeapon/Mesh/SK_FPGun_Skeleton.uasset" 841
"C:/Users/SLATE 15/Documents/GitHub/Hannah-Ashna.github.io/DevSoc-VR-Room/TemplateProject3/Content/FPWeapon/Mesh/SK_FPGun_Skeleton.uexp" 842
"C:/Users/SLATE 15/Documents/GitHub/Hannah-Ashna.github.io/DevSoc-VR-Room/TemplateProject3/Content/FPWeapon/Mesh/SK_FPGun_PhysicsAsset.uasset" 843
"C:/Users/SLATE 15/Documents/GitHub/Hannah-Ashna.github.io/DevSoc-VR-Room/TemplateProject3/Content/FPWeapon/Mesh/SK_FPGun_PhysicsAsset.uexp" 844
"C:/Users/SLATE 15/Documents/GitHub/Hannah-Ashna.github.io/DevSoc-VR-Room/TemplateProject3/Content/FPWeapon/Textures/T_FPGun_N.uasset" 845
"C:/Users/SLATE 15/Documents/GitHub/Hannah-Ashna.github.io/DevSoc-VR-Room/TemplateProject3/Content/FPWeapon/Textures/T_FPGun_N.uexp" 846
"C:/Users/SLATE 15/Documents/GitHub/Hannah-Ashna.github.io/DevSoc-VR-Room/TemplateProject3/Content/FPWeapon/Textures/T_FPGun_N.ubulk" 847
"C:/Users/SLATE 15/Documents/GitHub/Hannah-Ashna.github.io/DevSoc-VR-Room/TemplateProject3/Content/FPWeapon/Textures/T_FPGun_M.uasset" 848
"C:/Users/SLATE 15/Documents/GitHub/Hannah-Ashna.github.io/DevSoc-VR-Room/TemplateProject3/Content/FPWeapon/Textures/T_FPGun_M.uexp" 849
"C:/Users/SLATE 15/Documents/GitHub/Hannah-Ashna.github.io/DevSoc-VR-Room/TemplateProject3/Content/FPWeapon/Textures/T_FPGun_M.ubulk" 850
"C:/Users/SLATE 15/Documents/GitHub/Hannah-Ashna.github.io/DevSoc-VR-Room/TemplateProject3/Content/FPWeapon/Materials/MaterialLayers/T_ML_Rubber_Blue_01_N.uasset" 851
"C:/Users/SLATE 15/Documents/GitHub/Hannah-Ashna.github.io/DevSoc-VR-Room/TemplateProject3/Content/FPWeapon/Materials/MaterialLayers/T_ML_Rubber_Blue_01_N.uexp" 852
"C:/Users/SLATE 15/Documents/GitHub/Hannah-Ashna.github.io/DevSoc-VR-Room/TemplateProject3/Content/FPWeapon/Materials/MaterialLayers/T_ML_Rubber_Blue_01_N.ubulk" 853
"C:/Users/SLATE 15/Documents/GitHub/Hannah-Ashna.github.io/DevSoc-VR-Room/TemplateProject3/Content/FPWeapon/Materials/MaterialLayers/T_ML_Rubber_Blue_01_D.uasset" 854
"C:/Users/SLATE 15/Documents/GitHub/Hannah-Ashna.github.io/DevSoc-VR-Room/TemplateProject3/Content/FPWeapon/Materials/MaterialLayers/T_ML_Rubber_Blue_01_D.uexp" 855
"C:/Users/SLATE 15/Documents/GitHub/Hannah-Ashna.github.io/DevSoc-VR-Room/TemplateProject3/Content/FPWeapon/Materials/MaterialLayers/T_ML_Rubber_Blue_01_D.ubulk" 856
"C:/Users/SLATE 15/Documents/GitHub/Hannah-Ashna.github.io/DevSoc-VR-Room/TemplateProject3/Content/FPWeapon/Materials/MaterialLayers/T_ML_Aluminum01_N.uasset" 857
"C:/Users/SLATE 15/Documents/GitHub/Hannah-Ashna.github.io/DevSoc-VR-Room/TemplateProject3/Content/FPWeapon/Materials/MaterialLayers/T_ML_Aluminum01_N.uexp" 858
"C:/Users/SLATE 15/Documents/GitHub/Hannah-Ashna.github.io/DevSoc-VR-Room/TemplateProject3/Content/FPWeapon/Materials/MaterialLayers/T_ML_Aluminum01_N.ubulk" 859
"C:/Users/SLATE 15/Documents/GitHub/Hannah-Ashna.github.io/DevSoc-VR-Room/TemplateProject3/Content/FPWeapon/Materials/MaterialLayers/T_ML_Aluminum01.uasset" 860
"C:/Users/SLATE 15/Documents/GitHub/Hannah-Ashna.github.io/DevSoc-VR-Room/TemplateProject3/Content/FPWeapon/Materials/MaterialLayers/T_ML_Aluminum01.uexp" 861
"C:/Users/SLATE 15/Documents/GitHub/Hannah-Ashna.github.io/DevSoc-VR-Room/TemplateProject3/Content/FPWeapon/Materials/MaterialLayers/T_ML_Aluminum01.ubulk" 862
"C:/Users/SLATE 15/Documents/GitHub/Hannah-Ashna.github.io/DevSoc-VR-Room/TemplateProject3/Content/FPWeapon/Materials/MaterialLayers/ML_SoftMetal_UE4.uasset" 863
"C:/Users/SLATE 15/Documents/GitHub/Hannah-Ashna.github.io/DevSoc-VR-Room/TemplateProject3/Content/FPWeapon/Materials/MaterialLayers/ML_SoftMetal_UE4.uexp" 864
"C:/Users/SLATE 15/Documents/GitHub/Hannah-Ashna.github.io/DevSoc-VR-Room/TemplateProject3/Content/FPWeapon/Materials/MaterialLayers/ML_Screen.uasset" 865
"C:/Users/SLATE 15/Documents/GitHub/Hannah-Ashna.github.io/DevSoc-VR-Room/TemplateProject3/Content/FPWeapon/Materials/MaterialLayers/ML_Screen.uexp" 866
"../../../Engine/Content/Functions/Engine_MaterialFunctions02/Utility/BlendAngleCorrectedNormals.uasset" 867
"../../../Engine/Content/Functions/Engine_MaterialFunctions02/Utility/BlendAngleCorrectedNormals.uexp" 868
"../../../Engine/Content/Functions/MaterialLayerFunctions/MatLayerBlend_NormalBlend.uasset" 869
"../../../Engine/Content/Functions/MaterialLayerFunctions/MatLayerBlend_NormalBlend.uexp" 870
"../../../Engine/Content/Functions/MaterialLayerFunctions/MatLayerBlend_Simple.uasset" 871
"../../../Engine/Content/Functions/MaterialLayerFunctions/MatLayerBlend_Simple.uexp" 872
"C:/Users/SLATE 15/Documents/GitHub/Hannah-Ashna.github.io/DevSoc-VR-Room/TemplateProject3/Content/FPWeapon/Materials/MaterialLayers/ML_GlossyBlack_Latex_UE4.uasset" 873
"C:/Users/SLATE 15/Documents/GitHub/Hannah-Ashna.github.io/DevSoc-VR-Room/TemplateProject3/Content/FPWeapon/Materials/MaterialLayers/ML_GlossyBlack_Latex_UE4.uexp" 874
"C:/Users/SLATE 15/Documents/GitHub/Hannah-Ashna.github.io/DevSoc-VR-Room/TemplateProject3/Content/FPWeapon/Materials/MaterialLayers/ML_Plastic_Shiny_Beige.uasset" 875
"C:/Users/SLATE 15/Documents/GitHub/Hannah-Ashna.github.io/DevSoc-VR-Room/TemplateProject3/Content/FPWeapon/Materials/MaterialLayers/ML_Plastic_Shiny_Beige.uexp" 876
"C:/Users/SLATE 15/Documents/GitHub/Hannah-Ashna.github.io/DevSoc-VR-Room/TemplateProject3/Content/FPWeapon/Materials/M_FPGun.uasset" 877
"C:/Users/SLATE 15/Documents/GitHub/Hannah-Ashna.github.io/DevSoc-VR-Room/TemplateProject3/Content/FPWeapon/Materials/M_FPGun.uexp" 878
"C:/Users/SLATE 15/Documents/GitHub/Hannah-Ashna.github.io/DevSoc-VR-Room/TemplateProject3/Content/FPWeapon/Mesh/SK_FPGun.uasset" 879
"C:/Users/SLATE 15/Documents/GitHub/Hannah-Ashna.github.io/DevSoc-VR-Room/TemplateProject3/Content/FPWeapon/Mesh/SK_FPGun.uexp" 880
"C:/Users/SLATE 15/Documents/GitHub/Hannah-Ashna.github.io/DevSoc-VR-Room/TemplateProject3/Content/VRTemplate/Blueprints/Pistol.uasset" 881
"C:/Users/SLATE 15/Documents/GitHub/Hannah-Ashna.github.io/DevSoc-VR-Room/TemplateProject3/Content/VRTemplate/Blueprints/Pistol.uexp" 882
"../../../Engine/Content/VREditor/BasicMeshes/MI_Cube_01.uasset" 883
"../../../Engine/Content/VREditor/BasicMeshes/MI_Cube_01.uexp" 884
"../../../Engine/Content/VREditor/BasicMeshes/SM_Cube_01.uasset" 885
"../../../Engine/Content/VREditor/BasicMeshes/SM_Cube_01.uexp" 886
"C:/Users/SLATE 15/Documents/GitHub/Hannah-Ashna.github.io/DevSoc-VR-Room/TemplateProject3/Content/VRTemplate/Blueprints/Grabbable_SmallCube.uasset" 887
"C:/Users/SLATE 15/Documents/GitHub/Hannah-Ashna.github.io/DevSoc-VR-Room/TemplateProject3/Content/VRTemplate/Blueprints/Grabbable_SmallCube.uexp" 888
"C:/Users/SLATE 15/Documents/GitHub/Hannah-Ashna.github.io/DevSoc-VR-Room/TemplateProject3/Content/VRTemplate/Audio/Fire01.uasset" 889
"C:/Users/SLATE 15/Documents/GitHub/Hannah-Ashna.github.io/DevSoc-VR-Room/TemplateProject3/Content/VRTemplate/Audio/Fire01.uexp" 890
"C:/Users/SLATE 15/Documents/GitHub/Hannah-Ashna.github.io/DevSoc-VR-Room/TemplateProject3/Content/VRTemplate/Audio/Fire_Cue.uasset" 891
"C:/Users/SLATE 15/Documents/GitHub/Hannah-Ashna.github.io/DevSoc-VR-Room/TemplateProject3/Content/VRTemplate/Audio/Fire_Cue.uexp" 892
"C:/Users/SLATE 15/Documents/GitHub/Hannah-Ashna.github.io/DevSoc-VR-Room/TemplateProject3/Content/Geometry/Meshes/1M_Cube_Chamfer.uasset" 893
"C:/Users/SLATE 15/Documents/GitHub/Hannah-Ashna.github.io/DevSoc-VR-Room/TemplateProject3/Content/Geometry/Meshes/1M_Cube_Chamfer.uexp" 894
"C:/Users/SLATE 15/Documents/GitHub/Hannah-Ashna.github.io/DevSoc-VR-Room/TemplateProject3/Content/Geometry/Meshes/1M_Cube.uasset" 895
"C:/Users/SLATE 15/Documents/GitHub/Hannah-Ashna.github.io/DevSoc-VR-Room/TemplateProject3/Content/Geometry/Meshes/1M_Cube.uexp" 896
"C:/Users/SLATE 15/Documents/GitHub/Hannah-Ashna.github.io/DevSoc-VR-Room/TemplateProject3/Content/VRTemplate/Maps/VRTemplateMap.uexp" 897
"C:/Users/SLATE 15/Documents/GitHub/Hannah-Ashna.github.io/DevSoc-VR-Room/TemplateProject3/Content/VRTemplate/Maps/VRTemplateMap.umap" 898
"../../../Engine/Content/Maps/Entry_BuiltData.uasset" 899
"../../../Engine/Content/Maps/Entry_BuiltData.uexp" 900
"../../../Engine/Content/Maps/Entry.uexp" 901
"../../../Engine/Content/Maps/Entry.umap" 902
