Log file open, 10/30/22 18:38:16
LogWindows: Failed to load 'aqProf.dll' (GetLastError=126)
LogWindows: File 'aqProf.dll' does not exist
LogWindows: Failed to load 'VtuneApi.dll' (GetLastError=126)
LogWindows: File 'VtuneApi.dll' does not exist
LogWindows: Failed to load 'VtuneApi32e.dll' (GetLastError=126)
LogWindows: File 'VtuneApi32e.dll' does not exist
LogConsoleResponse: Display: Failed to find resolution value strings in scalability ini. Falling back to default.
LogConsoleResponse: Display: Failed to find resolution value strings in scalability ini. Falling back to default.
LogInit: Display: Running engine for game: VRBarebonesDeffered
LogPlatformFile: Not using cached read wrapper
LogTaskGraph: Started task graph with 5 named threads and 35 total threads with 3 sets of task threads.
LogStats: Stats thread started at 1.118138
LogICUInternationalization: ICU TimeZone Detection - Raw Offset: +0:00, Platform Override: ''
LogInit: Display: Loading text-based GConfig....
LogPluginManager: Mounting plugin MeshPainting
LogPluginManager: Mounting plugin XGEController
LogPluginManager: Mounting plugin Paper2D
LogPluginManager: Mounting plugin LiveLink
LogPluginManager: Mounting plugin LightPropagationVolume
LogPluginManager: Mounting plugin OodleData
LogPluginManager: Mounting plugin CameraShakePreviewer
LogPluginManager: Mounting plugin AISupport
LogPluginManager: Mounting plugin EnvironmentQueryEditor
LogPluginManager: Mounting plugin OodleNetwork
LogPluginManager: Mounting plugin GameplayCameras
LogPluginManager: Mounting plugin DatasmithContent
LogPluginManager: Mounting plugin VariantManagerContent
LogPluginManager: Mounting plugin Niagara
LogPluginManager: Mounting plugin AnimationSharing
LogPluginManager: Mounting plugin CLionSourceCodeAccess
LogPluginManager: Mounting plugin AssetManagerEditor
LogPluginManager: Mounting plugin PluginUtils
LogPluginManager: Mounting plugin KDevelopSourceCodeAccess
LogPluginManager: Mounting plugin GitSourceControl
LogPluginManager: Mounting plugin NullSourceCodeAccess
LogPluginManager: Mounting plugin CodeLiteSourceCodeAccess
LogPluginManager: Mounting plugin SubversionSourceControl
LogPluginManager: Mounting plugin PerforceSourceControl
LogPluginManager: Mounting plugin PixWinPlugin
LogPluginManager: Mounting plugin PropertyAccessNode
LogPluginManager: Mounting plugin PlasticSourceControl
LogPluginManager: Mounting plugin RiderSourceCodeAccess
LogPluginManager: Mounting plugin TextureFormatOodle
LogPluginManager: Mounting plugin UObjectPlugin
LogPluginManager: Mounting plugin VisualStudioCodeSourceCodeAccess
LogPluginManager: Mounting plugin CryptoKeys
LogPluginManager: Mounting plugin VisualStudioSourceCodeAccess
LogPluginManager: Mounting plugin CurveEditorTools
LogPluginManager: Mounting plugin MacGraphicsSwitching
LogPluginManager: Mounting plugin XCodeSourceCodeAccess
LogPluginManager: Mounting plugin MobileLauncherProfileWizard
LogPluginManager: Mounting plugin DataValidation
LogPluginManager: Mounting plugin FacialAnimation
LogPluginManager: Mounting plugin GameplayTagsEditor
LogPluginManager: Mounting plugin MaterialAnalyzer
LogPluginManager: Mounting plugin GeometryMode
LogPluginManager: Mounting plugin SpeedTreeImporter
LogPluginManager: Mounting plugin PluginBrowser
LogPluginManager: Mounting plugin LuminPlatformFeatures
LogPluginManager: Mounting plugin MagicLeap
LogPluginManager: Mounting plugin MagicLeapLightEstimation
LogPluginManager: Mounting plugin MagicLeapMedia
LogPluginManager: Mounting plugin MagicLeapPassableWorld
LogPluginManager: Mounting plugin LauncherChunkInstaller
LogPluginManager: Mounting plugin MLSDK
LogPluginManager: Mounting plugin AndroidMedia
LogPluginManager: Mounting plugin AvfMedia
LogPluginManager: Mounting plugin ImgMedia
LogPluginManager: Mounting plugin MediaCompositing
LogPluginManager: Mounting plugin MediaPlayerEditor
LogPluginManager: Mounting plugin WebMMedia
LogPluginManager: Mounting plugin WmfMedia
LogPluginManager: Mounting plugin ActorSequence
LogPluginManager: Mounting plugin LevelSequenceEditor
LogPluginManager: Mounting plugin MatineeToLevelSequence
LogPluginManager: Mounting plugin TemplateSequence
LogPluginManager: Mounting plugin OnlineSubsystem
LogPluginManager: Mounting plugin OnlineSubsystemNull
LogPluginManager: Mounting plugin OnlineSubsystemUtils
LogPluginManager: Mounting plugin TcpMessaging
LogPluginManager: Mounting plugin UdpMessaging
LogPluginManager: Mounting plugin AlembicImporter
LogPluginManager: Mounting plugin ChaosClothEditor
LogPluginManager: Mounting plugin BackChannel
LogPluginManager: Mounting plugin AutomationUtils
LogPluginManager: Mounting plugin ChaosCloth
LogPluginManager: Mounting plugin ChaosEditor
LogPluginManager: Mounting plugin ChaosSolverPlugin
LogPluginManager: Mounting plugin ChaosNiagara
LogPluginManager: Mounting plugin CharacterAI
LogPluginManager: Mounting plugin GeometryCache
LogPluginManager: Mounting plugin GeometryCollectionPlugin
LogPluginManager: Mounting plugin ScreenshotTools
LogPluginManager: Mounting plugin GeometryProcessing
LogPluginManager: Mounting plugin OpenImageDenoise
LogPluginManager: Mounting plugin MotoSynth
LogPluginManager: Mounting plugin PlanarCut
LogPluginManager: Mounting plugin ProxyLODPlugin
LogPluginManager: Mounting plugin PlatformCrypto
LogPluginManager: Mounting plugin PythonScriptPlugin
LogPluginManager: Mounting plugin SkeletalReduction
LogPluginManager: Mounting plugin AndroidPermission
LogPluginManager: Mounting plugin ActorLayerUtilities
LogPluginManager: Mounting plugin Takes
LogPluginManager: Mounting plugin AndroidDeviceProfileSelector
LogPluginManager: Mounting plugin AndroidMoviePlayer
LogPluginManager: Mounting plugin AudioCapture
LogPluginManager: Mounting plugin AppleImageUtils
LogPluginManager: Mounting plugin AssetTags
LogPluginManager: Mounting plugin AppleMoviePlayer
LogPluginManager: Mounting plugin ArchVisCharacter
LogPluginManager: Mounting plugin AudioSynesthesia
LogPluginManager: Mounting plugin CableComponent
LogPluginManager: Mounting plugin ChunkDownloader
LogPluginManager: Mounting plugin CustomMeshComponent
LogPluginManager: Mounting plugin GooglePAD
LogPluginManager: Mounting plugin ExampleDeviceProfileSelector
LogPluginManager: Mounting plugin EditableMesh
LogPluginManager: Mounting plugin GoogleCloudMessaging
LogPluginManager: Mounting plugin LinuxDeviceProfileSelector
LogPluginManager: Mounting plugin IOSDeviceProfileSelector
LogPluginManager: Mounting plugin LocationServicesBPLibrary
LogPluginManager: Mounting plugin OpenXREyeTracker
LogPluginManager: Mounting plugin OpenXRHandTracking
LogPluginManager: Mounting plugin MobilePatchingUtils
LogPluginManager: Mounting plugin OpenXR
LogPluginManager: Mounting plugin PhysXVehicles
LogPluginManager: Mounting plugin PostSplashScreen
LogPluginManager: Mounting plugin ProceduralMeshComponent
LogPluginManager: Mounting plugin PropertyAccessEditor
LogPluginManager: Mounting plugin RuntimePhysXCooking
LogPluginManager: Mounting plugin SignificanceManager
LogPluginManager: Mounting plugin SoundFields
LogPluginManager: Mounting plugin Synthesis
LogPluginManager: Mounting plugin WebMMoviePlayer
LogPluginManager: Mounting plugin WindowsMoviePlayer
LogPluginManager: Mounting plugin ContentBrowserClassDataSource
LogPluginManager: Mounting plugin ContentBrowserFileDataSource
LogPluginManager: Mounting plugin ContentBrowserAssetDataSource
LogPluginManager: Mounting plugin OnlineSubsystemGooglePlay
LogPluginManager: Mounting plugin OnlineSubsystemIOS
LogPluginManager: Mounting plugin OculusVR
LogPluginManager: Mounting plugin SteamVR
PixWinPlugin: PIX capture plugin failed to initialize! Check that the process is launched from PIX.
LogInit: Using libcurl 7.55.1-DEV
LogInit:  - built for x86_64-pc-win32
LogInit:  - supports SSL with OpenSSL/1.1.1
LogInit:  - supports HTTP deflate (compression) using libz 1.2.8
LogInit:  - other features:
LogInit:      CURL_VERSION_SSL
LogInit:      CURL_VERSION_LIBZ
LogInit:      CURL_VERSION_IPV6
LogInit:      CURL_VERSION_ASYNCHDNS
LogInit:      CURL_VERSION_LARGEFILE
LogInit:      CURL_VERSION_IDN
LogInit:  CurlRequestOptions (configurable via config and command line):
LogInit:  - bVerifyPeer = true  - Libcurl will verify peer certificate
LogInit:  - bUseHttpProxy = false  - Libcurl will NOT use HTTP proxy
LogInit:  - bDontReuseConnections = false  - Libcurl will reuse connections
LogInit:  - MaxHostConnections = 16  - Libcurl will limit the number of connections to a host
LogInit:  - LocalHostAddr = Default
LogInit:  - BufferSize = 65536
LogOnline: OSS: Creating online subsystem instance for: NULL
LogInit: WinSock: version 1.1 (2.2), MaxSocks=32767, MaxUdp=65467
LogOnline: OSS: TryLoadSubsystemAndSetDefault: Loaded subsystem for module [NULL]
LogOculusPluginWrapper: OculusPlugin initialized successfully
LogHMD: Failed initializing OVRPlugin 1.59.0
LogInit: Build: ++UE4+Release-4.27-CL-18319896
LogInit: Engine Version: 4.27.2-18319896+++UE4+Release-4.27
LogInit: Compatible Engine Version: 4.27.0-17155196+++UE4+Release-4.27
LogInit: Net CL: 17155196
LogInit: OS: Windows 10 (Release 2009) (), CPU: Intel(R) Core(TM) i7-9750H CPU @ 2.60GHz, GPU: Intel(R) UHD Graphics 630
LogInit: Compiled (64-bit): Nov 30 2021 07:12:08
LogInit: Compiled with Visual C++: 19.24.28315.00
LogInit: Build Configuration: Development
LogInit: Branch Name: ++UE4+Release-4.27
LogInit: Command Line: 
LogInit: Base Directory: C:/Program Files/Epic Games/UE_4.27/Engine/Binaries/Win64/
LogInit: Allocator: TBB
LogInit: Installed Engine Build: 1
LogDevObjectVersion: Number of dev versions registered: 29
LogDevObjectVersion:   Dev-Blueprints (B0D832E4-1F89-4F0D-ACCF-7EB736FD4AA2): 10
LogDevObjectVersion:   Dev-Build (E1C64328-A22C-4D53-A36C-8E866417BD8C): 0
LogDevObjectVersion:   Dev-Core (375EC13C-06E4-48FB-B500-84F0262A717E): 4
LogDevObjectVersion:   Dev-Editor (E4B068ED-F494-42E9-A231-DA0B2E46BB41): 40
LogDevObjectVersion:   Dev-Framework (CFFC743F-43B0-4480-9391-14DF171D2073): 37
LogDevObjectVersion:   Dev-Mobile (B02B49B5-BB20-44E9-A304-32B752E40360): 3
LogDevObjectVersion:   Dev-Networking (A4E4105C-59A1-49B5-A7C5-40C4547EDFEE): 0
LogDevObjectVersion:   Dev-Online (39C831C9-5AE6-47DC-9A44-9C173E1C8E7C): 0
LogDevObjectVersion:   Dev-Physics (78F01B33-EBEA-4F98-B9B4-84EACCB95AA2): 14
LogDevObjectVersion:   Dev-Platform (6631380F-2D4D-43E0-8009-CF276956A95A): 0
LogDevObjectVersion:   Dev-Rendering (12F88B9F-8875-4AFC-A67C-D90C383ABD29): 45
LogDevObjectVersion:   Dev-Sequencer (7B5AE74C-D270-4C10-A958-57980B212A5A): 13
LogDevObjectVersion:   Dev-VR (D7296918-1DD6-4BDD-9DE2-64A83CC13884): 3
LogDevObjectVersion:   Dev-LoadTimes (C2A15278-BFE7-4AFE-6C17-90FF531DF755): 1
LogDevObjectVersion:   Private-Geometry (6EACA3D4-40EC-4CC1-B786-8BED09428FC5): 3
LogDevObjectVersion:   Dev-AnimPhys (29E575DD-E0A3-4627-9D10-D276232CDCEA): 17
LogDevObjectVersion:   Dev-Anim (AF43A65D-7FD3-4947-9873-3E8ED9C1BB05): 15
LogDevObjectVersion:   Dev-ReflectionCapture (6B266CEC-1EC7-4B8F-A30B-E4D90942FC07): 1
LogDevObjectVersion:   Dev-Automation (0DF73D61-A23F-47EA-B727-89E90C41499A): 1
LogDevObjectVersion:   FortniteMain (601D1886-AC64-4F84-AA16-D3DE0DEAC7D6): 47
LogDevObjectVersion:   FortniteRelease (E7086368-6B23-4C58-8439-1B7016265E91): 1
LogDevObjectVersion:   Dev-Enterprise (9DFFBCD6-494F-0158-E221-12823C92A888): 10
LogDevObjectVersion:   Dev-Niagara (F2AED0AC-9AFE-416F-8664-AA7FFA26D6FC): 1
LogDevObjectVersion:   Dev-Destruction (174F1F0B-B4C6-45A5-B13F-2EE8D0FB917D): 10
LogDevObjectVersion:   Dev-Physics-Ext (35F94A83-E258-406C-A318-09F59610247C): 41
LogDevObjectVersion:   Dev-PhysicsMaterial-Chaos (B68FC16E-8B1B-42E2-B453-215C058844FE): 1
LogDevObjectVersion:   Dev-CineCamera (B2E18506-4273-CFC2-A54E-F4BB758BBA07): 1
LogDevObjectVersion:   Dev-VirtualProduction (64F58936-FD1B-42BA-BA96-7289D5D0FA4E): 1
LogDevObjectVersion:   Dev-MediaFramework (6F0ED827-A609-4895-9C91-998D90180EA4): 2
LogInit: Presizing for max 25165824 objects, including 0 objects not considered by GC, pre-allocating 0 bytes for permanent pool.
LogConfig: Applying CVar settings from Section [/Script/Engine.StreamingSettings] File [E:/VRBarebonesDeffered/Saved/Config/Windows/Engine.ini]
LogConfig: Setting CVar [[s.MinBulkDataSizeForAsyncLoading:131072]]
LogConfig: Setting CVar [[s.AsyncLoadingThreadEnabled:0]]
LogConfig: Setting CVar [[s.EventDrivenLoaderEnabled:1]]
LogConfig: Setting CVar [[s.WarnIfTimeLimitExceeded:0]]
LogConfig: Setting CVar [[s.TimeLimitExceededMultiplier:1.5]]
LogConfig: Setting CVar [[s.TimeLimitExceededMinTime:0.005]]
LogConfig: Setting CVar [[s.UseBackgroundLevelStreaming:1]]
LogConfig: Setting CVar [[s.PriorityAsyncLoadingExtraTime:15.0]]
LogConfig: Setting CVar [[s.LevelStreamingActorsUpdateTimeLimit:5.0]]
LogConfig: Setting CVar [[s.PriorityLevelStreamingActorsUpdateExtraTime:5.0]]
LogConfig: Setting CVar [[s.LevelStreamingComponentsRegistrationGranularity:10]]
LogConfig: Setting CVar [[s.UnregisterComponentsTimeLimit:1.0]]
LogConfig: Setting CVar [[s.LevelStreamingComponentsUnregistrationGranularity:5]]
LogConfig: Setting CVar [[s.FlushStreamingOnExit:1]]
LogInit: Object subsystem initialized
LogConfig: Setting CVar [[con.DebugEarlyDefault:1]]
LogConfig: Setting CVar [[r.setres:1280x720]]
[2022.10.30-18.38.19:794][  0]LogConfig: Setting CVar [[r.VSync:0]]
[2022.10.30-18.38.19:794][  0]LogConfig: Setting CVar [[r.RHICmdBypass:0]]
[2022.10.30-18.38.19:795][  0]LogConfig: Applying CVar settings from Section [/Script/Engine.RendererSettings] File [E:/VRBarebonesDeffered/Saved/Config/Windows/Engine.ini]
[2022.10.30-18.38.19:795][  0]LogConfig: Setting CVar [[r.GPUCrashDebugging:0]]
[2022.10.30-18.38.19:795][  0]LogConfig: Setting CVar [[r.Mobile.DisableVertexFog:1]]
[2022.10.30-18.38.19:795][  0]LogConfig: Setting CVar [[r.Shadow.CSM.MaxMobileCascades:2]]
[2022.10.30-18.38.19:795][  0]LogConfig: Setting CVar [[r.MobileMSAA:1]]
[2022.10.30-18.38.19:795][  0]LogConfig: Setting CVar [[r.Mobile.AllowDitheredLODTransition:0]]
[2022.10.30-18.38.19:795][  0]LogConfig: Setting CVar [[r.Mobile.AllowSoftwareOcclusion:0]]
[2022.10.30-18.38.19:795][  0]LogConfig: Setting CVar [[r.Mobile.VirtualTextures:0]]
[2022.10.30-18.38.19:795][  0]LogConfig: Setting CVar [[r.DiscardUnusedQuality:0]]
[2022.10.30-18.38.19:795][  0]LogConfig: Setting CVar [[r.AllowOcclusionQueries:1]]
[2022.10.30-18.38.19:795][  0]LogConfig: Setting CVar [[r.MinScreenRadiusForLights:0.030000]]
[2022.10.30-18.38.19:795][  0]LogConfig: Setting CVar [[r.MinScreenRadiusForDepthPrepass:0.030000]]
[2022.10.30-18.38.19:795][  0]LogConfig: Setting CVar [[r.MinScreenRadiusForCSMDepth:0.010000]]
[2022.10.30-18.38.19:795][  0]LogConfig: Setting CVar [[r.PrecomputedVisibilityWarning:0]]
[2022.10.30-18.38.19:795][  0]LogConfig: Setting CVar [[r.TextureStreaming:1]]
[2022.10.30-18.38.19:795][  0]LogConfig: Setting CVar [[Compat.UseDXT5NormalMaps:0]]
[2022.10.30-18.38.19:795][  0]LogConfig: Setting CVar [[r.VirtualTextures:0]]
[2022.10.30-18.38.19:795][  0]LogConfig: Setting CVar [[r.VT.EnableAutoImport:1]]
[2022.10.30-18.38.19:795][  0]LogConfig: Setting CVar [[r.VirtualTexturedLightmaps:0]]
[2022.10.30-18.38.19:795][  0]LogConfig: Setting CVar [[r.VT.TileSize:128]]
[2022.10.30-18.38.19:795][  0]LogConfig: Setting CVar [[r.VT.TileBorderSize:4]]
[2022.10.30-18.38.19:795][  0]LogConfig: Setting CVar [[r.vt.FeedbackFactor:16]]
[2022.10.30-18.38.19:795][  0]LogConfig: Setting CVar [[r.VT.EnableCompressZlib:1]]
[2022.10.30-18.38.19:795][  0]LogConfig: Setting CVar [[r.VT.EnableCompressCrunch:0]]
[2022.10.30-18.38.19:795][  0]LogConfig: Setting CVar [[r.ClearCoatNormal:0]]
[2022.10.30-18.38.19:795][  0]LogConfig: Setting CVar [[r.ReflectionCaptureResolution:128]]
[2022.10.30-18.38.19:795][  0]LogConfig: Setting CVar [[r.Mobile.ReflectionCaptureCompression:0]]
[2022.10.30-18.38.19:795][  0]LogConfig: Setting CVar [[r.ReflectionEnvironmentLightmapMixBasedOnRoughness:1]]
[2022.10.30-18.38.19:795][  0]LogConfig: Setting CVar [[r.ForwardShading:0]]
[2022.10.30-18.38.19:795][  0]LogConfig: Setting CVar [[r.VertexFoggingForOpaque:1]]
[2022.10.30-18.38.19:795][  0]LogConfig: Setting CVar [[r.AllowStaticLighting:1]]
[2022.10.30-18.38.19:795][  0]LogConfig: Setting CVar [[r.NormalMapsForStaticLighting:0]]
[2022.10.30-18.38.19:795][  0]LogConfig: Setting CVar [[r.GenerateMeshDistanceFields:0]]
[2022.10.30-18.38.19:795][  0]LogConfig: Setting CVar [[r.DistanceFieldBuild.EightBit:0]]
[2022.10.30-18.38.19:795][  0]LogConfig: Setting CVar [[r.GenerateLandscapeGIData:0]]
[2022.10.30-18.38.19:795][  0]LogConfig: Setting CVar [[r.DistanceFieldBuild.Compress:0]]
[2022.10.30-18.38.19:795][  0]LogConfig: Setting CVar [[r.TessellationAdaptivePixelsPerTriangle:48.000000]]
[2022.10.30-18.38.19:795][  0]LogConfig: Setting CVar [[r.SeparateTranslucency:0]]
[2022.10.30-18.38.19:795][  0]LogConfig: Setting CVar [[r.TranslucentSortPolicy:0]]
[2022.10.30-18.38.19:795][  0]LogConfig: Setting CVar [[vr.VRS.HMDFixedFoveationLevel:0]]
[2022.10.30-18.38.19:795][  0]LogConfig: Setting CVar [[r.CustomDepth:1]]
[2022.10.30-18.38.19:795][  0]LogConfig: Setting CVar [[r.CustomDepthTemporalAAJitter:1]]
[2022.10.30-18.38.19:795][  0]LogConfig: Setting CVar [[r.PostProcessing.PropagateAlpha:0]]
[2022.10.30-18.38.19:795][  0]LogConfig: Setting CVar [[r.DefaultFeature.Bloom:0]]
[2022.10.30-18.38.19:795][  0]LogConfig: Setting CVar [[r.DefaultFeature.AmbientOcclusion:0]]
[2022.10.30-18.38.19:795][  0]LogConfig: Setting CVar [[r.DefaultFeature.AmbientOcclusionStaticFraction:0]]
[2022.10.30-18.38.19:795][  0]LogConfig: Setting CVar [[r.DefaultFeature.AutoExposure:0]]
[2022.10.30-18.38.19:795][  0]LogConfig: Setting CVar [[r.DefaultFeature.AutoExposure.Method:0]]
[2022.10.30-18.38.19:795][  0]LogConfig: Setting CVar [[r.DefaultFeature.AutoExposure.Bias:1.000000]]
[2022.10.30-18.38.19:795][  0]LogConfig: Setting CVar [[r.DefaultFeature.AutoExposure.ExtendDefaultLuminanceRange:0]]
[2022.10.30-18.38.19:795][  0]LogConfig: Setting CVar [[r.UsePreExposure:1]]
[2022.10.30-18.38.19:795][  0]LogConfig: Setting CVar [[r.EyeAdaptation.EditorOnly:0]]
[2022.10.30-18.38.19:795][  0]LogConfig: Setting CVar [[r.DefaultFeature.MotionBlur:0]]
[2022.10.30-18.38.19:795][  0]LogConfig: Setting CVar [[r.DefaultFeature.LensFlare:0]]
[2022.10.30-18.38.19:795][  0]LogConfig: Setting CVar [[r.TemporalAA.Upsampling:0]]
[2022.10.30-18.38.19:795][  0]LogConfig: Setting CVar [[r.SSGI.Enable:0]]
[2022.10.30-18.38.19:795][  0]LogConfig: Setting CVar [[r.DefaultFeature.AntiAliasing:0]]
[2022.10.30-18.38.19:795][  0]LogConfig: Setting CVar [[r.DefaultFeature.LightUnits:1]]
[2022.10.30-18.38.19:795][  0]LogConfig: Setting CVar [[r.DefaultBackBufferPixelFormat:4]]
[2022.10.30-18.38.19:795][  0]LogConfig: Setting CVar [[r.Shadow.UnbuiltPreviewInGame:1]]
[2022.10.30-18.38.19:795][  0]LogConfig: Setting CVar [[r.StencilForLODDither:0]]
[2022.10.30-18.38.19:795][  0]LogConfig: Setting CVar [[r.EarlyZPass:3]]
[2022.10.30-18.38.19:796][  0]LogConfig: Setting CVar [[r.EarlyZPassOnlyMaterialMasking:0]]
[2022.10.30-18.38.19:796][  0]LogConfig: Setting CVar [[r.DBuffer:1]]
[2022.10.30-18.38.19:796][  0]LogConfig: Setting CVar [[r.ClearSceneMethod:1]]
[2022.10.30-18.38.19:796][  0]LogConfig: Setting CVar [[r.BasePassOutputsVelocity:0]]
[2022.10.30-18.38.19:796][  0]LogConfig: Setting CVar [[r.VertexDeformationOutputsVelocity:0]]
[2022.10.30-18.38.19:796][  0]LogConfig: Setting CVar [[r.SelectiveBasePassOutputs:0]]
[2022.10.30-18.38.19:796][  0]LogConfig: Setting CVar [[fx.GPUSimulationTextureSizeX:1024]]
[2022.10.30-18.38.19:796][  0]LogConfig: Setting CVar [[fx.GPUSimulationTextureSizeY:1024]]
[2022.10.30-18.38.19:796][  0]LogConfig: Setting CVar [[r.AllowGlobalClipPlane:0]]
[2022.10.30-18.38.19:796][  0]LogConfig: Setting CVar [[r.GBufferFormat:1]]
[2022.10.30-18.38.19:796][  0]LogConfig: Setting CVar [[r.MorphTarget.Mode:1]]
[2022.10.30-18.38.19:796][  0]LogConfig: Setting CVar [[vr.InstancedStereo:1]]
[2022.10.30-18.38.19:796][  0]LogConfig: Setting CVar [[r.MobileHDR:0]]
[2022.10.30-18.38.19:796][  0]LogConfig: Setting CVar [[vr.MobileMultiView:1]]
[2022.10.30-18.38.19:796][  0]LogConfig: Setting CVar [[r.Mobile.UseHWsRGBEncoding:1]]
[2022.10.30-18.38.19:796][  0]LogConfig: Setting CVar [[vr.RoundRobinOcclusion:1]]
[2022.10.30-18.38.19:796][  0]LogConfig: Setting CVar [[vr.ODSCapture:0]]
[2022.10.30-18.38.19:796][  0]LogConfig: Setting CVar [[r.MeshStreaming:0]]
[2022.10.30-18.38.19:796][  0]LogConfig: Setting CVar [[r.WireframeCullThreshold:5.000000]]
[2022.10.30-18.38.19:796][  0]LogConfig: Setting CVar [[r.RayTracing:0]]
[2022.10.30-18.38.19:796][  0]LogConfig: Setting CVar [[r.RayTracing.UseTextureLod:0]]
[2022.10.30-18.38.19:796][  0]LogConfig: Setting CVar [[r.SupportStationarySkylight:0]]
[2022.10.30-18.38.19:796][  0]LogConfig: Setting CVar [[r.SupportLowQualityLightmaps:1]]
[2022.10.30-18.38.19:796][  0]LogConfig: Setting CVar [[r.SupportPointLightWholeSceneShadows:0]]
[2022.10.30-18.38.19:796][  0]LogConfig: Setting CVar [[r.SupportAtmosphericFog:0]]
[2022.10.30-18.38.19:796][  0]LogConfig: Setting CVar [[r.SupportSkyAtmosphere:0]]
[2022.10.30-18.38.19:796][  0]LogConfig: Setting CVar [[r.SupportSkyAtmosphereAffectsHeightFog:0]]
[2022.10.30-18.38.19:796][  0]LogConfig: Setting CVar [[r.SkinCache.CompileShaders:0]]
[2022.10.30-18.38.19:796][  0]LogConfig: Setting CVar [[r.SkinCache.DefaultBehavior:1]]
[2022.10.30-18.38.19:796][  0]LogConfig: Setting CVar [[r.SkinCache.SceneMemoryLimitInMB:128.000000]]
[2022.10.30-18.38.19:796][  0]LogConfig: Setting CVar [[r.Mobile.EnableStaticAndCSMShadowReceivers:0]]
[2022.10.30-18.38.19:796][  0]LogConfig: Setting CVar [[r.Mobile.EnableMovableLightCSMShaderCulling:1]]
[2022.10.30-18.38.19:796][  0]LogConfig: Setting CVar [[r.Mobile.AllowDistanceFieldShadows:1]]
[2022.10.30-18.38.19:796][  0]LogConfig: Setting CVar [[r.Mobile.AllowMovableDirectionalLights:0]]
[2022.10.30-18.38.19:796][  0]LogConfig: Setting CVar [[r.MobileNumDynamicPointLights:1]]
[2022.10.30-18.38.19:796][  0]LogConfig: Setting CVar [[r.MobileDynamicPointLightsUseStaticBranch:0]]
[2022.10.30-18.38.19:796][  0]LogConfig: Setting CVar [[r.Mobile.EnableMovableSpotlights:0]]
[2022.10.30-18.38.19:796][  0]LogConfig: Setting CVar [[r.Mobile.EnableMovableSpotlightsShadow:0]]
[2022.10.30-18.38.19:796][  0]LogConfig: Setting CVar [[r.GPUSkin.Support16BitBoneIndex:0]]
[2022.10.30-18.38.19:796][  0]LogConfig: Setting CVar [[r.GPUSkin.Limit2BoneInfluences:0]]
[2022.10.30-18.38.19:796][  0]LogConfig: Setting CVar [[r.SupportDepthOnlyIndexBuffers:1]]
[2022.10.30-18.38.19:796][  0]LogConfig: Setting CVar [[r.SupportReversedIndexBuffers:1]]
[2022.10.30-18.38.19:796][  0]LogConfig: Setting CVar [[r.LightPropagationVolume:0]]
[2022.10.30-18.38.19:796][  0]LogConfig: Setting CVar [[r.Mobile.AmbientOcclusion:0]]
[2022.10.30-18.38.19:796][  0]LogConfig: Setting CVar [[r.GPUSkin.UnlimitedBoneInfluences:0]]
[2022.10.30-18.38.19:796][  0]LogConfig: Setting CVar [[r.GPUSkin.UnlimitedBoneInfluencesThreshold:8]]
[2022.10.30-18.38.19:796][  0]LogConfig: Setting CVar [[r.Mobile.PlanarReflectionMode:0]]
[2022.10.30-18.38.19:796][  0]LogConfig: Setting CVar [[r.Mobile.SupportsGen4TAA:0]]
[2022.10.30-18.38.19:796][  0]LogConfig: Applying CVar settings from Section [/Script/Engine.RendererOverrideSettings] File [E:/VRBarebonesDeffered/Saved/Config/Windows/Engine.ini]
[2022.10.30-18.38.19:796][  0]LogConfig: Applying CVar settings from Section [/Script/Engine.StreamingSettings] File [E:/VRBarebonesDeffered/Saved/Config/Windows/Engine.ini]
[2022.10.30-18.38.19:796][  0]LogConfig: Setting CVar [[s.MinBulkDataSizeForAsyncLoading:131072]]
[2022.10.30-18.38.19:796][  0]LogConfig: Setting CVar [[s.AsyncLoadingThreadEnabled:0]]
[2022.10.30-18.38.19:796][  0]LogConfig: Setting CVar [[s.EventDrivenLoaderEnabled:1]]
[2022.10.30-18.38.19:796][  0]LogConfig: Setting CVar [[s.WarnIfTimeLimitExceeded:0]]
[2022.10.30-18.38.19:796][  0]LogConfig: Setting CVar [[s.TimeLimitExceededMultiplier:1.5]]
[2022.10.30-18.38.19:796][  0]LogConfig: Setting CVar [[s.TimeLimitExceededMinTime:0.005]]
[2022.10.30-18.38.19:796][  0]LogConfig: Setting CVar [[s.UseBackgroundLevelStreaming:1]]
[2022.10.30-18.38.19:796][  0]LogConfig: Setting CVar [[s.PriorityAsyncLoadingExtraTime:15.0]]
[2022.10.30-18.38.19:796][  0]LogConfig: Setting CVar [[s.LevelStreamingActorsUpdateTimeLimit:5.0]]
[2022.10.30-18.38.19:796][  0]LogConfig: Setting CVar [[s.PriorityLevelStreamingActorsUpdateExtraTime:5.0]]
[2022.10.30-18.38.19:796][  0]LogConfig: Setting CVar [[s.LevelStreamingComponentsRegistrationGranularity:10]]
[2022.10.30-18.38.19:796][  0]LogConfig: Setting CVar [[s.UnregisterComponentsTimeLimit:1.0]]
[2022.10.30-18.38.19:796][  0]LogConfig: Setting CVar [[s.LevelStreamingComponentsUnregistrationGranularity:5]]
[2022.10.30-18.38.19:796][  0]LogConfig: Setting CVar [[s.FlushStreamingOnExit:1]]
[2022.10.30-18.38.19:796][  0]LogConfig: Applying CVar settings from Section [/Script/Engine.GarbageCollectionSettings] File [E:/VRBarebonesDeffered/Saved/Config/Windows/Engine.ini]
[2022.10.30-18.38.19:796][  0]LogConfig: Setting CVar [[gc.MaxObjectsNotConsideredByGC:1]]
[2022.10.30-18.38.19:796][  0]LogConfig: Setting CVar [[gc.SizeOfPermanentObjectPool:0]]
[2022.10.30-18.38.19:796][  0]LogConfig: Setting CVar [[gc.FlushStreamingOnGC:0]]
[2022.10.30-18.38.19:796][  0]LogConfig: Setting CVar [[gc.NumRetriesBeforeForcingGC:10]]
[2022.10.30-18.38.19:796][  0]LogConfig: Setting CVar [[gc.AllowParallelGC:1]]
[2022.10.30-18.38.19:796][  0]LogConfig: Setting CVar [[gc.TimeBetweenPurgingPendingKillObjects:61.1]]
[2022.10.30-18.38.19:796][  0]LogConfig: Setting CVar [[gc.MaxObjectsInEditor:25165824]]
[2022.10.30-18.38.19:796][  0]LogConfig: Setting CVar [[gc.IncrementalBeginDestroyEnabled:1]]
[2022.10.30-18.38.19:796][  0]LogConfig: Setting CVar [[gc.CreateGCClusters:1]]
[2022.10.30-18.38.19:796][  0]LogConfig: Setting CVar [[gc.MinGCClusterSize:5]]
[2022.10.30-18.38.19:796][  0]LogConfig: Setting CVar [[gc.ActorClusteringEnabled:0]]
[2022.10.30-18.38.19:797][  0]LogConfig: Setting CVar [[gc.BlueprintClusteringEnabled:0]]
[2022.10.30-18.38.19:797][  0]LogConfig: Setting CVar [[gc.UseDisregardForGCOnDedicatedServers:0]]
[2022.10.30-18.38.19:797][  0]LogConfig: Setting CVar [[gc.MultithreadedDestructionEnabled:1]]
[2022.10.30-18.38.19:797][  0]LogConfig: Applying CVar settings from Section [/Script/Engine.NetworkSettings] File [E:/VRBarebonesDeffered/Saved/Config/Windows/Engine.ini]
[2022.10.30-18.38.19:797][  0]LogConfig: Applying CVar settings from Section [/Script/UnrealEd.CookerSettings] File [E:/VRBarebonesDeffered/Saved/Config/Windows/Engine.ini]
[2022.10.30-18.38.19:821][  0]LogConfig: Applying CVar settings from Section [ViewDistanceQuality@3] File [E:/VRBarebonesDeffered/Saved/Config/Windows/Scalability.ini]
[2022.10.30-18.38.19:821][  0]LogConfig: Setting CVar [[r.SkeletalMeshLODBias:0]]
[2022.10.30-18.38.19:821][  0]LogConfig: Setting CVar [[r.ViewDistanceScale:1.0]]
[2022.10.30-18.38.19:821][  0]LogConfig: Applying CVar settings from Section [AntiAliasingQuality@3] File [E:/VRBarebonesDeffered/Saved/Config/Windows/Scalability.ini]
[2022.10.30-18.38.19:821][  0]LogConfig: Setting CVar [[r.PostProcessAAQuality:4]]
[2022.10.30-18.38.19:821][  0]LogConfig: Applying CVar settings from Section [ShadowQuality@3] File [E:/VRBarebonesDeffered/Saved/Config/Windows/Scalability.ini]
[2022.10.30-18.38.19:821][  0]LogConfig: Setting CVar [[r.LightFunctionQuality:1]]
[2022.10.30-18.38.19:821][  0]LogConfig: Setting CVar [[r.ShadowQuality:5]]
[2022.10.30-18.38.19:821][  0]LogConfig: Setting CVar [[r.Shadow.CSM.MaxCascades:10]]
[2022.10.30-18.38.19:821][  0]LogConfig: Setting CVar [[r.Shadow.MaxResolution:2048]]
[2022.10.30-18.38.19:821][  0]LogConfig: Setting CVar [[r.Shadow.MaxCSMResolution:2048]]
[2022.10.30-18.38.19:821][  0]LogConfig: Setting CVar [[r.Shadow.RadiusThreshold:0.01]]
[2022.10.30-18.38.19:821][  0]LogConfig: Setting CVar [[r.Shadow.DistanceScale:1.0]]
[2022.10.30-18.38.19:821][  0]LogConfig: Setting CVar [[r.Shadow.CSM.TransitionScale:1.0]]
[2022.10.30-18.38.19:821][  0]LogConfig: Setting CVar [[r.Shadow.PreShadowResolutionFactor:1.0]]
[2022.10.30-18.38.19:821][  0]LogConfig: Setting CVar [[r.DistanceFieldShadowing:1]]
[2022.10.30-18.38.19:821][  0]LogConfig: Setting CVar [[r.DistanceFieldAO:1]]
[2022.10.30-18.38.19:821][  0]LogConfig: Setting CVar [[r.AOQuality:2]]
[2022.10.30-18.38.19:821][  0]LogConfig: Setting CVar [[r.VolumetricFog:1]]
[2022.10.30-18.38.19:821][  0]LogConfig: Setting CVar [[r.VolumetricFog.GridPixelSize:8]]
[2022.10.30-18.38.19:821][  0]LogConfig: Setting CVar [[r.VolumetricFog.GridSizeZ:128]]
[2022.10.30-18.38.19:821][  0]LogConfig: Setting CVar [[r.VolumetricFog.HistoryMissSupersampleCount:4]]
[2022.10.30-18.38.19:821][  0]LogConfig: Setting CVar [[r.LightMaxDrawDistanceScale:1]]
[2022.10.30-18.38.19:821][  0]LogConfig: Setting CVar [[r.CapsuleShadows:1]]
[2022.10.30-18.38.19:821][  0]LogConfig: Applying CVar settings from Section [PostProcessQuality@3] File [E:/VRBarebonesDeffered/Saved/Config/Windows/Scalability.ini]
[2022.10.30-18.38.19:821][  0]LogConfig: Setting CVar [[r.MotionBlurQuality:4]]
[2022.10.30-18.38.19:821][  0]LogConfig: Setting CVar [[r.AmbientOcclusionMipLevelFactor:0.4]]
[2022.10.30-18.38.19:821][  0]LogConfig: Setting CVar [[r.AmbientOcclusionMaxQuality:100]]
[2022.10.30-18.38.19:821][  0]LogConfig: Setting CVar [[r.AmbientOcclusionLevels:-1]]
[2022.10.30-18.38.19:821][  0]LogConfig: Setting CVar [[r.AmbientOcclusionRadiusScale:1.0]]
[2022.10.30-18.38.19:821][  0]LogConfig: Setting CVar [[r.DepthOfFieldQuality:2]]
[2022.10.30-18.38.19:821][  0]LogConfig: Setting CVar [[r.RenderTargetPoolMin:400]]
[2022.10.30-18.38.19:821][  0]LogConfig: Setting CVar [[r.LensFlareQuality:2]]
[2022.10.30-18.38.19:821][  0]LogConfig: Setting CVar [[r.SceneColorFringeQuality:1]]
[2022.10.30-18.38.19:821][  0]LogConfig: Setting CVar [[r.EyeAdaptationQuality:2]]
[2022.10.30-18.38.19:821][  0]LogConfig: Setting CVar [[r.BloomQuality:5]]
[2022.10.30-18.38.19:821][  0]LogConfig: Setting CVar [[r.FastBlurThreshold:100]]
[2022.10.30-18.38.19:821][  0]LogConfig: Setting CVar [[r.Upscale.Quality:3]]
[2022.10.30-18.38.19:821][  0]LogConfig: Setting CVar [[r.Tonemapper.GrainQuantization:1]]
[2022.10.30-18.38.19:821][  0]LogConfig: Setting CVar [[r.LightShaftQuality:1]]
[2022.10.30-18.38.19:821][  0]LogConfig: Setting CVar [[r.Filter.SizeScale:1]]
[2022.10.30-18.38.19:821][  0]LogConfig: Setting CVar [[r.Tonemapper.Quality:5]]
[2022.10.30-18.38.19:821][  0]LogConfig: Setting CVar [[r.DOF.Gather.AccumulatorQuality:1        ; higher gathering accumulator quality]]
[2022.10.30-18.38.19:821][  0]LogConfig: Setting CVar [[r.DOF.Gather.PostfilterMethod:1          ; Median3x3 postfilering method]]
[2022.10.30-18.38.19:821][  0]LogConfig: Setting CVar [[r.DOF.Gather.EnableBokehSettings:0       ; no bokeh simulation when gathering]]
[2022.10.30-18.38.19:821][  0]LogConfig: Setting CVar [[r.DOF.Gather.RingCount:4                 ; medium number of samples when gathering]]
[2022.10.30-18.38.19:821][  0]LogConfig: Setting CVar [[r.DOF.Scatter.ForegroundCompositing:1    ; additive foreground scattering]]
[2022.10.30-18.38.19:821][  0]LogConfig: Setting CVar [[r.DOF.Scatter.BackgroundCompositing:2    ; additive background scattering]]
[2022.10.30-18.38.19:821][  0]LogConfig: Setting CVar [[r.DOF.Scatter.EnableBokehSettings:1      ; bokeh simulation when scattering]]
[2022.10.30-18.38.19:821][  0]LogConfig: Setting CVar [[r.DOF.Scatter.MaxSpriteRatio:0.1         ; only a maximum of 10% of scattered bokeh]]
[2022.10.30-18.38.19:821][  0]LogConfig: Setting CVar [[r.DOF.Recombine.Quality:1                ; cheap slight out of focus]]
[2022.10.30-18.38.19:821][  0]LogConfig: Setting CVar [[r.DOF.Recombine.EnableBokehSettings:0    ; no bokeh simulation on slight out of focus]]
[2022.10.30-18.38.19:821][  0]LogConfig: Setting CVar [[r.DOF.TemporalAAQuality:1                ; more stable temporal accumulation]]
[2022.10.30-18.38.19:821][  0]LogConfig: Setting CVar [[r.DOF.Kernel.MaxForegroundRadius:0.025]]
[2022.10.30-18.38.19:821][  0]LogConfig: Setting CVar [[r.DOF.Kernel.MaxBackgroundRadius:0.025]]
[2022.10.30-18.38.19:821][  0]LogConfig: Applying CVar settings from Section [TextureQuality@3] File [E:/VRBarebonesDeffered/Saved/Config/Windows/Scalability.ini]
[2022.10.30-18.38.19:821][  0]LogConfig: Setting CVar [[r.Streaming.MipBias:0]]
[2022.10.30-18.38.19:821][  0]LogConfig: Setting CVar [[r.Streaming.AmortizeCPUToGPUCopy:0]]
[2022.10.30-18.38.19:821][  0]LogConfig: Setting CVar [[r.Streaming.MaxNumTexturesToStreamPerFrame:0]]
[2022.10.30-18.38.19:821][  0]LogConfig: Setting CVar [[r.Streaming.Boost:1]]
[2022.10.30-18.38.19:821][  0]LogConfig: Setting CVar [[r.MaxAnisotropy:8]]
[2022.10.30-18.38.19:821][  0]LogConfig: Setting CVar [[r.VT.MaxAnisotropy:8]]
[2022.10.30-18.38.19:821][  0]LogConfig: Setting CVar [[r.Streaming.LimitPoolSizeToVRAM:0]]
[2022.10.30-18.38.19:821][  0]LogConfig: Setting CVar [[r.Streaming.PoolSize:1000]]
[2022.10.30-18.38.19:821][  0]LogConfig: Setting CVar [[r.Streaming.MaxEffectiveScreenSize:0]]
[2022.10.30-18.38.19:821][  0]LogConfig: Applying CVar settings from Section [EffectsQuality@3] File [E:/VRBarebonesDeffered/Saved/Config/Windows/Scalability.ini]
[2022.10.30-18.38.19:821][  0]LogConfig: Setting CVar [[r.TranslucencyLightingVolumeDim:64]]
[2022.10.30-18.38.19:821][  0]LogConfig: Setting CVar [[r.RefractionQuality:2]]
[2022.10.30-18.38.19:821][  0]LogConfig: Setting CVar [[r.SSR.Quality:3]]
[2022.10.30-18.38.19:821][  0]LogConfig: Setting CVar [[r.SSR.HalfResSceneColor:0]]
[2022.10.30-18.38.19:821][  0]LogConfig: Setting CVar [[r.SceneColorFormat:4]]
[2022.10.30-18.38.19:821][  0]LogConfig: Setting CVar [[r.DetailMode:2]]
[2022.10.30-18.38.19:821][  0]LogConfig: Setting CVar [[r.TranslucencyVolumeBlur:1]]
[2022.10.30-18.38.19:821][  0]LogConfig: Setting CVar [[r.MaterialQualityLevel:1 ; High quality]]
[2022.10.30-18.38.19:821][  0]LogConfig: Setting CVar [[r.AnisotropicMaterials:1]]
[2022.10.30-18.38.19:821][  0]LogConfig: Setting CVar [[r.SSS.Scale:1]]
[2022.10.30-18.38.19:821][  0]LogConfig: Setting CVar [[r.SSS.SampleSet:2]]
[2022.10.30-18.38.19:821][  0]LogConfig: Setting CVar [[r.SSS.Quality:1]]
[2022.10.30-18.38.19:821][  0]LogConfig: Setting CVar [[r.SSS.HalfRes:0]]
[2022.10.30-18.38.19:821][  0]LogConfig: Setting CVar [[r.SSGI.Quality:3]]
[2022.10.30-18.38.19:821][  0]LogConfig: Setting CVar [[r.EmitterSpawnRateScale:1.0]]
[2022.10.30-18.38.19:821][  0]LogConfig: Setting CVar [[r.ParticleLightQuality:2]]
[2022.10.30-18.38.19:821][  0]LogConfig: Setting CVar [[r.SkyAtmosphere.AerialPerspectiveLUT.FastApplyOnOpaque:1 ; Always have FastSkyLUT 1 in this case to avoid wrong sky]]
[2022.10.30-18.38.19:821][  0]LogConfig: Setting CVar [[r.SkyAtmosphere.AerialPerspectiveLUT.SampleCountMaxPerSlice:4]]
[2022.10.30-18.38.19:821][  0]LogConfig: Setting CVar [[r.SkyAtmosphere.AerialPerspectiveLUT.DepthResolution:16.0]]
[2022.10.30-18.38.19:821][  0]LogConfig: Setting CVar [[r.SkyAtmosphere.FastSkyLUT:1]]
[2022.10.30-18.38.19:821][  0]LogConfig: Setting CVar [[r.SkyAtmosphere.FastSkyLUT.SampleCountMin:4.0]]
[2022.10.30-18.38.19:821][  0]LogConfig: Setting CVar [[r.SkyAtmosphere.FastSkyLUT.SampleCountMax:128.0]]
[2022.10.30-18.38.19:821][  0]LogConfig: Setting CVar [[r.SkyAtmosphere.SampleCountMin:4.0]]
[2022.10.30-18.38.19:821][  0]LogConfig: Setting CVar [[r.SkyAtmosphere.SampleCountMax:128.0]]
[2022.10.30-18.38.19:821][  0]LogConfig: Setting CVar [[r.SkyAtmosphere.TransmittanceLUT.UseSmallFormat:0]]
[2022.10.30-18.38.19:821][  0]LogConfig: Setting CVar [[r.SkyAtmosphere.TransmittanceLUT.SampleCount:10.0]]
[2022.10.30-18.38.19:821][  0]LogConfig: Setting CVar [[r.SkyAtmosphere.MultiScatteringLUT.SampleCount:15.0]]
[2022.10.30-18.38.19:821][  0]LogConfig: Setting CVar [[r.SkyLight.RealTimeReflectionCapture:1]]
[2022.10.30-18.38.19:821][  0]LogConfig: Applying CVar settings from Section [FoliageQuality@3] File [E:/VRBarebonesDeffered/Saved/Config/Windows/Scalability.ini]
[2022.10.30-18.38.19:821][  0]LogConfig: Setting CVar [[foliage.DensityScale:1.0]]
[2022.10.30-18.38.19:821][  0]LogConfig: Setting CVar [[grass.DensityScale:1.0]]
[2022.10.30-18.38.19:821][  0]LogConfig: Applying CVar settings from Section [ShadingQuality@3] File [E:/VRBarebonesDeffered/Saved/Config/Windows/Scalability.ini]
[2022.10.30-18.38.19:821][  0]LogConfig: Setting CVar [[r.HairStrands.SkyLighting.IntegrationType:2]]
[2022.10.30-18.38.19:821][  0]LogConfig: Setting CVar [[r.HairStrands.SkyAO.SampleCount:4]]
[2022.10.30-18.38.19:821][  0]LogConfig: Setting CVar [[r.HairStrands.Visibility.MSAA.SamplePerPixel:4]]
[2022.10.30-18.38.19:823][  0]LogInit: Selected Device Profile: [Windows]
[2022.10.30-18.38.19:823][  0]LogInit: Applying CVar settings loaded from the selected device profile: [Windows]
[2022.10.30-18.38.19:823][  0]LogHAL: Display: Platform has ~ 16 GB [16973881344 / 17179869184 / 16], which maps to Larger [LargestMinGB=32, LargerMinGB=12, DefaultMinGB=8, SmallerMinGB=6, SmallestMinGB=0)
[2022.10.30-18.38.19:823][  0]LogInit: Going up to parent DeviceProfile []
[2022.10.30-18.38.19:824][  0]LogConfig: Applying CVar settings from Section [ViewDistanceQuality@3] File [E:/VRBarebonesDeffered/Saved/Config/Windows/Scalability.ini]
[2022.10.30-18.38.19:824][  0]LogConfig: Setting CVar [[r.SkeletalMeshLODBias:0]]
[2022.10.30-18.38.19:824][  0]LogConfig: Setting CVar [[r.ViewDistanceScale:1.0]]
[2022.10.30-18.38.19:824][  0]LogConfig: Applying CVar settings from Section [AntiAliasingQuality@3] File [E:/VRBarebonesDeffered/Saved/Config/Windows/Scalability.ini]
[2022.10.30-18.38.19:824][  0]LogConfig: Setting CVar [[r.PostProcessAAQuality:4]]
[2022.10.30-18.38.19:824][  0]LogConfig: Applying CVar settings from Section [ShadowQuality@3] File [E:/VRBarebonesDeffered/Saved/Config/Windows/Scalability.ini]
[2022.10.30-18.38.19:824][  0]LogConfig: Setting CVar [[r.LightFunctionQuality:1]]
[2022.10.30-18.38.19:824][  0]LogConfig: Setting CVar [[r.ShadowQuality:5]]
[2022.10.30-18.38.19:824][  0]LogConfig: Setting CVar [[r.Shadow.CSM.MaxCascades:10]]
[2022.10.30-18.38.19:824][  0]LogConfig: Setting CVar [[r.Shadow.MaxResolution:2048]]
[2022.10.30-18.38.19:824][  0]LogConfig: Setting CVar [[r.Shadow.MaxCSMResolution:2048]]
[2022.10.30-18.38.19:824][  0]LogConfig: Setting CVar [[r.Shadow.RadiusThreshold:0.01]]
[2022.10.30-18.38.19:824][  0]LogConfig: Setting CVar [[r.Shadow.DistanceScale:1.0]]
[2022.10.30-18.38.19:824][  0]LogConfig: Setting CVar [[r.Shadow.CSM.TransitionScale:1.0]]
[2022.10.30-18.38.19:824][  0]LogConfig: Setting CVar [[r.Shadow.PreShadowResolutionFactor:1.0]]
[2022.10.30-18.38.19:824][  0]LogConfig: Setting CVar [[r.DistanceFieldShadowing:1]]
[2022.10.30-18.38.19:824][  0]LogConfig: Setting CVar [[r.DistanceFieldAO:1]]
[2022.10.30-18.38.19:824][  0]LogConfig: Setting CVar [[r.AOQuality:2]]
[2022.10.30-18.38.19:824][  0]LogConfig: Setting CVar [[r.VolumetricFog:1]]
[2022.10.30-18.38.19:824][  0]LogConfig: Setting CVar [[r.VolumetricFog.GridPixelSize:8]]
[2022.10.30-18.38.19:824][  0]LogConfig: Setting CVar [[r.VolumetricFog.GridSizeZ:128]]
[2022.10.30-18.38.19:824][  0]LogConfig: Setting CVar [[r.VolumetricFog.HistoryMissSupersampleCount:4]]
[2022.10.30-18.38.19:824][  0]LogConfig: Setting CVar [[r.LightMaxDrawDistanceScale:1]]
[2022.10.30-18.38.19:824][  0]LogConfig: Setting CVar [[r.CapsuleShadows:1]]
[2022.10.30-18.38.19:824][  0]LogConfig: Applying CVar settings from Section [PostProcessQuality@3] File [E:/VRBarebonesDeffered/Saved/Config/Windows/Scalability.ini]
[2022.10.30-18.38.19:824][  0]LogConfig: Setting CVar [[r.MotionBlurQuality:4]]
[2022.10.30-18.38.19:824][  0]LogConfig: Setting CVar [[r.AmbientOcclusionMipLevelFactor:0.4]]
[2022.10.30-18.38.19:824][  0]LogConfig: Setting CVar [[r.AmbientOcclusionMaxQuality:100]]
[2022.10.30-18.38.19:824][  0]LogConfig: Setting CVar [[r.AmbientOcclusionLevels:-1]]
[2022.10.30-18.38.19:824][  0]LogConfig: Setting CVar [[r.AmbientOcclusionRadiusScale:1.0]]
[2022.10.30-18.38.19:824][  0]LogConfig: Setting CVar [[r.DepthOfFieldQuality:2]]
[2022.10.30-18.38.19:824][  0]LogConfig: Setting CVar [[r.RenderTargetPoolMin:400]]
[2022.10.30-18.38.19:824][  0]LogConfig: Setting CVar [[r.LensFlareQuality:2]]
[2022.10.30-18.38.19:824][  0]LogConfig: Setting CVar [[r.SceneColorFringeQuality:1]]
[2022.10.30-18.38.19:824][  0]LogConfig: Setting CVar [[r.EyeAdaptationQuality:2]]
[2022.10.30-18.38.19:824][  0]LogConfig: Setting CVar [[r.BloomQuality:5]]
[2022.10.30-18.38.19:824][  0]LogConfig: Setting CVar [[r.FastBlurThreshold:100]]
[2022.10.30-18.38.19:824][  0]LogConfig: Setting CVar [[r.Upscale.Quality:3]]
[2022.10.30-18.38.19:824][  0]LogConfig: Setting CVar [[r.Tonemapper.GrainQuantization:1]]
[2022.10.30-18.38.19:824][  0]LogConfig: Setting CVar [[r.LightShaftQuality:1]]
[2022.10.30-18.38.19:824][  0]LogConfig: Setting CVar [[r.Filter.SizeScale:1]]
[2022.10.30-18.38.19:824][  0]LogConfig: Setting CVar [[r.Tonemapper.Quality:5]]
[2022.10.30-18.38.19:824][  0]LogConfig: Setting CVar [[r.DOF.Gather.AccumulatorQuality:1        ; higher gathering accumulator quality]]
[2022.10.30-18.38.19:824][  0]LogConfig: Setting CVar [[r.DOF.Gather.PostfilterMethod:1          ; Median3x3 postfilering method]]
[2022.10.30-18.38.19:824][  0]LogConfig: Setting CVar [[r.DOF.Gather.EnableBokehSettings:0       ; no bokeh simulation when gathering]]
[2022.10.30-18.38.19:824][  0]LogConfig: Setting CVar [[r.DOF.Gather.RingCount:4                 ; medium number of samples when gathering]]
[2022.10.30-18.38.19:824][  0]LogConfig: Setting CVar [[r.DOF.Scatter.ForegroundCompositing:1    ; additive foreground scattering]]
[2022.10.30-18.38.19:824][  0]LogConfig: Setting CVar [[r.DOF.Scatter.BackgroundCompositing:2    ; additive background scattering]]
[2022.10.30-18.38.19:824][  0]LogConfig: Setting CVar [[r.DOF.Scatter.EnableBokehSettings:1      ; bokeh simulation when scattering]]
[2022.10.30-18.38.19:824][  0]LogConfig: Setting CVar [[r.DOF.Scatter.MaxSpriteRatio:0.1         ; only a maximum of 10% of scattered bokeh]]
[2022.10.30-18.38.19:824][  0]LogConfig: Setting CVar [[r.DOF.Recombine.Quality:1                ; cheap slight out of focus]]
[2022.10.30-18.38.19:824][  0]LogConfig: Setting CVar [[r.DOF.Recombine.EnableBokehSettings:0    ; no bokeh simulation on slight out of focus]]
[2022.10.30-18.38.19:824][  0]LogConfig: Setting CVar [[r.DOF.TemporalAAQuality:1                ; more stable temporal accumulation]]
[2022.10.30-18.38.19:824][  0]LogConfig: Setting CVar [[r.DOF.Kernel.MaxForegroundRadius:0.025]]
[2022.10.30-18.38.19:824][  0]LogConfig: Setting CVar [[r.DOF.Kernel.MaxBackgroundRadius:0.025]]
[2022.10.30-18.38.19:824][  0]LogConfig: Applying CVar settings from Section [TextureQuality@3] File [E:/VRBarebonesDeffered/Saved/Config/Windows/Scalability.ini]
[2022.10.30-18.38.19:824][  0]LogConfig: Setting CVar [[r.Streaming.MipBias:0]]
[2022.10.30-18.38.19:824][  0]LogConfig: Setting CVar [[r.Streaming.AmortizeCPUToGPUCopy:0]]
[2022.10.30-18.38.19:824][  0]LogConfig: Setting CVar [[r.Streaming.MaxNumTexturesToStreamPerFrame:0]]
[2022.10.30-18.38.19:824][  0]LogConfig: Setting CVar [[r.Streaming.Boost:1]]
[2022.10.30-18.38.19:824][  0]LogConfig: Setting CVar [[r.MaxAnisotropy:8]]
[2022.10.30-18.38.19:824][  0]LogConfig: Setting CVar [[r.VT.MaxAnisotropy:8]]
[2022.10.30-18.38.19:824][  0]LogConfig: Setting CVar [[r.Streaming.LimitPoolSizeToVRAM:0]]
[2022.10.30-18.38.19:824][  0]LogConfig: Setting CVar [[r.Streaming.PoolSize:1000]]
[2022.10.30-18.38.19:824][  0]LogConfig: Setting CVar [[r.Streaming.MaxEffectiveScreenSize:0]]
[2022.10.30-18.38.19:824][  0]LogConfig: Applying CVar settings from Section [EffectsQuality@3] File [E:/VRBarebonesDeffered/Saved/Config/Windows/Scalability.ini]
[2022.10.30-18.38.19:824][  0]LogConfig: Setting CVar [[r.TranslucencyLightingVolumeDim:64]]
[2022.10.30-18.38.19:824][  0]LogConfig: Setting CVar [[r.RefractionQuality:2]]
[2022.10.30-18.38.19:824][  0]LogConfig: Setting CVar [[r.SSR.Quality:3]]
[2022.10.30-18.38.19:824][  0]LogConfig: Setting CVar [[r.SSR.HalfResSceneColor:0]]
[2022.10.30-18.38.19:824][  0]LogConfig: Setting CVar [[r.SceneColorFormat:4]]
[2022.10.30-18.38.19:824][  0]LogConfig: Setting CVar [[r.DetailMode:2]]
[2022.10.30-18.38.19:824][  0]LogConfig: Setting CVar [[r.TranslucencyVolumeBlur:1]]
[2022.10.30-18.38.19:824][  0]LogConfig: Setting CVar [[r.MaterialQualityLevel:1 ; High quality]]
[2022.10.30-18.38.19:824][  0]LogConfig: Setting CVar [[r.AnisotropicMaterials:1]]
[2022.10.30-18.38.19:824][  0]LogConfig: Setting CVar [[r.SSS.Scale:1]]
[2022.10.30-18.38.19:824][  0]LogConfig: Setting CVar [[r.SSS.SampleSet:2]]
[2022.10.30-18.38.19:824][  0]LogConfig: Setting CVar [[r.SSS.Quality:1]]
[2022.10.30-18.38.19:824][  0]LogConfig: Setting CVar [[r.SSS.HalfRes:0]]
[2022.10.30-18.38.19:824][  0]LogConfig: Setting CVar [[r.SSGI.Quality:3]]
[2022.10.30-18.38.19:824][  0]LogConfig: Setting CVar [[r.EmitterSpawnRateScale:1.0]]
[2022.10.30-18.38.19:824][  0]LogConfig: Setting CVar [[r.ParticleLightQuality:2]]
[2022.10.30-18.38.19:824][  0]LogConfig: Setting CVar [[r.SkyAtmosphere.AerialPerspectiveLUT.FastApplyOnOpaque:1 ; Always have FastSkyLUT 1 in this case to avoid wrong sky]]
[2022.10.30-18.38.19:824][  0]LogConfig: Setting CVar [[r.SkyAtmosphere.AerialPerspectiveLUT.SampleCountMaxPerSlice:4]]
[2022.10.30-18.38.19:824][  0]LogConfig: Setting CVar [[r.SkyAtmosphere.AerialPerspectiveLUT.DepthResolution:16.0]]
[2022.10.30-18.38.19:824][  0]LogConfig: Setting CVar [[r.SkyAtmosphere.FastSkyLUT:1]]
[2022.10.30-18.38.19:824][  0]LogConfig: Setting CVar [[r.SkyAtmosphere.FastSkyLUT.SampleCountMin:4.0]]
[2022.10.30-18.38.19:824][  0]LogConfig: Setting CVar [[r.SkyAtmosphere.FastSkyLUT.SampleCountMax:128.0]]
[2022.10.30-18.38.19:824][  0]LogConfig: Setting CVar [[r.SkyAtmosphere.SampleCountMin:4.0]]
[2022.10.30-18.38.19:824][  0]LogConfig: Setting CVar [[r.SkyAtmosphere.SampleCountMax:128.0]]
[2022.10.30-18.38.19:824][  0]LogConfig: Setting CVar [[r.SkyAtmosphere.TransmittanceLUT.UseSmallFormat:0]]
[2022.10.30-18.38.19:824][  0]LogConfig: Setting CVar [[r.SkyAtmosphere.TransmittanceLUT.SampleCount:10.0]]
[2022.10.30-18.38.19:824][  0]LogConfig: Setting CVar [[r.SkyAtmosphere.MultiScatteringLUT.SampleCount:15.0]]
[2022.10.30-18.38.19:824][  0]LogConfig: Setting CVar [[r.SkyLight.RealTimeReflectionCapture:1]]
[2022.10.30-18.38.19:824][  0]LogConfig: Applying CVar settings from Section [FoliageQuality@3] File [E:/VRBarebonesDeffered/Saved/Config/Windows/Scalability.ini]
[2022.10.30-18.38.19:824][  0]LogConfig: Setting CVar [[foliage.DensityScale:1.0]]
[2022.10.30-18.38.19:824][  0]LogConfig: Setting CVar [[grass.DensityScale:1.0]]
[2022.10.30-18.38.19:825][  0]LogConfig: Applying CVar settings from Section [ShadingQuality@3] File [E:/VRBarebonesDeffered/Saved/Config/Windows/Scalability.ini]
[2022.10.30-18.38.19:825][  0]LogConfig: Setting CVar [[r.HairStrands.SkyLighting.IntegrationType:2]]
[2022.10.30-18.38.19:825][  0]LogConfig: Setting CVar [[r.HairStrands.SkyAO.SampleCount:4]]
[2022.10.30-18.38.19:825][  0]LogConfig: Setting CVar [[r.HairStrands.Visibility.MSAA.SamplePerPixel:4]]
[2022.10.30-18.38.19:825][  0]LogConfig: Applying CVar settings from Section [Startup] File [../../../Engine/Config/ConsoleVariables.ini]
[2022.10.30-18.38.19:826][  0]LogConfig: Setting CVar [[net.UseAdaptiveNetUpdateFrequency:0]]
[2022.10.30-18.38.19:826][  0]LogConfig: Setting CVar [[p.chaos.AllowCreatePhysxBodies:1]]
[2022.10.30-18.38.19:826][  0]LogConfig: Setting CVar [[fx.SkipVectorVMBackendOptimizations:1]]
[2022.10.30-18.38.19:826][  0]LogConfig: Applying CVar settings from Section [ConsoleVariables] File [E:/VRBarebonesDeffered/Saved/Config/Windows/Engine.ini]
[2022.10.30-18.38.19:826][  0]LogConfig: Applying CVar settings from Section [ConsoleVariables] File [E:/VRBarebonesDeffered/Saved/Config/Windows/Editor.ini]
[2022.10.30-18.38.19:827][  0]LogInit: Computer: NOTAHACKER
[2022.10.30-18.38.19:827][  0]LogInit: User: SLATE15
[2022.10.30-18.38.19:827][  0]LogInit: CPU Page size=4096, Cores=6
[2022.10.30-18.38.19:827][  0]LogInit: High frequency timer resolution =10.000000 MHz
[2022.10.30-18.38.19:827][  0]LogMemory: Memory total: Physical=15.8GB (16GB approx)
[2022.10.30-18.38.19:827][  0]LogMemory: Platform Memory Stats for Windows
[2022.10.30-18.38.19:827][  0]LogMemory: Process Physical Memory: 151.86 MB used, 154.87 MB peak
[2022.10.30-18.38.19:827][  0]LogMemory: Process Virtual Memory: 133.86 MB used, 133.86 MB peak
[2022.10.30-18.38.19:827][  0]LogMemory: Physical Memory: 7701.65 MB used,  8485.91 MB free, 16187.55 MB total
[2022.10.30-18.38.19:827][  0]LogMemory: Virtual Memory: 134210048.00 MB used,  7680.21 MB free, 134217728.00 MB total
[2022.10.30-18.38.19:834][  0]LogWindows: WindowsPlatformFeatures enabled
[2022.10.30-18.38.20:103][  0]LogInit: Physics initialised using underlying interface: PhysX
[2022.10.30-18.38.20:107][  0]LogInit: Using OS detected language (en-US).
[2022.10.30-18.38.20:107][  0]LogInit: Using OS detected locale (en-GB).
[2022.10.30-18.38.20:123][  0]LogTextLocalizationManager: No specific localization for 'en-US' exists, so the 'en' localization will be used.
[2022.10.30-18.38.20:463][  0]LogInit: Setting process to per monitor DPI aware
[2022.10.30-18.38.20:493][  0]LogWindowsTextInputMethodSystem: Display: IME system deactivated.
[2022.10.30-18.38.20:571][  0]LogSlate: New Slate User Created.  User Index 0, Is Virtual User: 0
[2022.10.30-18.38.20:571][  0]LogSlate: Slate User Registered.  User Index 0, Is Virtual User: 0
[2022.10.30-18.38.23:017][  0]LogD3D11RHI: Loaded GFSDK_Aftermath_Lib.x64.dll
[2022.10.30-18.38.23:023][  0]LogHMD: Failed to initialize OpenVR with code 110
[2022.10.30-18.38.23:023][  0]LogD3D11RHI: D3D11 min allowed feature level: 11_0
[2022.10.30-18.38.23:023][  0]LogD3D11RHI: D3D11 max allowed feature level: 11_0
[2022.10.30-18.38.23:023][  0]LogD3D11RHI: D3D11 adapters:
[2022.10.30-18.38.23:176][  0]LogD3D11RHI:    0. 'NVIDIA GeForce RTX 2060' (Feature Level 11_0)
[2022.10.30-18.38.23:176][  0]LogD3D11RHI:       5980/0/8093 MB DedicatedVideo/DedicatedSystem/SharedSystem, Outputs:1, VendorId:0x10de
[2022.10.30-18.38.23:221][  0]LogD3D11RHI:    1. 'Intel(R) UHD Graphics 630' (Feature Level 11_0)
[2022.10.30-18.38.23:221][  0]LogD3D11RHI:       128/0/8093 MB DedicatedVideo/DedicatedSystem/SharedSystem, Outputs:1, VendorId:0x8086
[2022.10.30-18.38.23:226][  0]LogD3D11RHI:    2. 'Microsoft Basic Render Driver' (Feature Level 11_0)
[2022.10.30-18.38.23:227][  0]LogD3D11RHI:       0/0/8093 MB DedicatedVideo/DedicatedSystem/SharedSystem, Outputs:0, VendorId:0x1414
[2022.10.30-18.38.23:227][  0]LogD3D11RHI: Chosen D3D11 Adapter:
[2022.10.30-18.38.23:227][  0]LogD3D11RHI:     Description : NVIDIA GeForce RTX 2060
[2022.10.30-18.38.23:227][  0]LogD3D11RHI:     VendorId    : 10de
[2022.10.30-18.38.23:227][  0]LogD3D11RHI:     DeviceId    : 1f11
[2022.10.30-18.38.23:227][  0]LogD3D11RHI:     SubSysId    : 95e11558
[2022.10.30-18.38.23:227][  0]LogD3D11RHI:     Revision    : 00a1
[2022.10.30-18.38.23:227][  0]LogD3D11RHI:     DedicatedVideoMemory : 6270484480 bytes
[2022.10.30-18.38.23:227][  0]LogD3D11RHI:     DedicatedSystemMemory : 0 bytes
[2022.10.30-18.38.23:227][  0]LogD3D11RHI:     SharedSystemMemory : 8486940672 bytes
[2022.10.30-18.38.23:227][  0]LogD3D11RHI:     AdapterLuid : 0 80337
[2022.10.30-18.38.23:233][  0]LogD3D11RHI: Creating new Direct3DDevice
[2022.10.30-18.38.23:233][  0]LogD3D11RHI:     GPU DeviceId: 0x1f11 (for the marketing name, search the web for "GPU Device Id")
[2022.10.30-18.38.23:233][  0]LogWindows: EnumDisplayDevices:
[2022.10.30-18.38.23:233][  0]LogWindows:    0. 'Intel(R) UHD Graphics 630' (P:0 D:1)
[2022.10.30-18.38.23:234][  0]LogWindows:    1. 'Intel(R) UHD Graphics 630' (P:0 D:0)
[2022.10.30-18.38.23:234][  0]LogWindows:    2. 'Intel(R) UHD Graphics 630' (P:0 D:0)
[2022.10.30-18.38.23:234][  0]LogWindows:    3. 'NVIDIA GeForce RTX 2060' (P:1 D:1)
[2022.10.30-18.38.23:234][  0]LogWindows:    4. 'NVIDIA GeForce RTX 2060' (P:0 D:0)
[2022.10.30-18.38.23:235][  0]LogWindows:    5. 'NVIDIA GeForce RTX 2060' (P:0 D:0)
[2022.10.30-18.38.23:235][  0]LogWindows:    6. 'NVIDIA GeForce RTX 2060' (P:0 D:0)
[2022.10.30-18.38.23:235][  0]LogWindows: DebugString: PrimaryIsNotTheChoosenAdapter PrimaryIsNotTheChoosenAdapter PrimaryIsNotTheChoosenAdapter FoundDriverCount:4 
[2022.10.30-18.38.23:235][  0]LogD3D11RHI:     Adapter Name: NVIDIA GeForce RTX 2060
[2022.10.30-18.38.23:235][  0]LogD3D11RHI:   Driver Version: 516.94 (internal:31.0.15.1694, unified:516.94)
[2022.10.30-18.38.23:235][  0]LogD3D11RHI:      Driver Date: 7-21-2022
[2022.10.30-18.38.23:236][  0]LogRHI: Texture pool is 4186 MB (70% of 5980 MB)
[2022.10.30-18.38.23:236][  0]LogD3D11RHI: Creating D3DDevice using adapter:
[2022.10.30-18.38.23:236][  0]LogD3D11RHI:     Description : NVIDIA GeForce RTX 2060
[2022.10.30-18.38.23:236][  0]LogD3D11RHI:     VendorId    : 10de
[2022.10.30-18.38.23:236][  0]LogD3D11RHI:     DeviceId    : 1f11
[2022.10.30-18.38.23:236][  0]LogD3D11RHI:     SubSysId    : 95e11558
[2022.10.30-18.38.23:236][  0]LogD3D11RHI:     Revision    : 00a1
[2022.10.30-18.38.23:236][  0]LogD3D11RHI:     DedicatedVideoMemory : 6270484480 bytes
[2022.10.30-18.38.23:236][  0]LogD3D11RHI:     DedicatedSystemMemory : 0 bytes
[2022.10.30-18.38.23:236][  0]LogD3D11RHI:     SharedSystemMemory : 8486940672 bytes
[2022.10.30-18.38.23:236][  0]LogD3D11RHI:     AdapterLuid : 0 80337
[2022.10.30-18.38.23:310][  0]LogD3D11RHI: RHI has support for 64 bit atomics
[2022.10.30-18.38.23:312][  0]LogD3D11RHI: Async texture creation enabled
[2022.10.30-18.38.23:312][  0]LogD3D11RHI: Array index from any shader is supported
[2022.10.30-18.38.23:350][  0]LogD3D11RHI: GPU Timing Frequency: 1000.000000 (Debug: 2 1)
[2022.10.30-18.38.23:394][  0]LogRHI: GeForceNow SDK initialized: 1
[2022.10.30-18.38.23:824][  0]LogTargetPlatformManager: Display: Loaded TargetPlatform 'AllDesktop'
[2022.10.30-18.38.23:851][  0]LogTargetPlatformManager: Display: Loaded TargetPlatform 'Android'
[2022.10.30-18.38.23:851][  0]LogTargetPlatformManager: Display: Loaded TargetPlatform 'Android_ASTC'
[2022.10.30-18.38.23:851][  0]LogTargetPlatformManager: Display: Loaded TargetPlatform 'Android_DXT'
[2022.10.30-18.38.23:851][  0]LogTargetPlatformManager: Display: Loaded TargetPlatform 'Android_ETC2'
[2022.10.30-18.38.23:851][  0]LogTargetPlatformManager: Display: Loaded TargetPlatform 'AndroidClient'
[2022.10.30-18.38.23:851][  0]LogTargetPlatformManager: Display: Loaded TargetPlatform 'Android_ASTCClient'
[2022.10.30-18.38.23:851][  0]LogTargetPlatformManager: Display: Loaded TargetPlatform 'Android_DXTClient'
[2022.10.30-18.38.23:851][  0]LogTargetPlatformManager: Display: Loaded TargetPlatform 'Android_ETC2Client'
[2022.10.30-18.38.23:851][  0]LogTargetPlatformManager: Display: Loaded TargetPlatform 'Android_Multi'
[2022.10.30-18.38.23:851][  0]LogTargetPlatformManager: Display: Loaded TargetPlatform 'Android_MultiClient'
[2022.10.30-18.38.23:877][  0]LogTargetPlatformManager: Display: Loaded TargetPlatform 'IOSClient'
[2022.10.30-18.38.23:877][  0]LogTargetPlatformManager: Display: Loaded TargetPlatform 'IOS'
[2022.10.30-18.38.23:891][  0]LogTargetPlatformManager: Display: Loaded TargetPlatform 'Linux'
[2022.10.30-18.38.23:898][  0]LogTargetPlatformManager: Display: Loaded TargetPlatform 'LinuxNoEditor'
[2022.10.30-18.38.23:904][  0]LogTargetPlatformManager: Display: Loaded TargetPlatform 'LinuxClient'
[2022.10.30-18.38.23:910][  0]LogTargetPlatformManager: Display: Loaded TargetPlatform 'LinuxServer'
[2022.10.30-18.38.23:924][  0]LogTargetPlatformManager: Display: Loaded TargetPlatform 'LinuxAArch64NoEditor'
[2022.10.30-18.38.23:929][  0]LogTargetPlatformManager: Display: Loaded TargetPlatform 'LinuxAArch64Client'
[2022.10.30-18.38.23:935][  0]LogTargetPlatformManager: Display: Loaded TargetPlatform 'LinuxAArch64Server'
[2022.10.30-18.38.23:968][  0]LogTargetPlatformManager: Display: Loaded TargetPlatform 'Lumin'
[2022.10.30-18.38.23:968][  0]LogTargetPlatformManager: Display: Loaded TargetPlatform 'LuminClient'
[2022.10.30-18.38.23:979][  0]LogTargetPlatformManager: Display: Loaded TargetPlatform 'MacNoEditor'
[2022.10.30-18.38.23:985][  0]LogTargetPlatformManager: Display: Loaded TargetPlatform 'Mac'
[2022.10.30-18.38.23:991][  0]LogTargetPlatformManager: Display: Loaded TargetPlatform 'MacClient'
[2022.10.30-18.38.23:997][  0]LogTargetPlatformManager: Display: Loaded TargetPlatform 'MacServer'
[2022.10.30-18.38.24:009][  0]LogTargetPlatformManager: Display: Loaded TargetPlatform 'TVOSClient'
[2022.10.30-18.38.24:009][  0]LogTargetPlatformManager: Display: Loaded TargetPlatform 'TVOS'
[2022.10.30-18.38.24:024][  0]LogTargetPlatformManager: Display: Loaded TargetPlatform 'WindowsNoEditor'
[2022.10.30-18.38.24:034][  0]LogTargetPlatformManager: Display: Loaded TargetPlatform 'Windows'
[2022.10.30-18.38.24:041][  0]LogTargetPlatformManager: Display: Loaded TargetPlatform 'WindowsClient'
[2022.10.30-18.38.24:049][  0]LogTargetPlatformManager: Display: Loaded TargetPlatform 'WindowsServer'
[2022.10.30-18.38.24:049][  0]LogTargetPlatformManager: Display: Building Assets For Windows
[2022.10.30-18.38.24:099][  0]LogAudioDebug: Display: Lib vorbis DLL was dynamically loaded.
[2022.10.30-18.38.24:196][  0]LogTextureFormatOodle: Display: Oodle Texture 2.9.0 init RDO Off
[2022.10.30-18.38.24:345][  0]LogRendererCore: Ray tracing is disabled. Reason: r.RayTracing=0.
[2022.10.30-18.38.24:347][  0]LogShaderCompilers: Guid format shader working directory is 26 characters bigger than the processId version (E:/VRBarebonesDeffered/Intermediate/Shaders/WorkingDirectory/13468/).
[2022.10.30-18.38.24:347][  0]LogShaderCompilers: Cleaned the shader compiler working directory 'C:/Users/SLATE 15/AppData/Local/Temp/UnrealShaderWorkingDir/25A7A0FE4663F925A18E15A970224A62/'.
[2022.10.30-18.38.24:348][  0]LogXGEController: Cannot use XGE Controller as Incredibuild is not installed on this machine.
[2022.10.30-18.38.24:348][  0]LogShaderCompilers: Cannot use XGE Shader Compiler as Incredibuild is not installed on this machine.
[2022.10.30-18.38.24:348][  0]LogShaderCompilers: Display: Using Local Shader Compiler.
[2022.10.30-18.38.27:456][  0]LogDerivedDataCache: Display: Max Cache Size: 512 MB
[2022.10.30-18.38.27:569][  0]LogDerivedDataCache: Loaded boot cache 0.11s 98MB C:/Users/SLATE 15/AppData/Local/UnrealEngine/4.27/DerivedDataCache/Boot.ddc.
[2022.10.30-18.38.27:569][  0]LogDerivedDataCache: Display: Loaded Boot cache: C:/Users/SLATE 15/AppData/Local/UnrealEngine/4.27/DerivedDataCache/Boot.ddc
[2022.10.30-18.38.27:569][  0]LogDerivedDataCache: FDerivedDataBackendGraph:  Pak pak cache file E:/VRBarebonesDeffered/DerivedDataCache/DDC.ddp not found, will not use a pak cache.
[2022.10.30-18.38.27:569][  0]LogDerivedDataCache: Unable to find inner node Pak for hierarchical cache Hierarchy.
[2022.10.30-18.38.27:569][  0]LogDerivedDataCache: FDerivedDataBackendGraph:  CompressedPak pak cache file E:/VRBarebonesDeffered/DerivedDataCache/Compressed.ddp not found, will not use a pak cache.
[2022.10.30-18.38.27:569][  0]LogDerivedDataCache: Unable to find inner node CompressedPak for hierarchical cache Hierarchy.
[2022.10.30-18.38.27:593][  0]LogDerivedDataCache: Display: Pak cache opened for reading ../../../Engine/DerivedDataCache/Compressed.ddp.
[2022.10.30-18.38.27:593][  0]LogDerivedDataCache: FDerivedDataBackendGraph:  EnterprisePak pak cache file ../../../Enterprise/DerivedDataCache/Compressed.ddp not found, will not use a pak cache.
[2022.10.30-18.38.27:593][  0]LogDerivedDataCache: Unable to find inner node EnterprisePak for hierarchical cache Hierarchy.
[2022.10.30-18.38.27:612][  0]LogDerivedDataCache: Speed tests for C:/Users/SLATE 15/AppData/Local/UnrealEngine/Common/DerivedDataCache took 0.02 seconds
[2022.10.30-18.38.27:612][  0]LogDerivedDataCache: Display: Performance to C:/Users/SLATE 15/AppData/Local/UnrealEngine/Common/DerivedDataCache: Latency=0.31ms. RandomReadSpeed=113.27MBs, RandomWriteSpeed=139.76MBs. Assigned SpeedClass 'Local'
[2022.10.30-18.38.27:612][  0]LogDerivedDataCache: Using Local data cache path C:/Users/SLATE 15/AppData/Local/UnrealEngine/Common/DerivedDataCache: Writable
[2022.10.30-18.38.27:612][  0]LogDerivedDataCache: Shared data cache path not found in *engine.ini, will not use an Shared cache.
[2022.10.30-18.38.27:612][  0]LogDerivedDataCache: Unable to find inner node Shared for hierarchical cache Hierarchy.
[2022.10.30-18.38.28:864][  0]LogShaderCompilers: Display: Submitted 2637 shader compile jobs with 'High' priority
[2022.10.30-18.38.28:871][  0]LogShaderCompilers: Display: Worker (1/9): shaders left to compile 2637
[2022.10.30-18.38.28:871][  0]LogShaderCompilers: Display: Worker (2/9): shaders left to compile 2627
[2022.10.30-18.38.28:871][  0]LogShaderCompilers: Display: Worker (3/9): shaders left to compile 2617
[2022.10.30-18.38.28:871][  0]LogShaderCompilers: Display: Worker (4/9): shaders left to compile 2607
[2022.10.30-18.38.28:871][  0]LogShaderCompilers: Display: Worker (5/9): shaders left to compile 2597
[2022.10.30-18.38.28:871][  0]LogShaderCompilers: Display: Worker (6/9): shaders left to compile 2587
[2022.10.30-18.38.28:871][  0]LogShaderCompilers: Display: Worker (7/9): shaders left to compile 2577
[2022.10.30-18.38.28:871][  0]LogShaderCompilers: Display: Worker (8/9): shaders left to compile 2567
[2022.10.30-18.38.28:871][  0]LogShaderCompilers: Display: Worker (9/9): shaders left to compile 2557
[2022.10.30-18.38.28:871][  0]LogShaderCompilers: Display: Started 90 'Local' shader compile jobs with 'High' priority
[2022.10.30-18.38.28:871][  0]LogSlate: Using FreeType 2.10.0
[2022.10.30-18.38.28:894][  0]LogSlate: SlateFontServices - WITH_FREETYPE: 1, WITH_HARFBUZZ: 1
[2022.10.30-18.38.29:001][  0]LogAssetRegistry: FAssetRegistry took 0.0284 seconds to start up
[2022.10.30-18.38.29:955][  0]LogInit: Selected Device Profile: [Windows]
[2022.10.30-18.38.29:956][  0]LogInit: Active device profile: [0000020359449400][0000020355FDF900 49] Windows
[2022.10.30-18.38.29:956][  0]LogInit: Profiles: [0000020359449400][0000020355FDF900 49] Windows, [00000203593F7000][0000020355FE7A80 49] WindowsNoEditor, [000002035944A200][0000020355FEBC00 49] WindowsServer, [00000203593F7D00][0000020357BC0200 49] WindowsClient, [000002035944AF00][0000020357BC4380 49] IOS, [00000203593F5600][0000020357BC8500 49] iPadAir, [000002035944BC00][0000020357BCC680 49] iPadAir2, [00000203593AA600][0000020357BD4940 49] IPadPro, [00000203593AA700][0000020357BD0980 49] iPadAir3, [00000203593F4300][0000020357BD8B00 49] iPadAir4, [00000203593AB500][0000020357BDCC80 49] iPadMini2, [00000203593F7400][0000020357BE0E00 49] iPadMini3, [00000203593AA400][0000020355FE2F40 49] iPadMini4, [00000203593F6300][0000020357BE5080 49] iPadMini5, [000002035942DF00][0000020357BED2C0 49] iPhone6, [000002035942E000][0000020357BE9300 49] iPodTouch6, [000002035944AD00][0000020357BF95C0 49] iPhone7, [0000020359449500][0000020357BF5600 49] iPodTouch7, [00000203593AB200][0000020357BFD780 49] iPhone5S, [000002035944A000][0000020357C01900 49] iPhone6Plus, [00000203593A9200][0000020357C05A80 49] iPhone6S, [000002035944AB00][0000020357C09C00 49] iPhone6SPlus, [00000203593A8A00][000002035A178200 49] iPhone7Plus, [0000020359449100][000002035A17C380 49] iPhoneSE, [00000203593A8800][000002035A180500 49] iPhone8, [000002035944AC00][000002035A184680 49] iPhone8Plus, [00000203593AB100][000002035A188800 49] iPhoneX, [0000020359448F00][000002035A18C980 49] iPhoneXS, [00000203593AAF00][000002035A190B00 49] iPhoneXSMax, [000002035944A900][000002035A194C80 49] iPhoneXR, [000002035942C400][000002035A198E00 49] iPhone11, [00000203593A9300][000002035A19CF80 49] iPhone11Pro, [000002035942CC00][0000020357BF10C0 49] iPhone11ProMax, [00000203593A9B00][000002035A1A1200 49] iPhoneSE2, [000002035942D400][000002035A1A5340 49] iPhone12Mini, [00000203593AA300][000002035A1A9480 49] iPhone12, [000002035942DA00][000002035A1B1600 49] iPhone12Pro, [00000203593AA100][000002035A1B5780 49] iPhone12ProMax, [000002035942DD00][000002035A1B9900 49] iPadPro105, [00000203593A9C00][000002035A1BDA80 49] iPadPro129, [000002035942FF00][000002035A1C1C00 49] iPadPro97, [00000203593A8400][000002035A1C4200 49] iPadPro2_129, [0000020359449D00][000002035A1C8380 49] iPad5, [000002035942DE00][000002035A1CC500 49] iPad6, [00000203593A9F00][000002035A1D0680 49] iPad7, [000002035942C800][000002035A1D4800 49] iPad8, [00000203593ABC00][000002035A1D8980 49] iPadPro11, [000002035942C900][000002035A1DCB00 49] iPadPro2_11, [00000203593A9400][000002035A1F0C80 49] iPadPro3_129, [000002035942F500][000002035A1F4E00 49] iPadPro4_129, [00000203593A8D00][000002035A1F8F80 49] AppleTV, [000002035942D000][000002035A1FD100 49] AppleTV4K, [00000203593A8100][000002035A201280 49] TVOS, [000002035942CD00][000002035A1AD3C0 49] Mac, [00000203593AB700][000002035A205500 49] MacClient, [000002035942E400][000002035A209640 49] MacNoEditor, [00000203593A9800][000002035A2117C0 49] MacServer, [000002035942ED00][000002035A215940 49] Linux, [00000203593AA500][000002035A219AC0 49] LinuxAArch64, [000002035942CB00][000002035A21C0C0 49] LinuxNoEditor, [00000203593AB400][000002035A220240 49] LinuxAArch64NoEditor, [000002035942D800][000002035A2243C0 49] LinuxClient, [00000203593A8300][000002035A228540 49] LinuxAArch64Client, [000002035942D200][000002035A22C6C0 49] LinuxServer, [00000203593AB000][000002035A230840 49] LinuxAArch64Server, [000002035942E600][000002035A2349C0 49] Android, [00000203593A9D00][000002035A238B40 49] Android_Low, [000002035942E900][000002035A23CCC0 49] Android_Mid, [00000203593A9100][000002035A240E40 49] Android_High, [000002035942C300][000002035A244FC0 49] Android_Default, [00000203593A8500][000002035A249140 49] Android_Adreno4xx, [000002035942D900][000002035A24D2C0 49] Android_Adreno5xx_Low, [00000203593AA900][000002035A251440 49] Android_Adreno5xx, [000002035942CA00][000002035A20D580 49] Android_Adreno6xx, [00000203593ABA00][000002035A2556C0 49] Android_Adreno6xx_Vulkan, [000002035942FB00][000002035A259800 49] Android_Mali_T6xx, [00000203593A9600][000002035A25D940 49] Android_Mali_T7xx, [000002035942DC00][000002035A265AC0 49] Android_Mali_T8xx, [00000203593A9A00][000002035A2680C0 49] Android_Mali_G71, [000002035942D100][000002035A26C240 49] Android_Mali_G72, [00000203593A8900][000002035A2703C0 49] Android_Mali_G72_Vulkan, [000002035942CF00][000002035A274540 49] Android_Mali_G76, [00000203593AAC00][000002035A2786C0 49] Android_Mali_G76_Vulkan, [000002035942D300][000002035A27C840 49] Android_Mali_G77, [00000203593A9000][000002035A2809C0 49] Android_Mali_G77_Vulkan, [000002035942EA00][000002035A284B40 49] Android_Mali_G78, [00000203593A8C00][000002035A288CC0 49] Android_Mali_G78_Vulkan, [000002035942E800][000002035A28CE40 49] Android_Mali_G710, [00000203593A8700][000002035A290FC0 49] Android_Mali_G710_Vulkan, [00000203593F6400][000002035A295140 49] Android_Vulkan_SM5, [0000020359448E00][000002035A2992C0 49] Android_PowerVR_G6xxx, [00000203593F4B00][000002035A29D440 49] Android_PowerVR_GT7xxx, [0000020359448400][000002035A2A15C0 49] Android_PowerVR_GE8xxx, [00000203593F7A00][000002035A261700 49] Android_PowerVR_GM9xxx, [000002035944BF00][000002035A2A5840 49] Android_PowerVR_GM9xxx_Vulkan, [00000203593F4D00][000002035A2A9980 49] Android_TegraK1, [000002035944AA00][000002035A2ADAC0 49] Android_Unknown_Vulkan, [00000203593F5700][000002035A2B40C0 49] Lumin, [000002035944B400][000002035A2B8240 49] Lumin_Desktop, [00000203593F4400][000002035A2BC3C0 49] HoloLens, 
[2022.10.30-18.38.31:911][  0]LogShaderCompilers: Display: Worker (3/9): shaders left to compile 2547
[2022.10.30-18.38.31:911][  0]LogShaderCompilers: Display: Started 10 'Local' shader compile jobs with 'High' priority
[2022.10.30-18.38.31:911][  0]LogShaderCompilers: Display: Worker (2/9): shaders left to compile 2537
[2022.10.30-18.38.31:911][  0]LogShaderCompilers: Display: Worker (7/9): shaders left to compile 2527
[2022.10.30-18.38.31:911][  0]LogShaderCompilers: Display: Worker (8/9): shaders left to compile 2517
[2022.10.30-18.38.31:911][  0]LogShaderCompilers: Display: Started 30 'Local' shader compile jobs with 'High' priority
[2022.10.30-18.38.31:911][  0]LogShaderCompilers: Display: Worker (4/9): shaders left to compile 2507
[2022.10.30-18.38.31:911][  0]LogShaderCompilers: Display: Worker (5/9): shaders left to compile 2497
[2022.10.30-18.38.31:911][  0]LogShaderCompilers: Display: Started 20 'Local' shader compile jobs with 'High' priority
[2022.10.30-18.38.31:911][  0]LogShaderCompilers: Display: Worker (9/9): shaders left to compile 2487
[2022.10.30-18.38.31:911][  0]LogShaderCompilers: Display: Started 10 'Local' shader compile jobs with 'High' priority
[2022.10.30-18.38.31:911][  0]LogShaderCompilers: Display: Worker (6/9): shaders left to compile 2477
[2022.10.30-18.38.31:911][  0]LogShaderCompilers: Display: Started 10 'Local' shader compile jobs with 'High' priority
[2022.10.30-18.38.31:911][  0]LogShaderCompilers: Display: Worker (2/9): shaders left to compile 2467
[2022.10.30-18.38.31:911][  0]LogShaderCompilers: Display: Worker (4/9): shaders left to compile 2457
[2022.10.30-18.38.31:911][  0]LogShaderCompilers: Display: Worker (8/9): shaders left to compile 2447
[2022.10.30-18.38.31:911][  0]LogShaderCompilers: Display: Started 30 'Local' shader compile jobs with 'High' priority
[2022.10.30-18.38.31:911][  0]LogShaderCompilers: Display: Worker (3/9): shaders left to compile 2437
[2022.10.30-18.38.31:911][  0]LogShaderCompilers: Display: Worker (7/9): shaders left to compile 2427
[2022.10.30-18.38.31:911][  0]LogShaderCompilers: Display: Started 20 'Local' shader compile jobs with 'High' priority
[2022.10.30-18.38.31:911][  0]LogShaderCompilers: Display: Worker (5/9): shaders left to compile 2417
[2022.10.30-18.38.31:911][  0]LogShaderCompilers: Display: Started 10 'Local' shader compile jobs with 'High' priority
[2022.10.30-18.38.31:911][  0]LogMaterial: Display: Missing cached shadermap for WorldGridMaterial in PCD3D_SM5, Default, SM5 (DDC key hash: 648F9749440D04DE45DE3D0CB5FBA8DEEFE40E25), compiling. Is special engine material.
[2022.10.30-18.38.34:677][  0]LogShaderCompilers: Display: Worker (9/9): shaders left to compile 2407
[2022.10.30-18.38.34:677][  0]LogShaderCompilers: Display: Started 10 'Local' shader compile jobs with 'High' priority
[2022.10.30-18.38.34:677][  0]LogShaderCompilers: Display: Worker (6/9): shaders left to compile 2397
[2022.10.30-18.38.34:677][  0]LogShaderCompilers: Display: Started 10 'Local' shader compile jobs with 'High' priority
[2022.10.30-18.38.34:677][  0]LogShaderCompilers: Display: Worker (1/9): shaders left to compile 2387
[2022.10.30-18.38.34:677][  0]LogShaderCompilers: Display: Started 10 'Local' shader compile jobs with 'High' priority
[2022.10.30-18.38.34:677][  0]LogShaderCompilers: Display: Submitted 962 shader compile jobs with 'High' priority
[2022.10.30-18.38.36:429][  0]LogShaderCompilers: Display: Worker (4/9): shaders left to compile 3339
[2022.10.30-18.38.36:429][  0]LogShaderCompilers: Display: Started 10 'Local' shader compile jobs with 'High' priority
[2022.10.30-18.38.36:429][  0]LogShaderCompilers: Display: Worker (2/9): shaders left to compile 3329
[2022.10.30-18.38.36:429][  0]LogShaderCompilers: Display: Started 10 'Local' shader compile jobs with 'High' priority
[2022.10.30-18.38.37:135][  0]LogShaderCompilers: Display: Worker (8/9): shaders left to compile 3319
[2022.10.30-18.38.37:135][  0]LogShaderCompilers: Display: Started 10 'Local' shader compile jobs with 'High' priority
[2022.10.30-18.38.39:401][  0]LogShaderCompilers: Display: Worker (9/9): shaders left to compile 3309
[2022.10.30-18.38.39:401][  0]LogShaderCompilers: Display: Started 10 'Local' shader compile jobs with 'High' priority
[2022.10.30-18.38.39:955][  0]LogShaderCompilers: Display: Worker (1/9): shaders left to compile 3299
[2022.10.30-18.38.39:955][  0]LogShaderCompilers: Display: Started 10 'Local' shader compile jobs with 'High' priority
[2022.10.30-18.38.40:553][  0]LogShaderCompilers: Display: Worker (4/9): shaders left to compile 3289
[2022.10.30-18.38.40:553][  0]LogShaderCompilers: Display: Started 10 'Local' shader compile jobs with 'High' priority
[2022.10.30-18.38.41:792][  0]LogShaderCompilers: Display: Worker (3/9): shaders left to compile 3279
[2022.10.30-18.38.41:792][  0]LogShaderCompilers: Display: Started 10 'Local' shader compile jobs with 'High' priority
[2022.10.30-18.38.41:792][  0]LogShaderCompilers: Display: Worker (8/9): shaders left to compile 3269
[2022.10.30-18.38.41:792][  0]LogShaderCompilers: Display: Started 10 'Local' shader compile jobs with 'High' priority
[2022.10.30-18.38.43:231][  0]LogShaderCompilers: Display: Worker (5/9): shaders left to compile 3259
[2022.10.30-18.38.43:231][  0]LogShaderCompilers: Display: Started 10 'Local' shader compile jobs with 'High' priority
[2022.10.30-18.38.43:231][  0]LogShaderCompilers: Display: Worker (6/9): shaders left to compile 3249
[2022.10.30-18.38.43:231][  0]LogShaderCompilers: Display: Started 10 'Local' shader compile jobs with 'High' priority
[2022.10.30-18.38.43:838][  0]LogShaderCompilers: Display: Worker (2/9): shaders left to compile 3239
[2022.10.30-18.38.43:838][  0]LogShaderCompilers: Display: Started 10 'Local' shader compile jobs with 'High' priority
[2022.10.30-18.38.44:747][  0]LogShaderCompilers: Display: Worker (9/9): shaders left to compile 3229
[2022.10.30-18.38.44:748][  0]LogShaderCompilers: Display: Started 10 'Local' shader compile jobs with 'High' priority
[2022.10.30-18.38.46:041][  0]LogShaderCompilers: Display: Worker (1/9): shaders left to compile 3219
[2022.10.30-18.38.46:041][  0]LogShaderCompilers: Display: Started 10 'Local' shader compile jobs with 'High' priority
[2022.10.30-18.38.46:635][  0]LogShaderCompilers: Display: Worker (4/9): shaders left to compile 3209
[2022.10.30-18.38.46:635][  0]LogShaderCompilers: Display: Started 10 'Local' shader compile jobs with 'High' priority
[2022.10.30-18.38.46:635][  0]LogShaderCompilers: Display: Worker (5/9): shaders left to compile 3199
[2022.10.30-18.38.46:635][  0]LogShaderCompilers: Display: Started 10 'Local' shader compile jobs with 'High' priority
[2022.10.30-18.38.47:205][  0]LogShaderCompilers: Display: Worker (3/9): shaders left to compile 3189
[2022.10.30-18.38.47:205][  0]LogShaderCompilers: Display: Started 10 'Local' shader compile jobs with 'High' priority
[2022.10.30-18.38.47:807][  0]LogShaderCompilers: Display: Worker (8/9): shaders left to compile 3179
[2022.10.30-18.38.47:807][  0]LogShaderCompilers: Display: Started 10 'Local' shader compile jobs with 'High' priority
[2022.10.30-18.38.48:943][  0]LogShaderCompilers: Display: Worker (6/9): shaders left to compile 3169
[2022.10.30-18.38.48:943][  0]LogShaderCompilers: Display: Started 10 'Local' shader compile jobs with 'High' priority
[2022.10.30-18.38.48:943][  0]LogShaderCompilers: Display: Worker (2/9): shaders left to compile 3159
[2022.10.30-18.38.48:943][  0]LogShaderCompilers: Display: Started 10 'Local' shader compile jobs with 'High' priority
[2022.10.30-18.38.50:256][  0]LogShaderCompilers: Display: Worker (1/9): shaders left to compile 3149
[2022.10.30-18.38.50:256][  0]LogShaderCompilers: Display: Started 10 'Local' shader compile jobs with 'High' priority
[2022.10.30-18.38.50:902][  0]LogShaderCompilers: Display: Worker (9/9): shaders left to compile 3139
[2022.10.30-18.38.50:902][  0]LogShaderCompilers: Display: Started 10 'Local' shader compile jobs with 'High' priority
[2022.10.30-18.38.54:310][  0]LogShaderCompilers: Display: Worker (6/9): shaders left to compile 3129
[2022.10.30-18.38.54:313][  0]LogShaderCompilers: Display: Started 10 'Local' shader compile jobs with 'High' priority
[2022.10.30-18.38.55:108][  0]LogShaderCompilers: Display: Worker (3/9): shaders left to compile 3119
[2022.10.30-18.38.55:108][  0]LogShaderCompilers: Display: Started 10 'Local' shader compile jobs with 'High' priority
[2022.10.30-18.38.55:108][  0]LogShaderCompilers: Display: Worker (5/9): shaders left to compile 3109
[2022.10.30-18.38.55:108][  0]LogShaderCompilers: Display: Started 10 'Local' shader compile jobs with 'High' priority
[2022.10.30-18.38.55:108][  0]LogShaderCompilers: Display: Worker (2/9): shaders left to compile 3099
[2022.10.30-18.38.55:108][  0]LogShaderCompilers: Display: Started 10 'Local' shader compile jobs with 'High' priority
[2022.10.30-18.38.55:108][  0]LogShaderCompilers: Display: Worker (8/9): shaders left to compile 3089
[2022.10.30-18.38.55:108][  0]LogShaderCompilers: Display: Started 10 'Local' shader compile jobs with 'High' priority
[2022.10.30-18.38.56:440][  0]LogShaderCompilers: Display: Worker (1/9): shaders left to compile 3079
[2022.10.30-18.38.56:440][  0]LogShaderCompilers: Display: Started 10 'Local' shader compile jobs with 'High' priority
[2022.10.30-18.38.59:606][  0]LogShaderCompilers: Display: Worker (4/9): shaders left to compile 3069
[2022.10.30-18.38.59:606][  0]LogShaderCompilers: Display: Started 10 'Local' shader compile jobs with 'High' priority
[2022.10.30-18.38.59:606][  0]LogShaderCompilers: Display: Worker (9/9): shaders left to compile 3059
[2022.10.30-18.38.59:606][  0]LogShaderCompilers: Display: Started 10 'Local' shader compile jobs with 'High' priority
[2022.10.30-18.39.01:152][  0]LogShaderCompilers: Display: Worker (2/9): shaders left to compile 3049
[2022.10.30-18.39.01:152][  0]LogShaderCompilers: Display: Started 10 'Local' shader compile jobs with 'High' priority
[2022.10.30-18.39.01:152][  0]LogShaderCompilers: Display: Worker (6/9): shaders left to compile 3039
[2022.10.30-18.39.01:152][  0]LogShaderCompilers: Display: Started 10 'Local' shader compile jobs with 'High' priority
[2022.10.30-18.39.01:152][  0]LogShaderCompilers: Display: Worker (3/9): shaders left to compile 3029
[2022.10.30-18.39.01:152][  0]LogShaderCompilers: Display: Started 10 'Local' shader compile jobs with 'High' priority
[2022.10.30-18.39.01:705][  0]LogShaderCompilers: Display: Worker (1/9): shaders left to compile 3019
[2022.10.30-18.39.01:705][  0]LogShaderCompilers: Display: Started 10 'Local' shader compile jobs with 'High' priority
[2022.10.30-18.39.03:412][  0]LogShaderCompilers: Display: Worker (5/9): shaders left to compile 3009
[2022.10.30-18.39.03:412][  0]LogShaderCompilers: Display: Started 10 'Local' shader compile jobs with 'High' priority
[2022.10.30-18.39.03:412][  0]LogShaderCompilers: Display: Worker (8/9): shaders left to compile 2999
[2022.10.30-18.39.03:412][  0]LogShaderCompilers: Display: Started 10 'Local' shader compile jobs with 'High' priority
[2022.10.30-18.39.03:986][  0]LogShaderCompilers: Display: Worker (4/9): shaders left to compile 2989
[2022.10.30-18.39.03:986][  0]LogShaderCompilers: Display: Started 10 'Local' shader compile jobs with 'High' priority
[2022.10.30-18.39.04:653][  0]LogShaderCompilers: Display: Worker (2/9): shaders left to compile 2979
[2022.10.30-18.39.04:653][  0]LogShaderCompilers: Display: Started 10 'Local' shader compile jobs with 'High' priority
[2022.10.30-18.39.05:222][  0]LogShaderCompilers: Display: Worker (9/9): shaders left to compile 2969
[2022.10.30-18.39.05:222][  0]LogShaderCompilers: Display: Started 10 'Local' shader compile jobs with 'High' priority
