--------- beginning of main
02-08 18:31:05.943  5501  5601 E OsSdk   : error getting shared memory region, memory type: HeadTracker, failed with Status(-1, EX_SECURITY): 'requested shared memory region when not registered/focused'
02-08 18:31:05.945  5501  5601 E OsSdk   : error getting shared memory region, memory type: AnchorTracker, failed with Status(-1, EX_SECURITY): 'requested shared memory region when not registered/focused'
02-08 18:31:05.987  5501  5601 E OsSdk   : error getting shared memory region, memory type: HeadTracker, failed with Status(-1, EX_SECURITY): 'requested shared memory region when not registered/focused'
02-08 18:31:05.995   915   915 E adbd    : failed to connect to socket 'tcp:6666': Connection refused
--------- beginning of system
02-08 18:31:06.001  1029  1798 I ActivityTaskManager: START u0 {flg=0x10000000 cmp=com.YourCompany.TemplateProject3/com.epicgames.ue4.GameActivity} from uid 2000
02-08 18:31:06.018   883  9270 W [CT]    : VEGA:MAP_TRACKING_HM: [Throttled count=25] Map tracking did not run.
02-08 18:31:06.022  5501  5588 I xrstreaming: AudioPlayer: NetworkMetrics: [3.445,16.263]9.883
02-08 18:31:06.031  5501  5601 E OsSdk   : error getting shared memory region, memory type: HeadTracker, failed with Status(-1, EX_SECURITY): 'requested shared memory region when not registered/focused'
02-08 18:31:06.169  5501  5601 I chatty  : uid=10033(com.oculus.xrstreamingclient) SlamAnchorMem identical 3 lines
02-08 18:31:06.212  5501  5601 E OsSdk   : error getting shared memory region, memory type: HeadTracker, failed with Status(-1, EX_SECURITY): 'requested shared memory region when not registered/focused'
02-08 18:31:06.214  5501  5601 E OsSdk   : error getting shared memory region, memory type: AnchorTracker, failed with Status(-1, EX_SECURITY): 'requested shared memory region when not registered/focused'
02-08 18:31:06.246   883  8645 I [CT]    : boltlib: DSP utilization: 10.09 % (504 / 5004 ms)
02-08 18:31:06.259   883  1360 I [CT]    : VEGA_MAPPER:SubmapTrackingValidator: Pausing map building until validation is complete. 26.4 seconds remaining
02-08 18:31:06.262  5501  5601 E OsSdk   : error getting shared memory region, memory type: HeadTracker, failed with Status(-1, EX_SECURITY): 'requested shared memory region when not registered/focused'
02-08 18:31:06.444  5501  5601 I chatty  : uid=10033(com.oculus.xrstreamingclient) SlamAnchorMem identical 4 lines
02-08 18:31:06.484  5501  5601 E OsSdk   : error getting shared memory region, memory type: HeadTracker, failed with Status(-1, EX_SECURITY): 'requested shared memory region when not registered/focused'
02-08 18:31:06.486  5501  5601 E OsSdk   : error getting shared memory region, memory type: AnchorTracker, failed with Status(-1, EX_SECURITY): 'requested shared memory region when not registered/focused'
02-08 18:31:06.526  5501  5601 E OsSdk   : error getting shared memory region, memory type: HeadTracker, failed with Status(-1, EX_SECURITY): 'requested shared memory region when not registered/focused'
02-08 18:31:06.574  5501  5601 I chatty  : uid=10033(com.oculus.xrstreamingclient) SlamAnchorMem identical 1 line
02-08 18:31:06.623  5501  5601 E OsSdk   : error getting shared memory region, memory type: HeadTracker, failed with Status(-1, EX_SECURITY): 'requested shared memory region when not registered/focused'
02-08 18:31:06.649  5501  5565 D xrstreaming: receive ping: org 0 recv 0 xmt 29542236734900 (received at 6181779838056), offset divergence 2857
02-08 18:31:06.668  5501  5601 E OsSdk   : error getting shared memory region, memory type: HeadTracker, failed with Status(-1, EX_SECURITY): 'requested shared memory region when not registered/focused'
02-08 18:31:06.711  5501  5601 I chatty  : uid=10033(com.oculus.xrstreamingclient) SlamAnchorMem identical 1 line
02-08 18:31:06.754  5501  5601 E OsSdk   : error getting shared memory region, memory type: HeadTracker, failed with Status(-1, EX_SECURITY): 'requested shared memory region when not registered/focused'
02-08 18:31:06.755  5501  5601 E OsSdk   : error getting shared memory region, memory type: AnchorTracker, failed with Status(-1, EX_SECURITY): 'requested shared memory region when not registered/focused'
02-08 18:31:06.801  5501  5601 E OsSdk   : error getting shared memory region, memory type: HeadTracker, failed with Status(-1, EX_SECURITY): 'requested shared memory region when not registered/focused'
02-08 18:31:06.839  5501  5601 I chatty  : uid=10033(com.oculus.xrstreamingclient) SlamAnchorMem identical 1 line
02-08 18:31:06.879  5501  5601 E OsSdk   : error getting shared memory region, memory type: HeadTracker, failed with Status(-1, EX_SECURITY): 'requested shared memory region when not registered/focused'
02-08 18:31:06.908   883  8675 W [CT]    : CONSTELLATION: [Throttled count=506] R: Could not retrieve 3dof fallback pose.
02-08 18:31:06.910  5501  5601 E OsSdk   : error getting shared memory region, memory type: HeadTracker, failed with Status(-1, EX_SECURITY): 'requested shared memory region when not registered/focused'
02-08 18:31:06.953  5501  5601 I chatty  : uid=10033(com.oculus.xrstreamingclient) SlamAnchorMem identical 1 line
02-08 18:31:06.986  5501  5601 E OsSdk   : error getting shared memory region, memory type: HeadTracker, failed with Status(-1, EX_SECURITY): 'requested shared memory region when not registered/focused'
02-08 18:31:06.987  5501  5601 E OsSdk   : error getting shared memory region, memory type: AnchorTracker, failed with Status(-1, EX_SECURITY): 'requested shared memory region when not registered/focused'
02-08 18:31:07.032  5501  5601 E OsSdk   : error getting shared memory region, memory type: HeadTracker, failed with Status(-1, EX_SECURITY): 'requested shared memory region when not registered/focused'
02-08 18:31:07.057   883  9270 W [CT]    : VEGA:MAP_TRACKING_HM: [Throttled count=25] Map tracking did not run.
02-08 18:31:07.073  5501  5601 E OsSdk   : error getting shared memory region, memory type: HeadTracker, failed with Status(-1, EX_SECURITY): 'requested shared memory region when not registered/focused'
02-08 18:31:07.199  5501  5601 I chatty  : uid=10033(com.oculus.xrstreamingclient) SlamAnchorMem identical 3 lines
02-08 18:31:07.244  5501  5601 E OsSdk   : error getting shared memory region, memory type: HeadTracker, failed with Status(-1, EX_SECURITY): 'requested shared memory region when not registered/focused'
02-08 18:31:07.247  5501  5601 E OsSdk   : error getting shared memory region, memory type: AnchorTracker, failed with Status(-1, EX_SECURITY): 'requested shared memory region when not registered/focused'
02-08 18:31:07.284   883  9270 W [CT]    : TIMESTAMPCHECKER: Nominal rate wrong. Estimated data rate: 25, Nominal is 30.000300003000028
02-08 18:31:07.294  5501  5601 E OsSdk   : error getting shared memory region, memory type: HeadTracker, failed with Status(-1, EX_SECURITY): 'requested shared memory region when not registered/focused'
02-08 18:31:07.343   883  9276 I [CT]    : CONSTELLATION: R: Not reinitializing 6DoF filter yet (no valid pose from matching).
02-08 18:31:07.344  5501  5601 E OsSdk   : error getting shared memory region, memory type: HeadTracker, failed with Status(-1, EX_SECURITY): 'requested shared memory region when not registered/focused'
02-08 18:31:07.478  5501  5601 I chatty  : uid=10033(com.oculus.xrstreamingclient) SlamAnchorMem identical 3 lines
02-08 18:31:07.521  5501  5601 E OsSdk   : error getting shared memory region, memory type: HeadTracker, failed with Status(-1, EX_SECURITY): 'requested shared memory region when not registered/focused'
02-08 18:31:07.522  5501  5601 E OsSdk   : error getting shared memory region, memory type: AnchorTracker, failed with Status(-1, EX_SECURITY): 'requested shared memory region when not registered/focused'
02-08 18:31:07.570  5501  5601 E OsSdk   : error getting shared memory region, memory type: HeadTracker, failed with Status(-1, EX_SECURITY): 'requested shared memory region when not registered/focused'
02-08 18:31:07.597  3089  3512 I Telemetry: App memory usage: PSS=52 MiB, PrivateDirty=41 MiB, PrivateClean=3 MiB, GPU=3.8/4.0 MiB (96% allocated)
02-08 18:31:07.611  5501  5601 E OsSdk   : error getting shared memory region, memory type: HeadTracker, failed with Status(-1, EX_SECURITY): 'requested shared memory region when not registered/focused'
02-08 18:31:07.649  5501  5565 D xrstreaming: receive ping: org 0 recv 0 xmt 29543237284300 (received at 6182780351233), offset divergence 2857
02-08 18:31:07.661  5501  5601 E OsSdk   : error getting shared memory region, memory type: HeadTracker, failed with Status(-1, EX_SECURITY): 'requested shared memory region when not registered/focused'
02-08 18:31:07.702  5501  5601 E OsSdk   : error getting shared memory region, memory type: HeadTracker, failed with Status(-1, EX_SECURITY): 'requested shared memory region when not registered/focused'
02-08 18:31:07.703   883  1360 I [CT]    : Vega:SubmapPublisher: Tracking parent no change: frame movement above thresh -> Publish
02-08 18:31:07.703   883  1360 I [CT]    : Vega:SubmapPublisher: Start to publish submaps, found candidates:  3
02-08 18:31:07.703   883  1360 E [CT]    : SubmapRecords: findSubmapId found 2 submap records hold the same query krHandle
--------- beginning of tracking
02-08 18:31:07.743   883  1355 I chatty  : uid=1000(system) Binder:883_3 expire 57 lines
02-08 18:31:07.744  5501  5601 E OsSdk   : error getting shared memory region, memory type: HeadTracker, failed with Status(-1, EX_SECURITY): 'requested shared memory region when not registered/focused'
02-08 18:31:07.766   883  9270 I [CT]    : VegaTrackTracker: Starting map tracking on map. SubmapId Submap id = 1, version = 1821770102 Active contexts: 1
02-08 18:31:07.767   883  9270 I [CT]    : VegaTrackTracker: Starting map tracking on map. SubmapId Submap id = 2, version = 1860440225 Active contexts: 2
02-08 18:31:07.789   883  1355 W TrackingService: attachClient: found client in attached list
02-08 18:31:07.790  5501  5601 E OsSdk   : error getting shared memory region, memory type: HeadTracker, failed with Status(-1, EX_SECURITY): 'requested shared memory region when not registered/focused'
02-08 18:31:07.790   883   883 W TrackingService: attachClient: found client in attached list
02-08 18:31:07.792  5501  5601 E OsSdk   : error getting shared memory region, memory type: AnchorTracker, failed with Status(-1, EX_SECURITY): 'requested shared memory region when not registered/focused'
02-08 18:31:07.817   883  9270 W [CT]    : VEGA:MAP_TRACKING_HM: Validation failed after 0.04 seconds of bad frames. Switching from Validating to NoTracking
02-08 18:31:07.825  5501  5601 E OsSdk   : error getting shared memory region, memory type: HeadTracker, failed with Status(-1, EX_SECURITY): 'requested shared memory region when not registered/focused'
02-08 18:31:07.846   883  9270 I [CT]    : TrackedMapContext: Stop tracking map with ID Submap id = 2, version = 1860440225 at index: 2 in contexts: 3
02-08 18:31:07.858   883  9270 I [CT]    : VEGA:MAP_TRACKING_HM: Map valid. succeeded after 0.08 seconds of good frames. Switching from Validating to Tracking.
02-08 18:31:07.871  5501  5601 E OsSdk   : error getting shared memory region, memory type: HeadTracker, failed with Status(-1, EX_SECURITY): 'requested shared memory region when not registered/focused'
02-08 18:31:07.908   883  8675 W [CT]    : CONSTELLATION: [Throttled count=506] R: Could not retrieve 3dof fallback pose.
02-08 18:31:07.917  5501  5601 E OsSdk   : error getting shared memory region, memory type: HeadTracker, failed with Status(-1, EX_SECURITY): 'requested shared memory region when not registered/focused'
02-08 18:31:07.967  5501  5601 E OsSdk   : error getting shared memory region, memory type: HeadTracker, failed with Status(-1, EX_SECURITY): 'requested shared memory region when not registered/focused'
02-08 18:31:07.998   915   915 E adbd    : failed to connect to socket 'tcp:6666': Connection refused
02-08 18:31:08.006  5501  5601 E OsSdk   : error getting shared memory region, memory type: HeadTracker, failed with Status(-1, EX_SECURITY): 'requested shared memory region when not registered/focused'
02-08 18:31:08.062  5501  5601 E OsSdk   : error getting shared memory region, memory type: HeadTracker, failed with Status(-1, EX_SECURITY): 'requested shared memory region when not registered/focused'
02-08 18:31:08.064  5501  5601 E OsSdk   : error getting shared memory region, memory type: AnchorTracker, failed with Status(-1, EX_SECURITY): 'requested shared memory region when not registered/focused'
02-08 18:31:08.098   883  9270 W [CT]    : VEGA:MAP_TRACKING_HM: [Throttled count=23] Map tracking did not run.
02-08 18:31:08.111  5501  5601 E OsSdk   : error getting shared memory region, memory type: HeadTracker, failed with Status(-1, EX_SECURITY): 'requested shared memory region when not registered/focused'
02-08 18:31:08.156  5501  5601 E OsSdk   : error getting shared memory region, memory type: HeadTracker, failed with Status(-1, EX_SECURITY): 'requested shared memory region when not registered/focused'
02-08 18:31:08.183   883  9276 W [CT]    : CONSTELLATION:MATCHING: [Throttled count=2] Anomalous blob size detected => Resetting matches for controller 729165a0fe4054d7 (R).
02-08 18:31:08.201  5501  5601 E OsSdk   : error getting shared memory region, memory type: HeadTracker, failed with Status(-1, EX_SECURITY): 'requested shared memory region when not registered/focused'
02-08 18:31:08.293  5501  5601 I chatty  : uid=10033(com.oculus.xrstreamingclient) SlamAnchorMem identical 2 lines
02-08 18:31:08.331  5501  5601 E OsSdk   : error getting shared memory region, memory type: HeadTracker, failed with Status(-1, EX_SECURITY): 'requested shared memory region when not registered/focused'
02-08 18:31:08.332  5501  5601 E OsSdk   : error getting shared memory region, memory type: AnchorTracker, failed with Status(-1, EX_SECURITY): 'requested shared memory region when not registered/focused'
02-08 18:31:08.385  5501  5601 E OsSdk   : error getting shared memory region, memory type: HeadTracker, failed with Status(-1, EX_SECURITY): 'requested shared memory region when not registered/focused'
02-08 18:31:08.555  5501  5601 I chatty  : uid=10033(com.oculus.xrstreamingclient) SlamAnchorMem identical 4 lines
02-08 18:31:08.599  5501  5601 E OsSdk   : error getting shared memory region, memory type: HeadTracker, failed with Status(-1, EX_SECURITY): 'requested shared memory region when not registered/focused'
02-08 18:31:08.601  5501  5601 E OsSdk   : error getting shared memory region, memory type: AnchorTracker, failed with Status(-1, EX_SECURITY): 'requested shared memory region when not registered/focused'
02-08 18:31:08.623   883  9276 I [CT]    : CONSTELLATION: R: Successfully reinitialized 6DoF filter. Keep Cov and Calib States = N. Keep velocity state and covariance = N
02-08 18:31:08.624  5501  5601 E OsSdk   : error getting shared memory region, memory type: HeadTracker, failed with Status(-1, EX_SECURITY): 'requested shared memory region when not registered/focused'
02-08 18:31:08.625   883  8675 I [CT]    : CONSTELLATION: R: Detected static IMU, no button event and has tracked position => Applying constant controller pose.
02-08 18:31:08.625   883  8675 I [CT]    : INPUT_TRACKING:Behavior:NearHeadMoving: [Right] state transition: Init -> TorsoInitialized
02-08 18:31:08.626   883  8675 I [CT]    : INPUT_TRACKING:Behavior:NearHeadMoving: [Left] state transition: Init -> TorsoInitialized
02-08 18:31:08.652  5501  5565 D xrstreaming: receive ping: org 0 recv 0 xmt 29544239788300 (received at 6183782881233), offset divergence 2857
02-08 18:31:08.659   883  8675 I [CT]    : INPUT_TRACKING:Behavior:OutOfFoVRotation: [Right] state transition: InRange -> Active
02-08 18:31:08.659   883  8675 I [CT]    : INPUT_TRACKING:Behavior:OutOfFoVRotation: [Right] activated
02-08 18:31:08.659   883  8675 I [CT]    : INPUT_TRACKING:Behavior:OutOfFoVRotation: [Right] using reliablePoseInWorld
02-08 18:31:08.659   883  8675 I [CT]    : INPUT_TRACKING:ControllerMotionModel: [Right] t = 6152.845s, behavior transition: None -> OutOfFoVRotation
02-08 18:31:08.663   883  1360 I [CT]    : VEGA_MAPPER:SubmapTrackingValidator: Pausing map building until validation is complete. 24 seconds remaining
02-08 18:31:08.665   883  8675 I [CT]    : INPUT_TRACKING:Behavior:OutOfFoVRotation: [Right] state transition: Active -> Transition
02-08 18:31:08.667   883  8675 I [CT]    : INPUT_TRACKING:Behavior:OutOfFoVRotation: [Right] deactivated
02-08 18:31:08.667   883  8675 I [CT]    : INPUT_TRACKING:ControllerMotionModel: [Right] t = 6152.853s, behavior transition: OutOfFoVRotation -> None
02-08 18:31:08.671  5501  5601 E OsSdk   : error getting shared memory region, memory type: HeadTracker, failed with Status(-1, EX_SECURITY): 'requested shared memory region when not registered/focused'
02-08 18:31:08.716  5501  5601 I chatty  : uid=10033(com.oculus.xrstreamingclient) SlamAnchorMem identical 2 lines
02-08 18:31:08.760  5501  5601 E OsSdk   : error getting shared memory region, memory type: HeadTracker, failed with Status(-1, EX_SECURITY): 'requested shared memory region when not registered/focused'
02-08 18:31:08.780   883  9270 I [CT]    : VIPER: Mode=SuperVega,Status=6DoF,TRACKING,Inl=39,Mem=93.5,Jit=1.3mm,Issues(Cam/min=0.0,IMU/min=0.0),Exp=(11.7ms,g=15.0,I=74,Ir=426.6)(12.3ms,g=15.0,I=92,Ir=504.7)(12.3ms,g=15.0,I=134,Ir=728.0)(6.8ms,g=9.0,I=74,Ir=1210.9)
02-08 18:31:08.803  5501  5601 E OsSdk   : error getting shared memory region, memory type: HeadTracker, failed with Status(-1, EX_SECURITY): 'requested shared memory region when not registered/focused'
02-08 18:31:08.806  5501  5601 E OsSdk   : error getting shared memory region, memory type: AnchorTracker, failed with Status(-1, EX_SECURITY): 'requested shared memory region when not registered/focused'
02-08 18:31:08.846  5501  5601 E OsSdk   : error getting shared memory region, memory type: HeadTracker, failed with Status(-1, EX_SECURITY): 'requested shared memory region when not registered/focused'
02-08 18:31:08.889   883   883 I chatty  : uid=1000(system) /system/bin/trackingservice identical 30 lines
02-08 18:31:08.890  5501  5601 E OsSdk   : error getting shared memory region, memory type: HeadTracker, failed with Status(-1, EX_SECURITY): 'requested shared memory region when not registered/focused'
02-08 18:31:08.901   883  1360 I [CT]    : Vega:SubmapPublisher: Tracking parent no change: frame movement above thresh -> Publish
02-08 18:31:08.901   883  1360 I [CT]    : Vega:SubmapPublisher: Start to publish submaps, found candidates:  3
02-08 18:31:08.901   883  1360 E [CT]    : SubmapRecords: findSubmapId found 2 submap records hold the same query krHandle
02-08 18:31:08.926   883  9270 I [CT]    : VegaTrackTracker: Starting map tracking on map. SubmapId Submap id = 2, version = 1956571157 Active contexts: 2
02-08 18:31:08.929   883   883 W TrackingService: attachClient: found client in attached list
02-08 18:31:08.931  5501  5601 E OsSdk   : error getting shared memory region, memory type: HeadTracker, failed with Status(-1, EX_SECURITY): 'requested shared memory region when not registered/focused'
02-08 18:31:08.941   757  1256 I SyncBossHAL: [info   ] syncboss_hal_powerstate.c(50): Reporting powerstate event: PROX_ON
02-08 18:31:08.944  1029  1516 D VrPowerManagerService: processing message: sensor changed
02-08 18:31:08.944  1029  1516 I VrPowerManagerService: transition from HEADSET_UNMOUNTED to HEADSET_MOUNTED
02-08 18:31:08.944   883   883 D SensorClientUtils: Received transition request from STANDBY to RUNNING
02-08 18:31:08.945  1773  5320 D SensorClientUtils: Received transition request from STANDBY to RUNNING
02-08 18:31:08.945  1804  1841 D VrPowerManagerClient: Headset state: 1
02-08 18:31:08.945  1804  1841 V ControllerNotifications: Headset was mounted, requesting that notifications are enabled
02-08 18:31:08.945  1804  1841 V ControllerNotifications: Queueing enable of notifications in 5000ms
02-08 18:31:08.945   868   868 D SensorClientUtils: Received transition request from STANDBY to RUNNING
02-08 18:31:08.947   745  5177 W DeviceHAL: Error from HAL Device in function get_mic_mute: Function not implemented
02-08 18:31:08.947   745  5177 W DeviceHAL: Error from HAL Device in function get_mic_mute: Function not implemented
02-08 18:31:08.947   745  5177 D audio_hw_primary: adev_set_mic_mute state 0
02-08 18:31:08.947   745  5177 W DeviceHAL: Error from HAL Device in function set_mic_mute: Function not implemented
02-08 18:31:08.947  2024  2024 D VrRuntimeService: Received broadcast: com.oculus.intent.action.MOUNT_STATE_CHANGED
02-08 18:31:08.947  2024  2024 D VrRuntimeService: mounted state: true
02-08 18:31:08.947  2024  2024 I VrRuntimeService: nativeScreenStateChanged to on
02-08 18:31:08.947   745  5177 W DeviceHAL: Error from HAL Device in function set_mic_mute: Function not implemented
02-08 18:31:08.947  2024  2024 I VrRuntimeService: Previous running state: RUNNING
02-08 18:31:08.947   848   848 D TelemetryService: Received notification of event: 6
02-08 18:31:08.947   848   848 D TelemetryService: Received notification of headset mounted
02-08 18:31:08.947   848   848 D TelemetryService: Headset is in use
02-08 18:31:08.948  3371  3371 I [CT]    : MIXEDREALITY: MrService: MountStateChanged: true
02-08 18:31:08.948  3687  3687 D [SUI] SystemUXBroadcastReceiver: action: com.oculus.intent.action.MOUNT_STATE_CHANGED
02-08 18:31:08.948  3277  3277 D MetaCamNative (device_lifecycle_observer): OnDeviceMountedStateChange(is_mounted = 1)
02-08 18:31:08.949  3277  3277 D MetaCam (LivestreamDeviceLifecycleObserver): onDeviceMountedStateChange while not livestreaming
02-08 18:31:08.949  3835  3835 D [OAO] BaseOverlayService: screenStateReceiver Received broadcast: com.oculus.intent.action.MOUNT_STATE_CHANGED
02-08 18:31:08.949  3797  3797 D [SEO] BaseOverlayService: screenStateReceiver Received broadcast: com.oculus.intent.action.MOUNT_STATE_CHANGED
02-08 18:31:08.949  3835  3835 D [OAO] ShellOverlayService: onMountStateChanged: true
02-08 18:31:08.949  3835  3835 I [OAO] ShellOverlayServiceJNI: NativeSendOverlayCommand
02-08 18:31:08.949  3835  3835 I [OAO] ShellOverlayServiceJNI: NativeWake
02-08 18:31:08.949  3835  3835 I [OAO] ShellOverlayMain: WakeVrThread
02-08 18:31:08.949  3835  3835 I [OAO] ShellOverlayMain: WakeVrThread - notifying vr thread
02-08 18:31:08.949  1029  3179 E AudioSystem-JNI: Command failed for android_media_AudioSystem_muteMicrophone: -38
02-08 18:31:08.949  3835  3880 I [OAO] ShellOverlayApp: VrThread woke up
02-08 18:31:08.949  3835  3880 I [OAO] ShellOverlayApp: 0xc7b2ab28 msg: overlayCommand:
02-08 18:31:08.949  3835  3880 I [OAO] ShellOverlayApp: command = mountStateChanged
02-08 18:31:08.949  3835  3880 I [OAO] ShellOverlayApp: state = 1
02-08 18:31:08.949  3835  3880 I [OAO] ShellOverlayApp: Process_OverlayCommand command : mountStateChanged
02-08 18:31:08.949  3835  3880 I [OAO] ShellOverlayApp: mountStateChanged message received
02-08 18:31:08.949  3835  3880 I [OAO] ShellOverlayApp: ResolveDeviceState: change from WaitingForSleep to Awake
02-08 18:31:08.949  3835  3880 I [OAO] ShellOverlayApp: ResolveDeviceState: isWakingOrUnlockingIntoWake : 0
02-08 18:31:08.949  3835  3880 I [OAO] ShellOverlayApp: ResolveDeviceState: interactionState : InputFocus
02-08 18:31:08.950   883   883 W TrackingService: attachClient: found client in attached list
02-08 18:31:08.950  2024  3018 I UnifiedTelemetryWrapper: Started UT session don
02-08 18:31:08.952  3225  3225 W VRLifecycleManager: onHeadsetMounted
02-08 18:31:08.952   883   883 D TrackingService: getSharedMemory: com.oculus.vrshell, HeadTracker
02-08 18:31:08.952  3225  3225 W DeviceConfigUtil: Try to get config param "oculus_social_platform_deviceconfig:oculus_parties_remove_party_enforcer" before Device Config has subscribed to the service.
02-08 18:31:08.953  3225  3225 W DeviceConfigUtil: Try to get config param "messenger_vr_call_device_transfer_config:is_call_takeover_enabled" before Device Config has subscribed to the service.
02-08 18:31:08.955  3835  3880 I [OAO] LocalSpace: New Space: quat(-0.138637, -0.764994, -0.297247, 0.554264), translation(0.140518, 1.199395, 0.086186) - Prior Space: quat(-0.076385, -0.650673, -0.062887, 0.752885), translation(0.049734, 1.402631, -0.054431)
02-08 18:31:08.955  3835  3880 I [OAO] LocalSpace: Local space version from 17 to 18, local space user version from 0 to 0.
02-08 18:31:08.955  3835  3880 I [OAO] GuardianController: GetShellGuardianState: DORMANT
02-08 18:31:08.956  2149  2149 W VRLifecycleManager: onHeadsetMounted
02-08 18:31:08.956  3835  3880 I [OAO] FlowController: UpdateActiveFlow from OverlayGuardianFlow to (none)
02-08 18:31:08.956  3835  3880 I [OAO] OverlayGuardianFlow: OverlayGuardianFlow Deactivated
02-08 18:31:08.956  3835  3880 I [OAO] OverlayGuardianFlow: OverlayGuardianFlow::ParseShellUri IsRequestingActivation() = 0
02-08 18:31:08.956  3835  3880 I [OAO] OverlayGuardianFlow: OverlayGuardianFlow::ParseShellUri shellGuardianState = 0
02-08 18:31:08.956  3835  3880 I [OAO] GuardianController: SETUP STATE1 ACTIVE: GUARDIAN_SYSTEM_GUARDIAN_VALID
02-08 18:31:08.956  3835  3880 I [OAO] GuardianController: SETUP STATE2 ACTIVE: GUARDIAN_SYSTEM_2_DIRECTIONAL_PASSTHROUGH_ENABLED
02-08 18:31:08.956  3835  3880 I [OAO] GuardianController: SETUP STATE2 ACTIVE: GUARDIAN_SYSTEM_2_SHOULD_PUSH_BLACK
02-08 18:31:08.961  3835  3880 I [OAO] InputManager: Should render Hands system gestures icons: yes
02-08 18:31:08.961  3835  3880 I [OAO] SystemUXControllerHelper: OnReorient(reason: 3)
02-08 18:31:08.962  3089  3903 I VrGuardianService: GuardianSDKServer::ClearPassthroughFlag
02-08 18:31:08.964  3089  3150 I StateMachine: StateMachine::Update GuardianInitializationStateMachine: mountEvent -> MountedTransition_Black
02-08 18:31:08.964  3089  3150 I StateMachine: StateMachine::Update HmdMovementTelemetryStateMachine: hmdTelemetryMountEvent -> HmdTelemetry_Mounted
02-08 18:31:08.974  4380  4380 D ResourceDownloadHMDMountReceiver: Got HMD Mounted event, going to warm up assistant
02-08 18:31:08.974  4380  4380 W ResourceDownloadHMDMountReceiver: This user doesn't use Assistant at all. Not warming up Assistant.
02-08 18:31:08.974  2149  2149 I PlatformPluginManager: setHeadsetMountState: true
02-08 18:31:08.974  2149  2149 I OVRPlatform: [AudioManager] SetHeadsetMounted: true
02-08 18:31:08.974  2149  2149 I OVRPlatform: [AudioManager] Current headsetMounted_ true
02-08 18:31:08.974  2149  2149 I OVRPlatform: [AudioManager] Current headphoneStatus_: DISCONNECTED
02-08 18:31:08.974  2149  2149 I PlatformPluginManager: on headset mounted
02-08 18:31:08.974  4380  4380 D AuthServiceClient: onServiceConnected
02-08 18:31:08.978   883   883 W TrackingService: attachClient: found client in attached list
02-08 18:31:08.979   883  8675 D TrackingService: [HANDTRACKING] Controller 729165a0fe4054d7 in hand: N, valid: Y
02-08 18:31:08.979  5501  5601 E OsSdk   : error getting shared memory region, memory type: HeadTracker, failed with Status(-1, EX_SECURITY): 'requested shared memory region when not registered/focused'
02-08 18:31:09.002  2801  2801 D MVanServiceReceiver: MVanServiceReceiver Action: com.oculus.intent.action.MOUNT_STATE_CHANGED
02-08 18:31:09.019   883  9270 W [CT]    : VEGA:MAP_TRACKING_HM: Validation failed after 0.04 seconds of bad frames. Switching from Validating to NoTracking
02-08 18:31:09.021   883   883 W TrackingService: attachClient: found client in attached list
02-08 18:31:09.022  5501  5601 E OsSdk   : error getting shared memory region, memory type: HeadTracker, failed with Status(-1, EX_SECURITY): 'requested shared memory region when not registered/focused'
02-08 18:31:09.037  3835  3880 I [OAO] TelemetryProvider: aui_reorient system -92 0 0 com.oculus.os.clearactivity
02-08 18:31:09.040  3835  3880 I VrRuntimeClient: UpdateEvents: HMT was mounted
02-08 18:31:09.041  3835  3880 I [OAO] SystemUXControllerHelper: OnReorient(reason: 3)
02-08 18:31:09.046   883  9270 I [CT]    : TrackedMapContext: Stop tracking map with ID Submap id = 2, version = 1956571157 at index: 2 in contexts: 3
02-08 18:31:09.047  3835  3880 I [OAO] TelemetryProvider: aui_reorient system -92 0 0 com.oculus.os.clearactivity
02-08 18:31:09.048  3835  3880 I [OAO] VrPlatformOpenXr: xrPollEvent: received XR_TYPE_EVENT_DATA_MOUNT_STATE_CHANGED_FB event: isMounted 1
02-08 18:31:09.048  3835  3880 I [OAO] ShellOverlayApp: ResolveInteractionState: change from InputFocus to None
02-08 18:31:09.048  3835  3880 I [OAO] ShellOverlayApp: LeaveVrMode: Interaction state from InputFocus to None
02-08 18:31:09.048  3835  3880 I [OAO] ShellTransitionState: Logging ShellTransitionState to dumpsys: {"state":"Backgrounding","timeMillis":"6184178"}
02-08 18:31:09.048  3835  3880 I [OAO] ShellOverlayApp: EmptyFrame: Pushing an empty frame
02-08 18:31:09.048  3835  3880 I [OAO] VrPlatformOpenXr: VrPlatformOpenXr::SetPropInhibitHandleHomeKey inhibit:0
02-08 18:31:09.048  3835  3880 I OpenXR_DeviceSettings: ------------ xrSetDeviceSettingBooleanFB -----------
02-08 18:31:09.048  3835  3880 I ClientInputSettings: SetInhibitHandleHomeKey = false for com.oculus.vrshell
02-08 18:31:09.048  3835  3880 I ClientInputInterface: SetInhibitHandleHomeKey 0 for process com.oculus.vrshell 3835
02-08 18:31:09.048  3835  3880 I [OAO] VrPlatformOpenXr: VrPlatformOpenXr::SetPropInhibitHandleHomeKey result = 0
02-08 18:31:09.049  3835  3880 I [OAO] ModelDef: Destroying ModelFileModel guardianLaserBeam.gltf.ovrscene
02-08 18:31:09.049  3835  3880 I [OAO] ModelDef: Destroying ModelFileModel pinchArrowBlend.gltf.ovrscene
02-08 18:31:09.049  3835  3880 I [OAO] ModelDef: Destroying ModelFileModel guardianLaserBeam.gltf.ovrscene
02-08 18:31:09.049  3835  3880 I [OAO] ModelDef: Destroying ModelFileModel pinchArrowBlend.gltf.ovrscene
02-08 18:31:09.049  3835  3880 I [OAO] DragDropController: OnBackground
02-08 18:31:09.049  3835  3880 I [OAO] DesktopPanelControllerAnalytics: DesktopPanelControllerAnalytics flushing telemetry
02-08 18:31:09.049  3835  3880 I [OAO] DesktopPanelControllerAnalytics: FlushPendingDesktopMetrics Tablet
02-08 18:31:09.050  3835  3880 I [OAO] VrPlatformOpenXr: RequestEndSession state XR_SESSION_STATE_FOCUSED    focused:1
02-08 18:31:09.050  3835  3880 D [OAO] ShellApplication: setOverlayInputFocus: inputFocus=false shouldSupportIME=false
02-08 18:31:09.050  3835  3880 D [OAO] BaseOverlayService: setOverlayInputFocus : entrypoint - inputFocus=false shouldSupportIME=false
02-08 18:31:09.050  3835  3880 I OpenXR  : ------------ RequestExitSession [start] -----------
02-08 18:31:09.050  3835  3880 I OpenXR  : ------------ RequestExitSession [end] -----------
02-08 18:31:09.050  3835  3835 D [OAO] BaseOverlayService: detachServiceWindowView
02-08 18:31:09.050  3835  3880 I OpenXR  : PostSessionStateChange: XR_SESSION_STATE_FOCUSED -> XR_SESSION_STATE_VISIBLE
02-08 18:31:09.050  3835  3880 I [OAO] VrPlatformOpenXr: xrPollEvent: received XR_TYPE_EVENT_DATA_SESSION_STATE_CHANGED: 4 for session 0x2 at time 6184.180779
02-08 18:31:09.050  3835  3880 I [OAO] VrPlatformOpenXr: Session state changed XR_SESSION_STATE_VISIBLE
02-08 18:31:09.050  3835  3880 I OpenXR  : PostSessionStateChange: XR_SESSION_STATE_VISIBLE -> XR_SESSION_STATE_SYNCHRONIZED
02-08 18:31:09.050  3835  3880 I [OAO] VrPlatformOpenXr: xrPollEvent: received XR_TYPE_EVENT_DATA_SESSION_STATE_CHANGED: 3 for session 0x2 at time 6184.180865
02-08 18:31:09.050  3835  3880 I [OAO] VrPlatformOpenXr: Session state changed XR_SESSION_STATE_SYNCHRONIZED
02-08 18:31:09.050  3835  3880 I OpenXR  : PostSessionStateChange: XR_SESSION_STATE_SYNCHRONIZED -> XR_SESSION_STATE_STOPPING
02-08 18:31:09.050  3835  3880 I [OAO] VrPlatformOpenXr: xrPollEvent: received XR_TYPE_EVENT_DATA_SESSION_STATE_CHANGED: 6 for session 0x2 at time 6184.180939
02-08 18:31:09.050  3835  3880 I [OAO] VrPlatformOpenXr: Session state changed XR_SESSION_STATE_STOPPING
02-08 18:31:09.050  3835  3880 I [OAO] VrPlatformOpenXr: EndSession state XR_SESSION_STATE_STOPPING    focused:0
02-08 18:31:09.050  3835  3880 I [OAO] VrPlatformOpenXr: EndSession calling MrServiceClient EndSession
02-08 18:31:09.051  3371  3910 I [CT]    : MIXEDREALITY: MrFeatureStatus: Client status changed from Started to Paused.
02-08 18:31:09.051  3371  3910 I [CT]    : MIXEDREALITY: MrFeatureStatus: Target status Paused, CurrentStatus: Started
02-08 18:31:09.051  3371  3910 I [CT]    : MIXEDREALITY: MrFeatureStatus: Operation chain: Pause
02-08 18:31:09.051  3371  3910 I [CT]    : MIXEDREALITY: MrFeatureStatus: Global status changed from Started to Paused.
02-08 18:31:09.051  2024  9283 I CompositorProgs: loaded binary layerProgram 0:0x100000048082:0x0 in 1.3 ms
02-08 18:31:09.051  3371  3910 I [CT]    : MIXEDREALITY: MrServiceController: Queuing command linked to operation Pause for feature 0
02-08 18:31:09.051  3371  3418 I [CT]    : MIXEDREALITY: MrServiceController: Executing passthroughPause on model
02-08 18:31:09.051  3371  3418 I [CT]    : MIXEDREALITY: MrServiceModel: passthroughPause()
02-08 18:31:09.051  3371  3418 I [CT]    : MIXEDREALITY: MrServiceModel: passthroughPause: Paused Passthrough
02-08 18:31:09.051  3371  3418 I [CT]    : MIXEDREALITY: MrRuntimeImpl: onPause: Capability 0 on device 2.
02-08 18:31:09.051  3371  3418 I [CT]    : MIXEDREALITY: MrRuntimeImpl: onPause: Capability 1 on device 2.
02-08 18:31:09.052   868  3415 I [CT]    : MIXEDREALITY: MrSystemServiceIPCServer: ChangeMrCapabilityStatusNonBlocking: client 2800277011, capability 0, command 0.
02-08 18:31:09.052   868  3415 I [CT]    : MIXEDREALITY: ServiceLogic: Stopping: Passthrough
02-08 18:31:09.052   868  3415 I [CT]    : MIXEDREALITY: MrRuntimeCompute: onStop: Passthrough.
02-08 18:31:09.052   868  3415 I [CT]    : MIXEDREALITY: MrRuntimeCompute: onStop: All capabilities using stereopipeline are off, pausing stereo pipeline.
02-08 18:31:09.052   868  3415 I [CT]    : MIXEDREALITY: MrRuntimeCompute: Schedule 'pauseStereoPipeline' with 5s delay
02-08 18:31:09.052   868  3415 I [CT]    : MIXEDREALITY: MrSystemService: FramesetTelemetry: valid: 188/188, stereo/depth/color: avail:  188/   0/   0, accepted %: 100.0/0.0/0.0, dropped %: 0.0/0.0/0.0, valid %: 100.0/0.0/0.0, textured %: 100.0/0.0/0.0.
02-08 18:31:09.052   868  3415 I [CT]    : MIXEDREALITY: MrSystemService: FramesetTelemetry: timeouts stereo/color: compute side: 0/0, render side: 0/0, egl: 0.
02-08 18:31:09.052   868  3415 I [CT]    : MIXEDREALITY: ServiceLogic: Schedule 'sendMrEngine: Pause'
02-08 18:31:09.052   868  3415 I [CT]    : MIXEDREALITY: MrSystemServiceIPCServer: ChangeMrCapabilityStatusNonBlocking: client 2800277011, capability 1, command 0.
02-08 18:31:09.052   868  3415 I [CT]    : MIXEDREALITY: ServiceLogic: Stopping: Playspace
02-08 18:31:09.052   868  3415 I [CT]    : MIXEDREALITY: MrRuntimeCompute: onStop: Playspace.
02-08 18:31:09.052   868  3415 I [CT]    : MIXEDREALITY: MrRuntimeCompute: onStop: All capabilities using stereopipeline are off, pausing stereo pipeline.
02-08 18:31:09.052   868  3415 I [CT]    : MIXEDREALITY: MrRuntimeCompute: Schedule 'pauseStereoPipeline' with 5s delay
02-08 18:31:09.052  3835  3880 I [OAO] VrPlatformOpenXr: EndSession MrServiceClient EndSession passed
02-08 18:31:09.052  3835  3880 I [OAO] VrPlatformOpenXr: EndSession calling xrEndSession
02-08 18:31:09.052  3835  3880 I OpenXR  : ------------ xrEndSession [start] -----------
02-08 18:31:09.052  3835  3880 I XrRuntimeUtils: XrRuntimeUtils::EndSession
02-08 18:31:09.052   868  3415 I [CT]    : MIXEDREALITY: ServiceLogic: Schedule 'sendMrEngine: Pause'
02-08 18:31:09.054   883   883 W TrackingService: attachClient: found client in attached list
02-08 18:31:09.055   883   883 D TrackingService: getSharedMemory: com.oculus.mrservice#3371, HeadTracker
02-08 18:31:09.056  3835  3880 D VrApi   : targetSDKVersion 29
02-08 18:31:09.056  3371  3418 W OsSdk   : Requested historical tracking state too far in the past; oldest: 6183.898698s, requested: 6176.901562s
02-08 18:31:09.059  3371  3418 I [CT]    : MIXEDREALITY: MrServiceModel: Hibernating caller (most likely rendering thread) due to commandQueue being empty.
02-08 18:31:09.062  2024  3018 I ServiceInputManager: InhibitHandleHomeKey has changed on the service. New value: 0
02-08 18:31:09.062  1804  1804 D OculusNotificationListenerService: Notification removed: 0|android|0|com.android.server.wm.AlertWindowNotification - com.oculus.vrshell|1000
02-08 18:31:09.063   883   883 W TrackingService: attachClient: found client in attached list
02-08 18:31:09.064  5501  5601 E OsSdk   : error getting shared memory region, memory type: HeadTracker, failed with Status(-1, EX_SECURITY): 'requested shared memory region when not registered/focused'
02-08 18:31:09.064   883   883 W TrackingService: attachClient: found client in attached list
02-08 18:31:09.065  5501  5601 E OsSdk   : error getting shared memory region, memory type: AnchorTracker, failed with Status(-1, EX_SECURITY): 'requested shared memory region when not registered/focused'
02-08 18:31:09.065  2024  2024 I ClientMgr: FocusedClient changed.
02-08 18:31:09.065  2024  2024 W ClientMgr: ClientMgr::SetFocusedClient: No focused client
02-08 18:31:09.065  2024  2024 I ClientMgr: Releasing clocks.
02-08 18:31:09.065  2024  2024 I ClientMgr: SetFocusedPackageName - packageName  processName  clientId 0 clientPid 0
02-08 18:31:09.066  2024  2060 I FocusedClientsListener: focus: onVrFocusChanged(focusType=1): 5
02-08 18:31:09.066  2024  2060 I FocusedClientsListener: focus: pid=4614
02-08 18:31:09.066  2024  2060 I FocusedClientsListener: focus: pid=3797
02-08 18:31:09.066  2024  2060 I FocusedClientsListener: focus: pid=3835
02-08 18:31:09.066  2024  2060 I FocusedClientsListener: focus: pid=3371
02-08 18:31:09.066  2024  2060 I FocusedClientsListener: focus: pid=3089
02-08 18:31:09.066  2024  2049 I FocusedClientsListener: focus: onVrFocusChanged(focusType=0): 5
02-08 18:31:09.066  2024  2049 I FocusedClientsListener: focus: pid=4614
02-08 18:31:09.066  2024  2049 I FocusedClientsListener: focus: pid=3797
02-08 18:31:09.066  2024  2049 I FocusedClientsListener: focus: pid=3835
02-08 18:31:09.066  2024  2049 I FocusedClientsListener: focus: pid=3371
02-08 18:31:09.066  3687  3687 D [SUI] ActivityManagerUtilsHelper: onFocusedWindowChanged: Instance: com.oculus.common.activitymanager.ActivityManagerUtilsHelper@64e49e9, topWindowUid: 10072, focusedApp: com.oculus.os.clearactivity, previousApp: com.oculus.vrshell
02-08 18:31:09.066  2024  2049 I FocusedClientsListener: focus: pid=3089
02-08 18:31:09.066  2024  3127 I FocusedClientsListener: focus: onVrFocusChanged(focusType=2): 0
02-08 18:31:09.068  3277  3277 D MetaCam (MediaCapabilityChecker): checkMediaHasRecordingCapabilities packageName: com.oculus.os.clearactivity
02-08 18:31:09.068  2024  9283 I CompositorVR: SetSchedFifo( tid=3418, pol=5, pri=1 ) succeeded
02-08 18:31:09.069  3835  3880 I VrRuntimeClient: DEVICE MODEL NUMBER = Quest 2
02-08 18:31:09.069  3835  3880 I VrRuntimeClient: DEVICE BUILD NAME = user-49882890192000150
02-08 18:31:09.069  3835  3880 I VrRuntimeClient: DEVICE BUILD TYPE = user
02-08 18:31:09.070  3835  3880 I VrRuntimeClient: DEVICE OS VERSION = 10
02-08 18:31:09.070  3835  3880 I VrRuntimeClient: API LOADER VERSION = 1.0.25
02-08 18:31:09.070  3835  3880 I VrRuntimeClient: RUNTIME API VERSION = 1.0.25
02-08 18:31:09.070  3835  3880 I VrRuntimeClient: RUNTIME VERSION = 49.0.0.186.357 Jan 21 2023 14:22:25 RELEASE
02-08 18:31:09.070  3835  3880 I VrRuntimeClient: APP NAME = Oculus App Runtime
02-08 18:31:09.070  3835  3880 I VrRuntimeClient: APP VERSION = 49.0.0.186.358 versionCode 440026826 internalVersionName 49.0.0.186.358.8b032e9b092a 2023_01_21_14_22
02-08 18:31:09.070  3835  3880 I VrRuntimeClient: APP VR TYPE = vr_only
02-08 18:31:09.070  3835  3880 I VrRuntimeClient: APP MODE TYPE = VR
02-08 18:31:09.070  3835  3880 I VrRuntimeClient: APP PACKAGE NAME = com.oculus.vrshell
02-08 18:31:09.070  3835  3880 I VrRuntimeClient: APP ACTIVITY CLASS = com.oculus.vrshell.ShellOverlayService
02-08 18:31:09.078  3835  3835 D [OAO] BaseOverlayService: setOverlayInputFocus : completed - inputFocus=false shouldSupportIME=false actionTaken:true
02-08 18:31:09.078  3835  3835 I [OAO] VrNotificationListenerService: onNotificationRemoved() - key = 0|android|0|com.android.server.wm.AlertWindowNotification - com.oculus.vrshell|1000, type = third_party
02-08 18:31:09.078  3835  3835 D VrNotificationAnalytics: logNotificationRemoved(third_party)
02-08 18:31:09.079  3835  3880 D BatteryReceiver: Unregistering battery receiver
02-08 18:31:09.079  3835  3880 I Sensor  : OSSDKTRACKING Shutdown tracking
02-08 18:31:09.080  3835  3880 I LogTimer: CPUTIME: VrRuntimeClient_EndSession took 27.0117 ms
02-08 18:31:09.081  2149  2657 I OVRMediaService: onStartCommand Received message type: overlay_input_focus_change, caller package: com.oculus.vrshell, app identify: AppIdentity{uid=10020, packageNames=[com.oculus.vrshell], sha1=MxZgtt071YLz39PLrkVGckZooCE, sha2=3C-DTjwZQjeLFPB2yCzRq1nqZWa_9HMLIEfpjvyfna8, version=null, domain=null}
02-08 18:31:09.082  3687  3687 D [SUI] NotificationBroadcastReceiver: action: com.oculus.intent.action.NOTIF_CHANGE
02-08 18:31:09.087  3835  3835 D KeyboardInputMethodService: onFinishInput
02-08 18:31:09.091  2149  2266 W OVRLibrary: null cursor received for query content://com.oculus.ocms.library/apps/com.oculus.xrstreamingclient
02-08 18:31:09.091  2149  2266 I OVRMediaServiceManager: Sending onAppStart (com.oculus.xrstreamingclient) to SocialPlatform (com.oculus.socialplatform)
02-08 18:31:09.092  2149  2532 W OVRLibrary: null cursor received for query content://com.oculus.ocms.library/apps/com.oculus.os.clearactivity
02-08 18:31:09.099   883  9270 W [CT]    : VEGA:MAP_TRACKING_HM: [Throttled count=21] Map tracking did not run.
02-08 18:31:09.103  3835  3880 I VrApi   : OVR::Stats thread stopped
02-08 18:31:09.103  3835  3880 I InputDeviceManager: ovrInputDeviceManager::~ovrInputDeviceManager
02-08 18:31:09.103  3835  3880 I InputDevice_TrackedRemote: OSSDKTRACKING shutting down Haptics
02-08 18:31:09.103  3835  3880 I chatty  : uid=10020(com.oculus.vrshell) ShellOverlayVR identical 2 lines
02-08 18:31:09.103  3835  3880 I InputDevice_TrackedRemote: OSSDKTRACKING shutting down Haptics
02-08 18:31:09.103  3835  3880 I OSHandDataQuerier: OSSDKTRACKING shutting down HandsTracker
02-08 18:31:09.103  3835  3880 I OSHandDataQuerier: OSSDKTRACKING shutting down HandsTracker
02-08 18:31:09.104   757   757 E SensorService: Failed to set simple multi haptics, ret: -1
02-08 18:31:09.108  3687  9331 D NotificationsBadgeLiveData: MessageBadgeData, pullAndCheckNotifs, old data source notif count: 2, oc chats count: 0, messenger count: 0
02-08 18:31:09.108  3687  3687 V [SUI] BarView: Notifs badge count: 2, Messenger badge count 0
02-08 18:31:09.108  3687  3687 V [SUI] BarView: Notifs badge count: 2, Messenger badge count 0
02-08 18:31:09.110   883  1355 W TrackingService: attachClient: found client in attached list
02-08 18:31:09.110  5501  5601 E OsSdk   : error getting shared memory region, memory type: HeadTracker, failed with Status(-1, EX_SECURITY): 'requested shared memory region when not registered/focused'
02-08 18:31:09.111  3835  9332 I ClientInputThread_Internal: InputThreadRun ShutdownRequest received
02-08 18:31:09.111  3835  3880 D InputHooksJava: Disabling Java Input Hooks
02-08 18:31:09.112  3835  3880 I ClientInputTrackedKeyboardManager: TRACKEDKEYBOARD ClearTrackedObjectManager called on client
02-08 18:31:09.112  3835  3880 I RuntimeIPCClient [RUNTIMEIPC]: Shutdown: 4, Client: com.oculus.vrshell:com.oculus.vrshell:Overlay:3835, Server: com.oculus.vrshell:com.oculus.vrshell:Overlay (ptkserviceserver)
02-08 18:31:09.112  3835  3880 I RuntimeIPCClient [RUNTIMEIPC]: ReleaseRef: Remaining refs: 3, Client: com.oculus.vrshell:com.oculus.vrshell:Overlay:3835, Server: com.oculus.vrshell:com.oculus.vrshell:Overlay (ptkserviceserver)
02-08 18:31:09.112  3835  3880 I RuntimeIPCApi [RUNTIMEIPC]: ipc_Shutdown
02-08 18:31:09.112  3835  3880 I RuntimeIPCServiceClient [RUNTIMEIPC]: Shutdown: Refs still outstanding: 16, com.oculus.vrshell:Overlay
02-08 18:31:09.112  2149  2657 I OVRMediaService: Received OVERLAY_INPUT_FOCUS_CHANGE. is focused: false
02-08 18:31:09.112  2024  3869 I VrRuntimeService: RuntimeServiceSDKServer::EnableRendering: 0x0, 0, com.oculus.vrshell:Overlay
02-08 18:31:09.112  2024  3869 I ClientMgr: ClientMgr::EnableRendering 3835:com.oculus.vrshell : type 1 comp-id 5: disable
02-08 18:31:09.112  2024  3869 I VrRuntimeServer: DisableCompositorClient: 5
02-08 18:31:09.112  2024  3869 I CompositorClientMgr: Disable client 5
02-08 18:31:09.112  2024  3869 I CompositorClientMgr: DisableClient: frame flush required: 1
02-08 18:31:09.122  3687  8878 W OVRLibrary: null cursor received for query content://com.oculus.ocms.library/apps/com.oculus.os.clearactivity
02-08 18:31:09.123  3277  3277 W OVRLibrary: null cursor received for query content://com.oculus.ocms.library/apps/com.oculus.os.clearactivity
02-08 18:31:09.123  3277  3277 D MetaCam (MediaCapabilityChecker): checkMediaHasRecordingCapabilities packageName: com.oculus.os.clearactivity
02-08 18:31:09.127  2024  3869 I UnifiedTelemetryWrapper: Stopped UT session render:com.oculus.vrshell:Overlay
02-08 18:31:09.128  3835  9358 I FenceChecker: FenceChecker::MainLoop - ended
02-08 18:31:09.128  3835  3880 I VrRuntimeClient: PhaseSync Instance deleted
02-08 18:31:09.128  3835  3880 I OpenXR  : PostSessionStateChange: XR_SESSION_STATE_STOPPING -> XR_SESSION_STATE_IDLE
02-08 18:31:09.128  3835  3880 I OpenXR  : ------------ xrEndSession [end] -----------
02-08 18:31:09.128  3835  3880 I [OAO] VrPlatformOpenXr: EndSession xrEndSession passed
02-08 18:31:09.128  3835  3880 I [OAO] VrPlatformOpenXr: xrPollEvent: received XR_TYPE_EVENT_DATA_SESSION_STATE_CHANGED: 1 for session 0x2 at time 6184.259133
02-08 18:31:09.128  3835  3880 I [OAO] VrPlatformOpenXr: Session state changed XR_SESSION_STATE_IDLE
02-08 18:31:09.128  3835  3880 I OpenXR  : PostSessionStateChange: XR_SESSION_STATE_IDLE -> XR_SESSION_STATE_READY
02-08 18:31:09.128  3835  3880 I [OAO] VrPlatformOpenXr: xrPollEvent: received XR_TYPE_EVENT_DATA_SESSION_STATE_CHANGED: 2 for session 0x2 at time 6184.259288
02-08 18:31:09.128  3835  3880 I [OAO] VrPlatformOpenXr: Session state changed XR_SESSION_STATE_READY
02-08 18:31:09.132  2149  2266 E OVRMediaServiceManager: LivestreamingManager Not initialized
02-08 18:31:09.140  3835  3880 I [OAO] VrPlatformOpenXr: EndSession passed message polling. count:1  count<maxRetryCount:1  sessionState:2
02-08 18:31:09.141  3835  3880 I [OAO] VrPlatformOpenXr: EndSession end
02-08 18:31:09.145  3277  3277 W OVRLibrary: null cursor received for query content://com.oculus.ocms.library/apps/com.oculus.os.clearactivity
02-08 18:31:09.149  5501  5601 E OsSdk   : error getting shared memory region, memory type: HeadTracker, failed with Status(-1, EX_SECURITY): 'requested shared memory region when not registered/focused'
02-08 18:31:09.151  3835  3880 I [OAO] AudioMixer: Disabling AudioPlayer.
02-08 18:31:09.157  3835  9341 I [OAO] AudioMixer: Notifying VrThread to shutdown.
02-08 18:31:09.157  3835  3880 I [OAO] AudioMixer: Successful shutdown.
02-08 18:31:09.157  3835  3880 I [OAO] AudioEngine: virtual void AudioLibrary::AudioEngine::DisablePlayer()
02-08 18:31:09.157  3835  3880 I [OAO] AudioEngine: Setting ShuttingDown.
02-08 18:31:09.166  2024  9283 I CompositorVR: SetSchedFifo( tid=3418, pol=2, pri=0 ) succeeded
02-08 18:31:09.171  2149  3206 I AuthLogger: Action succeeded: SYNC_ACCOUNTS, callingPackage: com.oculus.horizon, accountType: null, tokenType: null, extras: {}, duration: 174ms
02-08 18:31:09.177  3835  9341 I [OAO] AudioMixer: Notifying VrThread to shutdown.
02-08 18:31:09.177  3835  9341 I [OAO] AudioEngine: Fading final buffer
02-08 18:31:09.189   883  1355 I chatty  : uid=1000(system) Binder:883_3 identical 2 lines
02-08 18:31:09.190  5501  5601 E OsSdk   : error getting shared memory region, memory type: HeadTracker, failed with Status(-1, EX_SECURITY): 'requested shared memory region when not registered/focused'
02-08 18:31:09.197  3835  9341 I [OAO] AudioEngine: Notifying VrThread to shutdown.
02-08 18:31:09.197  3835  9341 D         : PlayerBase::stop() from IPlayer
02-08 18:31:09.197  3835  9341 D AudioTrack: stop(105): called with 356160 frames delivered
02-08 18:31:09.197  3835  3880 I [OAO] AudioEngine: Stopping player
02-08 18:31:09.198  3835  3880 D         : PlayerBase::stop() from IPlayer
02-08 18:31:09.198  1535  1535 V AvrcpMediaPlayerList: onPlaybackConfigChanged(): Configs list size=11
02-08 18:31:09.199  3835  3880 D [OAO] ShellApplication: setOverlayInputFocus: inputFocus=false shouldSupportIME=false
02-08 18:31:09.199  3835  3880 D [OAO] BaseOverlayService: setOverlayInputFocus : entrypoint - inputFocus=false shouldSupportIME=false
02-08 18:31:09.199  3835  3880 I [OAO] SystemAssistant: OnModeChanged from Paused to ImmersiveAppFocused
02-08 18:31:09.199  3835  3880 I [OAO] ShellOverlayApp: ProcessForegroundBlockingState Requesting allowing foreground app
02-08 18:31:09.199  3835  3880 D [OAO] ShellApplication: setRequestForegroundAppPaused: 'false
02-08 18:31:09.200  3835  3835 D [OAO] BaseOverlayService: detachServiceWindowView
02-08 18:31:09.200  3835  3835 D [OAO] BaseOverlayService: setOverlayInputFocus : completed - inputFocus=false shouldSupportIME=false actionTaken:false
02-08 18:31:09.200  1535  1535 V AvrcpMediaPlayerList: onPlaybackConfigChanged(): Configs list size=10
02-08 18:31:09.200  1029  1591 I ActivityTaskManager: START u0 {act=com.oculus.os.clearactivity.FINISH cmp=com.oculus.os.clearactivity/.ClearActivity (has extras)} from uid 10020
02-08 18:31:09.201  1029  1591 W ActivityTaskManager: startActivity called from non-Activity context; forcing Intent.FLAG_ACTIVITY_NEW_TASK for: Intent { act=com.oculus.os.clearactivity.FINISH flg=0x800000 cmp=com.oculus.os.clearactivity/.ClearActivity (has extras) }
02-08 18:31:09.203  3835  3880 I [OAO] ShellOverlayApp: Start sleep timeout. Now:6184.334094, Timeout:6186.334094
02-08 18:31:09.216  1029  1800 W InputReader: Device has associated, but no associated display id.
02-08 18:31:09.222  1029  1053 D ActivityManager: Is background playback GK enabled: false Is background playback enabled for all apps: false
02-08 18:31:09.224  2024  2024 D VrRuntimeService: onForegroundActivitiesChanged: pid=5501, uid=10033, hasForegroundActivities=true
02-08 18:31:09.224  2024  2049 I FocusedClientsListener: focus: onVrFocusChanged(focusType=1): 5
02-08 18:31:09.224  2024  2049 I FocusedClientsListener: focus: pid=4614
02-08 18:31:09.225  2024  2049 I FocusedClientsListener: focus: pid=3797
02-08 18:31:09.225  2024  2049 I FocusedClientsListener: focus: pid=3835
02-08 18:31:09.225  2024  2049 I FocusedClientsListener: focus: pid=3371
02-08 18:31:09.225  2024  2049 I FocusedClientsListener: focus: pid=3089
02-08 18:31:09.225  2024  3127 I FocusedClientsListener: focus: onVrFocusChanged(focusType=0): 6
02-08 18:31:09.225  2024  3127 I FocusedClientsListener: focus: pid=4614
02-08 18:31:09.225  2024  3127 I FocusedClientsListener: focus: pid=3797
02-08 18:31:09.225  2024  3127 I FocusedClientsListener: focus: pid=3835
02-08 18:31:09.225  2024  3127 I FocusedClientsListener: focus: pid=5501
02-08 18:31:09.225  2024  3127 I FocusedClientsListener: focus: pid=3371
02-08 18:31:09.225  2024  3127 I FocusedClientsListener: focus: pid=3089
02-08 18:31:09.225  2024  2060 I FocusedClientsListener: focus: onVrFocusChanged(focusType=2): 0
02-08 18:31:09.226   765  4591 D AF::TrackHandle: OpPlayAudio: track:79 uid:10026 pkg:com.oculus.systemux usage:10 not muted
02-08 18:31:09.226   765   979 D AF::TrackHandle: OpPlayAudio: track:63 uid:10026 pkg:com.oculus.systemux usage:10 not muted
02-08 18:31:09.226   765  6264 D AF::TrackHandle: OpPlayAudio: track:61 uid:1000 pkg:com.android.networkstack.inprocess usage:13 not muted
02-08 18:31:09.226   765  5050 D AF::TrackHandle: OpPlayAudio: track:72 uid:10033 pkg:com.oculus.xrstreamingclient usage:1 not muted
02-08 18:31:09.227   765  1803 D AF::RecordHandle: OpRecordAudio: track:73 uid:10033 pkg:com.oculus.xrstreamingclient usage:0 not muted
02-08 18:31:09.227   765  5666 D AF::TrackHandle: OpPlayAudio: track:66 uid:10026 pkg:com.oculus.systemux usage:10 not muted
02-08 18:31:09.227  3687  3687 D [SUI] ActivityManagerUtilsHelper: onForegroundActivitiesChanged: Instance: com.oculus.common.activitymanager.ActivityManagerUtilsHelper@64e49e9, Pid: 5501, Tid: 10033, foregroundActivities: true, foreground app: com.oculus.xrstreamingclient, previous app: com.oculus.os.clearactivity
02-08 18:31:09.227   765  1932 D AF::RecordHandle: OpRecordAudio: track:62 uid:10014 pkg:com.oculus.shellenv usage:0 muted
02-08 18:31:09.228   765  4591 D AF::TrackHandle: OpPlayAudio: track:64 uid:10014 pkg:com.oculus.shellenv usage:1 muted
02-08 18:31:09.228   765   979 D AF::TrackHandle: OpPlayAudio: track:119 uid:10020 pkg:com.oculus.vrshell usage:1 not muted
02-08 18:31:09.228   765  1932 D AF::TrackHandle: OpPlayAudio: track:63 uid:10026 pkg:com.oculus.systemux usage:10 not muted
02-08 18:31:09.229   765   979 D AF::RecordHandle: OpRecordAudio: track:118 uid:10032 pkg:com.oculus.horizon usage:0 not muted
02-08 18:31:09.229   883  1355 W TrackingService: attachClient: found client in attached list
02-08 18:31:09.230   765  1803 D AF::TrackHandle: OpPlayAudio: track:66 uid:10026 pkg:com.oculus.systemux usage:10 not muted
02-08 18:31:09.230   765  1932 D AF::TrackHandle: OpPlayAudio: track:72 uid:10033 pkg:com.oculus.xrstreamingclient usage:1 not muted
02-08 18:31:09.230   765  4591 D AF::TrackHandle: OpPlayAudio: track:119 uid:10020 pkg:com.oculus.vrshell usage:1 not muted
02-08 18:31:09.230   883  1355 D TrackingService: getSharedMemory: com.oculus.xrstreamingclient, HeadTracker
02-08 18:31:09.230   765  1803 D AF::TrackHandle: OpPlayAudio: track:64 uid:10014 pkg:com.oculus.shellenv usage:1 muted
02-08 18:31:09.231   765   979 D AF::TrackHandle: OpPlayAudio: track:79 uid:10026 pkg:com.oculus.systemux usage:10 not muted
02-08 18:31:09.231   765  1932 D AF::TrackHandle: OpPlayAudio: track:61 uid:1000 pkg:com.android.networkstack.inprocess usage:13 not muted
02-08 18:31:09.231   765  5666 D AF::RecordHandle: OpRecordAudio: track:73 uid:10033 pkg:com.oculus.xrstreamingclient usage:0 not muted
02-08 18:31:09.232   765  4591 D AF::RecordHandle: OpRecordAudio: track:62 uid:10014 pkg:com.oculus.shellenv usage:0 muted
02-08 18:31:09.232   765  5050 D AF::RecordHandle: OpRecordAudio: track:118 uid:10032 pkg:com.oculus.horizon usage:0 not muted
02-08 18:31:09.240  2024  2024 W ClientMgr: ClientMgr::SetFocusedClient: No focused client
02-08 18:31:09.240  2024  2024 I ClientMgr: Releasing clocks.
02-08 18:31:09.240  2024  2024 I ClientMgr: SetFocusedPackageName - packageName  processName  clientId 0 clientPid 0
02-08 18:31:09.240  5501  5525 V xrstreaming:   VR Mode state change (Can render=1, has VR mode=0)
02-08 18:31:09.240  5501  5525 D xrstreaming:   Entering VR Mode
02-08 18:31:09.240  5501  5525 I VrApi   : ---------- vrapi_EnterVrMode [start] ----------
02-08 18:31:09.240  2024  2060 I FocusedClientsListener: focus: onTopActivityChanged: com.oculus.shellenv
02-08 18:31:09.241  3277  3277 D MetaCam (MediaCapabilityChecker): checkMediaHasRecordingCapabilities packageName: com.oculus.xrstreamingclient
02-08 18:31:09.241  2024  2060 I FocusedClientsListener: focus: onVrFocusChanged(focusType=1): 6
02-08 18:31:09.241  2024  2060 I FocusedClientsListener: focus: pid=4614
02-08 18:31:09.241  2024  2060 I FocusedClientsListener: focus: pid=3797
02-08 18:31:09.241  2024  2060 I FocusedClientsListener: focus: pid=3835
02-08 18:31:09.241  2024  2060 I FocusedClientsListener: focus: pid=5501
02-08 18:31:09.241  2024  2060 I FocusedClientsListener: focus: pid=3371
02-08 18:31:09.241  2024  2060 I FocusedClientsListener: focus: pid=3089
02-08 18:31:09.241  3371  3392 I [CT]    : MIXEDREALITY: MrServiceController: VrFocusManager::Top Activity Changed, topActivity now is: 'com.oculus.shellenv', immersiveApp now is: ''.
02-08 18:31:09.241  2024  3127 I FocusedClientsListener: focus: onVrFocusChanged(focusType=0): 6
02-08 18:31:09.241  2024  3127 I FocusedClientsListener: focus: pid=4614
02-08 18:31:09.241  2024  3127 I FocusedClientsListener: focus: pid=3797
02-08 18:31:09.241  2024  3127 I FocusedClientsListener: focus: pid=3835
02-08 18:31:09.241  2024  3127 I FocusedClientsListener: focus: pid=5501
02-08 18:31:09.241  2024  3127 I FocusedClientsListener: focus: pid=3371
02-08 18:31:09.241  2024  3127 I FocusedClientsListener: focus: pid=3089
02-08 18:31:09.241  2024  2049 I FocusedClientsListener: focus: onVrFocusChanged(focusType=2): 1
02-08 18:31:09.241  2024  2049 I FocusedClientsListener: focus: pid=5501
02-08 18:31:09.242  3835  3835 I [OAO] ShellOverlayServiceJNI: NativeSendOverlayCommand
02-08 18:31:09.242  3835  3835 I [OAO] ShellOverlayServiceJNI: NativeWake
02-08 18:31:09.242  3835  3835 I [OAO] ShellOverlayMain: WakeVrThread
02-08 18:31:09.242  3835  3835 I [OAO] ShellOverlayMain: WakeVrThread - notifying vr thread
02-08 18:31:09.242  3797  4689 I [SEO] ShellFrameAnalytics: Shell Heartbeat focusedPanelTimeSpent: {"8":445} visibleTimeSpent: {} inputTimeSpent: {"controller":445} inputClickCount: {} mouseMoveTimeSpent: 0 mouseScrollTimeSpent: 0 physicalKeyboardConnectedTimeSpent: 0 physicalKeyboardTrackedTimeSpent: 0 quickActionsMenuActivations: 0 quickActionsMenuTimeSpent: 0 quickActionsMenuSessionLengths: [] quickActionsMenuSelections: {} handTrackingOptIn: 0 handTrackingAutoTransition: 1
02-08 18:31:09.247  3687  3687 W OVRLibrary: null cursor received for query content://com.oculus.ocms.library/apps/com.oculus.xrstreamingclient
02-08 18:31:09.247  3687  3687 D [SUI] DynamicAppsViewModel: Setting destination ui paused app - com.oculus.xrstreamingclient
02-08 18:31:09.248   745  4755 D msm8974_platform: platform_split_snd_device: snd_device(22) num devices(1) new_snd_devices(0)
02-08 18:31:09.248   745  4755 D ACDB-LOADER: ACDB -> send_audvoltable
02-08 18:31:09.248   745  4755 D ACDB-LOADER: ACDB -> ACDB_CMD_GET_AUDPROC_INSTANCE_GAIN_DEP_STEP_TABLE_SIZE
02-08 18:31:09.248   745  4755 D         : Failed to fetch the lookup information of the device 0000000F 
02-08 18:31:09.248   745  4755 D ACDB-LOADER: Error: ACDB_CMD_GET_AUDPROC_INSTANCE_GAIN_DEP_STEP_TABLE_SIZE Returned = -19
02-08 18:31:09.248   745  4755 D ACDB-LOADER: ACDB -> ACDB_CMD_GET_AUDPROC_INSTANCE_GAIN_DEP_STEP_TABLE, vol index 0
02-08 18:31:09.248   745  4755 D         : Failed to fetch the lookup information of the device 0000000F 
02-08 18:31:09.248   745  4755 D ACDB-LOADER: Error: ACDB AudProc vol returned = -19
02-08 18:31:09.248   745  4755 D ACDB-LOADER: ACDB -> AUDIO_SET_VOL_CAL cal type = 40
02-08 18:31:09.249  3835  3835 D KeyboardInputMethodService: onFinishInput
02-08 18:31:09.250  3371  3418 I [CT]    : MIXEDREALITY: MrServiceModel: Hibernating caller (most likely rendering thread) due to commandQueue being empty.
02-08 18:31:09.250  3797  4689 I [SEO] VrPlatformOpenXr: xrPollEvent: received XR_TYPE_EVENT_DATA_REFERENCE_SPACE_CHANGE_PENDING event
02-08 18:31:09.254  3835  3880 I [OAO] ShellOverlayApp: 0xc7b2ab28 msg: overlayCommand:
02-08 18:31:09.254  3835  3880 I [OAO] ShellOverlayApp: command = topActivityChanged
02-08 18:31:09.254  3835  3880 I [OAO] ShellOverlayApp: topActivity = com.oculus.shellenv
02-08 18:31:09.254  3835  3880 I [OAO] ShellOverlayApp: Process_OverlayCommand command : topActivityChanged
02-08 18:31:09.254  3835  3880 I [OAO] ShellOverlayApp: Process_OverlayCommand unknown command received: topActivityChanged
02-08 18:31:09.254   745  5177 D msm8974_platform: platform_split_snd_device: snd_device(22) num devices(1) new_snd_devices(0)
02-08 18:31:09.257  2149  2657 W OVRLibrary: null cursor received for query content://com.oculus.ocms.library/apps/com.oculus.xrstreamingclient
02-08 18:31:09.257  3371  3392 I [CT]    : MIXEDREALITY: MrServiceController: VrFocusManager::Top Activity Changed, topActivity now is: 'com.oculus.xrstreamingclient', immersiveApp now is: 'com.oculus.xrstreamingclient'.
02-08 18:31:09.257  5501  5525 I VrRuntimeClient: Tracing is disabled
02-08 18:31:09.257  5501  5525 I VrRuntimeClient: SysProp debug mode is disabled on Client side
02-08 18:31:09.257  2024  2049 I FocusedClientsListener: focus: onTopActivityChanged: com.oculus.xrstreamingclient
02-08 18:31:09.257  2149  2657 I OVRMediaServiceManager: Sending onAppStart (com.oculus.xrstreamingclient) to SocialPlatform (com.oculus.socialplatform)
02-08 18:31:09.258  3835  3835 I [OAO] ShellOverlayServiceJNI: NativeSendOverlayCommand
02-08 18:31:09.258  3835  3835 I [OAO] ShellOverlayServiceJNI: NativeWake
02-08 18:31:09.259  3835  3835 I [OAO] ShellOverlayMain: WakeVrThread
02-08 18:31:09.259  3835  3835 I [OAO] ShellOverlayMain: WakeVrThread - notifying vr thread
02-08 18:31:09.259  5501  5525 D VrApi   : targetSDKVersion 29
02-08 18:31:09.261  5501  5525 I VrRuntimeClient: DEVICE MODEL NUMBER = Quest 2
02-08 18:31:09.261  5501  5525 I VrRuntimeClient: DEVICE BUILD NAME = user-49882890192000150
02-08 18:31:09.261  5501  5525 I VrRuntimeClient: DEVICE BUILD TYPE = user
02-08 18:31:09.261  5501  5525 I VrRuntimeClient: DEVICE OS VERSION = 10
02-08 18:31:09.261  5501  5525 I VrRuntimeClient: API LOADER VERSION = 1.49.0
02-08 18:31:09.261  5501  5525 I VrRuntimeClient: RUNTIME API VERSION = 1.66.0
02-08 18:31:09.261  5501  5525 I VrRuntimeClient: RUNTIME VERSION = 49.0.0.186.357 Jan 21 2023 14:22:27 RELEASE
02-08 18:31:09.261  5501  5525 I VrRuntimeClient: APP NAME = Oculus Link
02-08 18:31:09.261  5501  5525 I VrRuntimeClient: APP VERSION = 49.0.0.186.357 versionCode 440026561 internalVersionName 49.0.0.186.357.8b032e9b092a 2023_01_21_14_22
02-08 18:31:09.261  5501  5525 I VrRuntimeClient: APP VR TYPE = vr_only
02-08 18:31:09.261  5501  5525 I VrRuntimeClient: APP MODE TYPE = <none>
02-08 18:31:09.261  5501  5525 I VrRuntimeClient: APP PACKAGE NAME = com.oculus.xrstreamingclient
02-08 18:31:09.261  5501  5525 I VrRuntimeClient: APP ACTIVITY CLASS = com.oculus.xrstreamingclient.MainActivity
02-08 18:31:09.261  5501  5525 I Sensor  : OSSDKTRACKING Initializing head tracking
02-08 18:31:09.261  5501  5525 I Sensor  : OSSDKTRACKING Head tracker != nullpointer 0x7a61387e38, 1
02-08 18:31:09.261  5501  5525 I Sensor  : OSSDKTRACKING Initializing controller tracking
02-08 18:31:09.261  5501  5525 I Sensor  : OSSDKTRACKING Controller tracker != nullpointer 0x7a614db370, 1
02-08 18:31:09.261  5501  5525 D BatteryReceiver: Registering battery receiver
02-08 18:31:09.263  2024  9283 I CompositorVR: SetSchedFifo( tid=3418, pol=5, pri=1 ) succeeded
02-08 18:31:09.264  5501  5525 D HeadsetReceiver: getCurrentHeadsetState: false
02-08 18:31:09.264  5501  5525 I DeviceStatus: nativeHeadsetEvent(0)
02-08 18:31:09.264  2149  2532 W OVRLibrary: null cursor received for query content://com.oculus.ocms.library/apps/com.oculus.xrstreamingclient
02-08 18:31:09.264  5501  5525 I VrRuntimeClient: SetCompositorClientFeatureFlag ClientFeatureFlag 0 
02-08 18:31:09.264  5501  5525 I LogTimer: CPUTIME: VrRuntimeClient_BeginSession took 7.7683 ms
02-08 18:31:09.265  3797  4689 I [SEO] ShellApp: Immersive Activity Changed to: com.oculus.xrstreamingclient
02-08 18:31:09.266  5501  5525 I ClientInputInterface: DEADRECKONING SetControllerTrackingExtendedDeadreckoning 0
02-08 18:31:09.266  5501  5525 I ClientInputSettings: HANDTRACKING package name is com.oculus.xrstreamingclient
02-08 18:31:09.267  5501  5525 I ClientInputSettings: HANDTRACKING: Manifest Permission request for com.oculus.xrstreamingclient
02-08 18:31:09.268  5501  5525 I ClientInputSettings: HANDTRACKING:  'com.oculus.xrstreamingclient' Is hands or controller.
02-08 18:31:09.268  5501  5525 I ClientInputSettings: HANDTRACKING: feature flag set to 2
02-08 18:31:09.269  5501  5525 I ClientInputInterface: HANDTRACKING sethandmanifest 2
02-08 18:31:09.269  5501  5525 I InputHooks_Internal: Enabling Native Input Hooks
02-08 18:31:09.269  5501  5525 I InputDeviceManager: ovrInputDeviceManager::Initialize
02-08 18:31:09.269  3687  3687 W OVRLibrary: null cursor received for query content://com.oculus.ocms.library/apps/com.oculus.os.vrusb
02-08 18:31:09.269  5501  5525 I Distortion: Initializing Mesh Decenter Correction
02-08 18:31:09.271   865  4425 E CalibrationProvider: loadCalibration(LDISP_SN) failed: Calibration store didn't load any info
02-08 18:31:09.271   865  4425 E CalibrationProvider: loadCalibration(RDISP_SN) failed: Calibration store didn't load any info
02-08 18:31:09.272  5501  5525 I Distortion: SetLensPositions - iad=0.0630817, left offset=-0.000219997,-0.00102733, right offset=9.91635e-05,-0.00104481
02-08 18:31:09.272  5501  5525 I Distortion: Initializing Mesh Decenter Correction
02-08 18:31:09.273   865  4425 E CalibrationProvider: loadCalibration(LDISP_SN) failed: Calibration store didn't load any info
02-08 18:31:09.273   865  4425 E CalibrationProvider: loadCalibration(RDISP_SN) failed: Calibration store didn't load any info
02-08 18:31:09.273  5501  5525 I Distortion: SetLensPositions - iad=0.0630817, left offset=-0.000219997,-0.00102733, right offset=9.91635e-05,-0.00104481
02-08 18:31:09.274  5501  5525 I Distortion: Created custom distortion mesh.
02-08 18:31:09.274  5501  5525 I VrApi   : ovrModeParms::VRAPI_MODE_FLAG_RESET_WINDOW_FULLSCREEN = 0
02-08 18:31:09.274  5501  5525 I VrApi   : ovrModeParms::VRAPI_MODE_FLAG_NATIVE_WINDOW = 1
02-08 18:31:09.274  5501  5525 I VrApi   : ovrModeParms::VRAPI_MODE_FLAG_FRONT_BUFFER_SRGB = 0
02-08 18:31:09.274  5501  5525 I VrApi   : ovrModeParms::VRAPI_MODE_FLAG_PHASE_SYNC = 0
02-08 18:31:09.274  5501  5525 I VrApi   : ovrModeParms::VRAPI_MODE_FLAG_APP_SPACE_WARP = 0
02-08 18:31:09.274  5501  5525 I VrRuntimeClient: SetPhaseSyncMode 0
02-08 18:31:09.274  5501  5525 I VrApi   : PhaseSync disabled
02-08 18:31:09.274  5501  5525 I VrApi   : HMD sensor attached.
02-08 18:31:09.274  5501  5525 D VrRuntimeClient: pokeGuardianUserServiceForThisClient: com.oculus.xrstreamingclient:10033
02-08 18:31:09.275  3089  3089 D VrGuardianUserService: onStartCommandIntent { act=FOREGROUND_CLIENT cmp=com.oculus.guardian/com.oculus.vrguardianservice.VrGuardianUserService (has extras) }
02-08 18:31:09.275  3089  3089 D VrGuardianUserService: maybeSubscribeDeviceConfig
02-08 18:31:09.275  5501  5525 D VrRuntimeClient: VrRuntimeClient: getClientWindow: activity client
02-08 18:31:09.275  3089  3089 D VrGuardianUserService: onStartCommand FOREGROUND_CLIENT user = 0
02-08 18:31:09.275  3089  3089 D VrGuardianService: setCurrentUser() called with: userId = [0]
02-08 18:31:09.275  3089  3089 I VrGuardianService: nativeSetCurrentUser userid = 0
02-08 18:31:09.275  3089  3089 I GuardianSystem: [GuardianSystem::SetCurrentUser] User ID 0 
02-08 18:31:09.276  2024  5533 I VrRuntimeService: RuntimeServiceSDKServer::EnableRendering: 0x7a6c9df440, 2, com.oculus.xrstreamingclient
02-08 18:31:09.276  2024  5533 I ClientMgr: EnableRendering2: Calling SetFocusedClient: 915501142
02-08 18:31:09.276  2024  5533 I ClientMgr: FocusedClient changed.
02-08 18:31:09.276  2024  5533 I ClientMgr: ClientMgr::SetFocusedClient: 5501:com.oculus.xrstreamingclient type 0
02-08 18:31:09.276  2024  5533 I ClientMgr: SetFocusedPackageName - packageName com.oculus.xrstreamingclient processName com.oculus.xrstreamingclient clientId 915501142 clientPid 5501
02-08 18:31:09.276  2024  5533 I VrRuntimeService: RuntimeIPC: SendFocusChangeEventToAllClients: PostClientEvent SUCCESS: com.oculus.xrstreamingclient:com.oculus.xrstreamingclient:5501, com.oculus.xrstreamingclient, com.oculus.xrstreamingclient
02-08 18:31:09.276  2024  5533 I VrRuntimeService: RuntimeIPC: SendFocusChangeEventToAllClients: PostClientEvent SUCCESS: com.oculus.vrshell:com.oculus.vrshell:Overlay:3835, com.oculus.xrstreamingclient, com.oculus.xrstreamingclient
02-08 18:31:09.276  2024  5533 I VrRuntimeService: RuntimeIPC: SendFocusChangeEventToAllClients: PostClientEvent SUCCESS: com.oculus.shellenv:com.oculus.shellenv:4614, com.oculus.xrstreamingclient, com.oculus.xrstreamingclient
02-08 18:31:09.276  2024  5533 I VrRuntimeService: RuntimeIPC: SendFocusChangeEventToAllClients: PostClientEvent SUCCESS: com.oculus.vrshell:com.oculus.vrshell:3797, com.oculus.xrstreamingclient, com.oculus.xrstreamingclient
02-08 18:31:09.276  2024  5533 I VrRuntimeService: RuntimeIPC: SendFocusChangeEventToAllClients: PostClientEvent SUCCESS: com.oculus.mrservice:com.oculus.mrservice:3371, com.oculus.xrstreamingclient, com.oculus.xrstreamingclient
02-08 18:31:09.276  2024  5533 I VrRuntimeService: RuntimeIPC: SendFocusChangeEventToAllClients: PostClientEvent SUCCESS: native_process.system:/system/bin/mrsystemservice:868, com.oculus.xrstreamingclient, com.oculus.xrstreamingclient
02-08 18:31:09.276  2024  5533 I VrRuntimeService: RuntimeIPC: SendFocusChangeEventToAllClients: PostClientEvent SUCCESS: com.oculus.guardian:com.oculus.vrguardianservice:3089, com.oculus.xrstreamingclient, com.oculus.xrstreamingclient
02-08 18:31:09.276  2024  5533 I ClientMgr: ClientMgr::EnableRendering 5501:com.oculus.xrstreamingclient : type 0 comp-id 11: enable
02-08 18:31:09.276  2024  5533 I CompositorVR: CheckDebuggerConnected: debugger 0
02-08 18:31:09.276  2024  5533 I VrRuntimeServer: SysProp debug mode is disabled on Server side
02-08 18:31:09.276  2024  5533 I UnifiedTelemetryWrapper: Started UT session render:com.oculus.xrstreamingclient
02-08 18:31:09.277  5501  5525 I ScreenCaptureHelper: Advertising com.oculus.xrstreamingclient as streamable
02-08 18:31:09.277  2024  5533 I VrRuntimeService: GetSpecialSwapChain: 915501142
02-08 18:31:09.277  2149  2266 I OVRMediaService: onStartCommand Received message type: set_package_name, caller package: no_app_identity, app identify: null
02-08 18:31:09.277  5501  5525 I VrApi   : Creating Default swapchain
02-08 18:31:09.278  2024  5533 I VrRuntimeService: GetSpecialSwapChain: 915501142
02-08 18:31:09.278  5501  5525 I VrApi   : Creating Loading Icon swapchain
02-08 18:31:09.278  2149  2266 I OVRMediaService: Got package name intent (com.oculus.xrstreamingclient)
02-08 18:31:09.278  5501  5525 I VrApi   : OVR::Stats thread started
02-08 18:31:09.278  5501  5525 I XrRuntimeUtils: XrRuntimeUtils::CreateSession
02-08 18:31:09.278  5501  5525 I InputDeviceManager: HANDTRACKING Pointer filter profile changed to: 0
02-08 18:31:09.278  5501  5525 I InputDeviceManager: HANDTRACKING Pointer filter profile changed to: 0
02-08 18:31:09.278  5501  5525 I InputDeviceManager: HANDTRACKING Root pose filter profile changed for (version, freq) to (2, 1) from (1,2)
02-08 18:31:09.278  5501  5525 I VrApi   : Initial BaseVsync 596 
02-08 18:31:09.278  5501  5525 I XrRuntimeUtils: XrRuntimeUtils::BeginSession
02-08 18:31:09.278  5501  5525 I XrRuntimeSystem_Client: BeginSession
02-08 18:31:09.278  5501  5525 I VrApi   : ---------- vrapi_EnterVrMode [end] ----------
02-08 18:31:09.278  5501  5525 D xrstreaming:       vrapi_EnterVrMode()
02-08 18:31:09.278  5501  5525 I VrApi   : vrapi_SetDisplayRefreshRate: display refresh rate supported 72.000000
02-08 18:31:09.278  5501  5525 I xrstreaming:     vrapi_SetDisplayRefreshRate(72)
02-08 18:31:09.278  5501  5525 D xrstreaming:     vrapi_SetClockLevels(2, 2)
02-08 18:31:09.278  5501  5525 D xrstreaming:     vrapi_SetPerfThread(MAIN, 5525)
02-08 18:31:09.278  5501  5525 I xrstreaming: AudioPlayer::start()
02-08 18:31:09.278  5501  5525 I xrstreaming: AudioPlayer: start()
02-08 18:31:09.278  5501  5525 I xrstreaming: oculus_pc_xrs_audio_player_start
02-08 18:31:09.279   883  1355 W TrackingService: attachClient: found client in attached list
02-08 18:31:09.280  1535  1535 V AvrcpMediaPlayerList: onPlaybackConfigChanged(): Configs list size=10
02-08 18:31:09.281  5501  5565 D xrstreaming: receive pong: org 6184400503680 recv 29544858046700 xmt 29544868797000 (received at 6184411910659), offset divergence 2857
02-08 18:31:09.281  5501  5565 D xrstreaming: new clock offset=23360457515404 (rtt: 327296, dispersion: 432271, jitter: 15290247)
02-08 18:31:09.281  5501  9411 D VrApi   : targetSDKVersion 29
02-08 18:31:09.281   883  1355 D TrackingService: getSharedMemory: com.oculus.xrstreamingclient, AnchorTracker
02-08 18:31:09.283  5501  9411 D VrApi   : VrApi::isWifiConnected exception: Make sure android.permission.ACCESS_NETWORK_STATE is set in the manifest.
02-08 18:31:09.283  5501  9411 I JniUtils: ovr_GetCurrentPackageSignature 
02-08 18:31:09.284  2024  3018 I ClientMgr: Non-overlay clients rendering status has changed: prev=54, curr=55, enabled=1
02-08 18:31:09.284  2024  3018 I ClientMgr: Primary Client is not valid.
02-08 18:31:09.284  2024  3018 I ClientMgr: Primary client determined to be the current enabled client 915501142
02-08 18:31:09.284  2024  3018 I ClientMgr: ClientMgr::SetPrimaryCompositorClient: 5501:com.oculus.xrstreamingclient
02-08 18:31:09.285  2024  3018 W ClientMgr: ClientMgr::GetClientPermissionFlagsById: Client missing proper permissions: com.oculus.xrstreamingclient, 2
02-08 18:31:09.285  2024  3018 I CompositorClientMgr: Enable client 11
02-08 18:31:09.285  2024  3018 I VrRuntimeServer: EnableCompositorClient client(11): layer placement(0) flags(1) sm(0x7acc578010)
02-08 18:31:09.285  2024  3018 I ClientMgr: SetPrimaryPackageName - packageName com.oculus.xrstreamingclient processName com.oculus.xrstreamingclient clientId 915501142 clientPid 5501
02-08 18:31:09.285  2024  3018 I ServiceInputManager: ServiceInputManager::SetPrimaryPackageName 'com.oculus.xrstreamingclient' 'com.oculus.xrstreamingclient'  updated AnytimeUI processname 1
02-08 18:31:09.285  2024  3018 D VrRuntimeService: sendPrimaryPackageChangeBroadcast
02-08 18:31:09.286  5501  9411 I Metrics : device name = Oculus Quest 2
02-08 18:31:09.286  2024  3018 I UnifiedTelemetryWrapper: Setting destination as com.oculus.xrstreamingclient
02-08 18:31:09.287  2024  3018 I AADT    : SetAADTLutDataX: 130
02-08 18:31:09.287  2024  3018 I AADT    : SetAADTLutDataY: 65
02-08 18:31:09.287  2024  3018 I ServiceInputManager: InhibitHandleHomeKeyFull has changed on the service. New value: 1
02-08 18:31:09.287  2024  3018 I ServiceInputManager: DEADRECKONING deadReckoning mode on ClientMgr from server is 0
02-08 18:31:09.287  2024  3018 I PerformanceManager_V0: SetClockLevels: Force releasing clocks
02-08 18:31:09.287  2024  3018 I PerformanceManager_V0: SetClockLevels: Apply pending clock request change: 4,4 -> -1,-1
02-08 18:31:09.287  3371  3418 I [CT]    : MIXEDREALITY: MrServiceModel: Hibernating caller (most likely rendering thread) due to commandQueue being empty.
02-08 18:31:09.287  2024  3014 I Clocks  : ReleaseClocks - start
02-08 18:31:09.287  3835  3835 D [OAO] BaseOverlayService: screenStateReceiver Received broadcast: com.oculus.vrshell.intent.action.PRIMARY_PACKAGE_CHANGED
02-08 18:31:09.287  3835  3835 I [OAO] ShellOverlayServiceJNI: NativeSendOverlayCommand
02-08 18:31:09.287  3835  3835 I [OAO] ShellOverlayServiceJNI: NativeWake
02-08 18:31:09.287  3835  3835 I [OAO] ShellOverlayMain: WakeVrThread
02-08 18:31:09.287  3835  3835 I [OAO] ShellOverlayMain: WakeVrThread - notifying vr thread
02-08 18:31:09.287  3797  3797 D [SEO] BaseOverlayService: screenStateReceiver Received broadcast: com.oculus.vrshell.intent.action.PRIMARY_PACKAGE_CHANGED
02-08 18:31:09.288  2024  3014 I Clocks  : ReleaseClocks - end (0.6 ms)
02-08 18:31:09.291  2024  9283 I AADT    : SetAADTLutDataX. Thread. SizeX: 130
02-08 18:31:09.291  2024  9283 I AADT    : LAYER_PROGRAM_OPTION_AADT_1D_LUT lut's DESTOYED
02-08 18:31:09.291  2024  9283 I AADT    : LAYER_PROGRAM_OPTION_AADT_1D_LUT lut's CREATED
02-08 18:31:09.291  2024  9283 I AADT    : LAYER_PROGRAM_OPTION_AADT_1D_LUT lut's DESTOYED
02-08 18:31:09.291  2024  9283 I AADT    : LAYER_PROGRAM_OPTION_AADT_1D_LUT lut's CREATED
02-08 18:31:09.291  2024  9283 I AADT    : LAYER_PROGRAM_OPTION_AADT_1D_LUT lut's DESTOYED
02-08 18:31:09.291  2024  9283 I AADT    : LAYER_PROGRAM_OPTION_AADT_1D_LUT lut's CREATED
02-08 18:31:09.291  2024  9283 I AADT    : SetAADTLutDataY. Thread. SizeY: 65
02-08 18:31:09.291  2024  9283 I AADT    : LAYER_PROGRAM_OPTION_AADT_1D_LUT lut's DESTOYED
02-08 18:31:09.291  2024  9283 I AADT    : LAYER_PROGRAM_OPTION_AADT_1D_LUT lut's CREATED
02-08 18:31:09.292  5501  5525 I xrstreaming: AudioRecorder: start()
02-08 18:31:09.292  5501  5525 I xrstreaming: oculus_pc_xrs_audio_recorder_start
02-08 18:31:09.295   745  5177 D msm8974_platform: platform_split_snd_device: snd_device(22) num devices(1) new_snd_devices(0)
02-08 18:31:09.295   745  5177 D ACDB-LOADER: ACDB -> send_audvoltable
02-08 18:31:09.295   745  5177 D ACDB-LOADER: ACDB -> ACDB_CMD_GET_AUDPROC_INSTANCE_GAIN_DEP_STEP_TABLE_SIZE
02-08 18:31:09.295   745  5177 D         : Failed to fetch the lookup information of the device 0000000F 
02-08 18:31:09.295   745  5177 D ACDB-LOADER: Error: ACDB_CMD_GET_AUDPROC_INSTANCE_GAIN_DEP_STEP_TABLE_SIZE Returned = -19
02-08 18:31:09.295   745  5177 D ACDB-LOADER: ACDB -> ACDB_CMD_GET_AUDPROC_INSTANCE_GAIN_DEP_STEP_TABLE, vol index 1
02-08 18:31:09.295   745  5177 D         : Failed to fetch the lookup information of the device 0000000F 
02-08 18:31:09.295   745  5177 D ACDB-LOADER: Error: ACDB AudProc vol returned = -19
02-08 18:31:09.295   745  5177 D ACDB-LOADER: ACDB -> AUDIO_SET_VOL_CAL cal type = 40
02-08 18:31:09.295   745  5177 D msm8974_platform: platform_split_snd_device: snd_device(22) num devices(1) new_snd_devices(0)
02-08 18:31:09.295   745  5177 D ACDB-LOADER: ACDB -> send_audvoltable
02-08 18:31:09.295   745  5177 D ACDB-LOADER: ACDB -> ACDB_CMD_GET_AUDPROC_INSTANCE_GAIN_DEP_STEP_TABLE_SIZE
02-08 18:31:09.295   745  5177 D         : Failed to fetch the lookup information of the device 0000000F 
02-08 18:31:09.295   745  5177 D ACDB-LOADER: Error: ACDB_CMD_GET_AUDPROC_INSTANCE_GAIN_DEP_STEP_TABLE_SIZE Returned = -19
02-08 18:31:09.295   745  5177 D ACDB-LOADER: ACDB -> ACDB_CMD_GET_AUDPROC_INSTANCE_GAIN_DEP_STEP_TABLE, vol index 15
02-08 18:31:09.295   745  5177 D         : Failed to fetch the lookup information of the device 0000000F 
02-08 18:31:09.295   745  5177 D ACDB-LOADER: Error: ACDB AudProc vol returned = -19
02-08 18:31:09.295   745  5177 D ACDB-LOADER: ACDB -> AUDIO_SET_VOL_CAL cal type = 40
02-08 18:31:09.298   883  1355 W TrackingService: attachClient: found client in attached list
02-08 18:31:09.299  2024  3018 I PerformanceManager_V0: SetClockLevels: Apply pending clock request change: -1,-1 -> 2,2
02-08 18:31:09.299  2024  3014 I Clocks  : LockClocks( cpu=2, gpu=2 ) - start
02-08 18:31:09.300   883  1355 D TrackingService: getSharedMemory: com.oculus.xrstreamingclient, Controller
02-08 18:31:09.300  5501  9408 I InputDevice_TrackedRemote: REMOTE: Hand=2 IndexAnalog=0.00 GripAnalog=0.00 Buttons=0x00000000
02-08 18:31:09.300  5501  9408 I InputDevice_TrackedRemote: REMOTE: Hand=1 IndexAnalog=0.00 GripAnalog=0.00 Buttons=0x00000000
02-08 18:31:09.301  1029  1061 W ActivityManager: Skipping broadcast of Intent { act=com.oculus.intent.action.PRIVACY_INDICATORS_UPDATE flg=0x10 pkg=com.oculus.systemux (has extras) }: user 10033 and its parent (if any) are stopped
02-08 18:31:09.301  2024  3014 I Clocks  : CPU levels [0, 7]
02-08 18:31:09.301  2024  3014 I Clocks  : GPU levels [0, 5]
02-08 18:31:09.302  2024  3014 I Clocks  : LockClocks( cpu=2, gpu=2 ) - end (3.2 ms)
02-08 18:31:09.303  2149  2657 E OVRMediaServiceManager: LivestreamingManager Not initialized
02-08 18:31:09.304  3835  3880 I [OAO] ShellOverlayApp: 0xc7b2ab28 msg: overlayCommand:
02-08 18:31:09.304  3835  3880 I [OAO] ShellOverlayApp: command = topActivityChanged
02-08 18:31:09.304  3835  3880 I [OAO] ShellOverlayApp: topActivity = com.oculus.xrstreamingclient
02-08 18:31:09.304  3835  3880 I [OAO] ShellOverlayApp: Process_OverlayCommand command : topActivityChanged
02-08 18:31:09.304  3835  3880 I [OAO] ShellOverlayApp: Process_OverlayCommand unknown command received: topActivityChanged
02-08 18:31:09.304  3835  3880 I [OAO] ShellOverlayApp: 0xc7b2ab28 msg: overlayCommand:
02-08 18:31:09.304  3835  3880 I [OAO] ShellOverlayApp: command = primaryPackageChanged
02-08 18:31:09.304  3835  3880 I [OAO] ShellOverlayApp: Process_OverlayCommand command : primaryPackageChanged
02-08 18:31:09.304  3835  3880 I [OAO] ShellOverlayApp: UpdatePrimaryPackage forceSilentUpdate:0
02-08 18:31:09.304  3835  3880 I [OAO] ShellOverlayApp: UpdatePrimaryPackage Requested for PackageName:com.oculus.xrstreamingclient
02-08 18:31:09.304  3835  3880 I [OAO] OverlayFlowController: OnPrimaryPackageChange primaryPackage:com.oculus.xrstreamingclient immersiveAppChanged:0 forceSilentUpdate:0
02-08 18:31:09.304  3687  3687 W OVRLibrary: null cursor received for query content://com.oculus.ocms.library/apps/com.YourCompany.PrototypeV4
